TN:
SF:app/client-layout.tsx
FN:39,ClientLayout
FNF:1
FNH:0
FNDA:0,ClientLayout
DA:30,0
DA:31,0
DA:32,0
DA:33,0
DA:39,0
DA:40,0
DA:42,0
LF:7
LH:0
BRDA:42,0,0,0
BRF:1
BRH:0
end_of_record
TN:
SF:app/layout.tsx
FN:42,RootLayout
FNF:1
FNH:0
FNDA:0,RootLayout
DA:29,0
DA:30,0
DA:31,0
DA:32,0
DA:33,0
DA:35,0
DA:37,0
DA:42,0
LF:8
LH:0
BRF:0
BRH:0
end_of_record
TN:
SF:app/page.tsx
FN:30,HomePage
FNF:1
FNH:1
FNDA:1,HomePage
DA:28,1
DA:30,1
DA:32,1
LF:3
LH:3
BRF:0
BRH:0
end_of_record
TN:
SF:app/api/assets/route.ts
FN:39,getCacheDurationFromSettings
FN:52,getDatabaseUserId
FN:81,GET
FN:257,(anonymous_7)
FN:301,POST
FN:465,PUT
FNF:6
FNH:3
FNDA:4,getCacheDurationFromSettings
FNDA:0,getDatabaseUserId
FNDA:6,GET
FNDA:0,(anonymous_7)
FNDA:1,POST
FNDA:0,PUT
DA:4,1
DA:16,1
DA:17,1
DA:18,1
DA:20,1
DA:21,1
DA:22,1
DA:26,1
DA:36,1
DA:40,4
DA:41,4
DA:42,0
DA:43,0
DA:48,4
DA:55,0
DA:56,0
DA:57,0
DA:58,0
DA:61,0
DA:62,0
DA:68,0
DA:69,0
DA:70,0
DA:71,0
DA:73,0
DA:74,0
DA:81,6
DA:83,6
DA:85,6
DA:86,6
DA:87,2
DA:88,2
DA:89,1
DA:90,1
DA:95,1
DA:97,1
DA:100,1
DA:101,1
DA:106,0
DA:111,0
DA:117,4
DA:118,4
DA:119,4
DA:120,4
DA:122,4
DA:123,4
DA:124,4
DA:125,4
DA:126,0
DA:128,0
DA:132,4
DA:133,4
DA:134,4
DA:135,4
DA:136,4
DA:137,4
DA:138,4
DA:139,4
DA:140,4
DA:141,4
DA:143,4
DA:157,4
DA:160,4
DA:163,4
DA:164,1
DA:173,4
DA:174,0
DA:183,4
DA:184,0
DA:192,4
DA:193,0
DA:196,4
DA:197,0
DA:198,0
DA:200,0
DA:204,4
DA:205,0
DA:211,0
DA:215,0
DA:216,0
DA:219,0
DA:223,4
DA:228,0
DA:230,0
DA:231,0
DA:234,0
DA:243,0
DA:252,0
DA:254,0
DA:257,0
DA:273,0
DA:278,0
DA:280,4
DA:285,4
DA:301,1
DA:303,1
DA:304,1
DA:305,0
DA:310,0
DA:311,0
DA:312,0
DA:314,0
DA:327,0
DA:330,0
DA:338,0
DA:350,0
DA:351,0
DA:362,0
DA:368,0
DA:369,0
DA:380,0
DA:385,0
DA:386,0
DA:397,0
DA:416,0
DA:417,0
DA:418,0
DA:419,0
DA:421,0
DA:427,0
DA:430,0
DA:439,0
DA:447,0
DA:449,0
DA:450,0
DA:465,0
DA:467,0
DA:468,0
DA:469,0
DA:474,0
DA:475,0
DA:476,0
DA:478,0
DA:484,0
DA:487,0
DA:488,0
DA:498,0
DA:499,0
DA:511,0
DA:512,0
DA:523,0
DA:528,0
DA:529,0
DA:540,0
DA:542,0
DA:543,0
DA:544,0
DA:545,0
DA:555,0
DA:558,0
DA:559,0
DA:560,0
DA:562,0
DA:563,0
DA:574,0
DA:579,0
DA:580,0
DA:586,0
DA:593,0
DA:596,0
DA:597,0
DA:601,0
DA:604,0
DA:605,0
DA:606,0
DA:607,0
DA:610,0
DA:612,0
DA:613,0
DA:619,0
DA:622,0
DA:632,0
DA:642,0
DA:644,0
DA:645,0
LF:175
LH:58
BRDA:42,0,0,0
BRDA:42,1,0,0
BRDA:42,1,1,0
BRDA:56,2,0,0
BRDA:69,3,0,0
BRDA:86,4,0,2
BRDA:88,5,0,1
BRDA:108,6,0,0
BRDA:108,6,1,0
BRDA:120,7,0,4
BRDA:120,7,1,2
BRDA:125,8,0,0
BRDA:125,9,0,4
BRDA:125,9,1,0
BRDA:132,10,0,4
BRDA:132,10,1,3
BRDA:133,11,0,4
BRDA:133,11,1,4
BRDA:134,12,0,4
BRDA:134,12,1,4
BRDA:135,13,0,4
BRDA:135,13,1,4
BRDA:136,14,0,4
BRDA:136,14,1,4
BRDA:137,15,0,4
BRDA:137,15,1,3
BRDA:138,16,0,4
BRDA:138,16,1,3
BRDA:139,17,0,4
BRDA:139,17,1,4
BRDA:140,18,0,4
BRDA:140,18,1,4
BRDA:141,19,0,4
BRDA:141,19,1,4
BRDA:163,20,0,1
BRDA:163,21,0,4
BRDA:163,21,1,4
BRDA:173,22,0,0
BRDA:173,23,0,4
BRDA:173,23,1,4
BRDA:183,24,0,0
BRDA:183,25,0,4
BRDA:183,25,1,4
BRDA:192,26,0,0
BRDA:196,27,0,0
BRDA:197,28,0,0
BRDA:197,28,1,0
BRDA:204,29,0,0
BRDA:215,30,0,0
BRDA:230,31,0,0
BRDA:230,31,1,0
BRDA:245,32,0,0
BRDA:245,32,1,0
BRDA:259,33,0,0
BRDA:259,33,1,0
BRDA:282,34,0,4
BRDA:282,34,1,0
BRDA:289,35,0,4
BRDA:289,35,1,0
BRDA:304,36,0,0
BRDA:304,37,0,1
BRDA:304,37,1,0
BRDA:306,38,0,0
BRDA:306,38,1,0
BRDA:322,39,0,0
BRDA:330,40,0,0
BRDA:331,41,0,0
BRDA:331,41,1,0
BRDA:331,41,2,0
BRDA:331,41,3,0
BRDA:331,41,4,0
BRDA:331,41,5,0
BRDA:350,42,0,0
BRDA:368,43,0,0
BRDA:385,44,0,0
BRDA:411,45,0,0
BRDA:411,45,1,0
BRDA:412,46,0,0
BRDA:412,46,1,0
BRDA:413,47,0,0
BRDA:413,47,1,0
BRDA:454,48,0,0
BRDA:454,48,1,0
BRDA:468,49,0,0
BRDA:468,50,0,0
BRDA:468,50,1,0
BRDA:470,51,0,0
BRDA:470,51,1,0
BRDA:483,52,0,0
BRDA:487,53,0,0
BRDA:487,54,0,0
BRDA:487,54,1,0
BRDA:487,54,2,0
BRDA:498,55,0,0
BRDA:511,56,0,0
BRDA:511,57,0,0
BRDA:511,57,1,0
BRDA:528,58,0,0
BRDA:540,59,0,0
BRDA:540,59,1,0
BRDA:540,59,2,0
BRDA:543,60,0,0
BRDA:610,61,0,0
BRDA:612,62,0,0
BRDA:649,63,0,0
BRDA:649,63,1,0
BRF:106
BRH:35
end_of_record
TN:
SF:app/api/assets/[assetNumber]/route.ts
FN:22,GET
FN:121,PATCH
FN:196,DELETE
FNF:3
FNH:1
FNDA:7,GET
FNDA:0,PATCH
FNDA:0,DELETE
DA:4,1
DA:5,1
DA:11,1
DA:12,1
DA:16,1
DA:22,7
DA:27,7
DA:28,7
DA:30,7
DA:31,7
DA:33,7
DA:34,1
DA:37,1
DA:44,6
DA:58,4
DA:60,3
DA:62,3
DA:69,3
DA:74,3
DA:75,3
DA:79,1
DA:83,1
DA:84,0
DA:86,0
DA:93,0
DA:96,0
DA:100,1
DA:103,1
DA:105,2
DA:110,2
DA:121,0
DA:126,0
DA:127,0
DA:129,0
DA:130,0
DA:131,0
DA:132,0
DA:135,0
DA:140,0
DA:142,0
DA:154,0
DA:155,0
DA:156,0
DA:157,0
DA:160,0
DA:161,0
DA:165,0
DA:170,0
DA:175,0
DA:176,0
DA:179,0
DA:181,0
DA:182,0
DA:184,0
DA:189,0
DA:196,0
DA:201,0
DA:202,0
DA:204,0
DA:205,0
DA:206,0
DA:207,0
DA:210,0
DA:216,0
DA:221,0
DA:222,0
DA:225,0
DA:227,0
DA:228,0
DA:230,0
DA:235,0
LF:71
LH:26
BRDA:33,0,0,1
BRDA:58,1,0,3
BRDA:71,2,0,3
BRDA:71,2,1,3
BRDA:83,3,0,0
BRDA:107,4,0,1
BRDA:107,4,1,1
BRDA:114,5,0,1
BRDA:114,5,1,1
BRDA:131,6,0,0
BRDA:156,7,0,0
BRDA:156,8,0,0
BRDA:156,8,1,0
BRDA:160,9,0,0
BRDA:175,10,0,0
BRDA:186,11,0,0
BRDA:186,11,1,0
BRDA:206,12,0,0
BRDA:221,13,0,0
BRDA:232,14,0,0
BRDA:232,14,1,0
BRF:21
BRH:8
end_of_record
TN:
SF:app/api/assets/[assetNumber]/assign/route.ts
FN:15,POST
FNF:1
FNH:0
FNDA:0,POST
DA:4,0
DA:5,0
DA:6,0
DA:7,0
DA:8,0
DA:9,0
DA:15,0
DA:19,0
DA:21,0
DA:23,0
DA:24,0
DA:25,0
DA:26,0
DA:28,0
DA:31,0
DA:32,0
DA:34,0
DA:35,0
DA:36,0
DA:43,0
DA:44,0
DA:46,0
DA:47,0
DA:48,0
DA:67,0
DA:68,0
DA:71,0
DA:77,0
DA:80,0
DA:81,0
DA:85,0
DA:92,0
DA:97,0
DA:98,0
DA:99,0
DA:103,0
DA:113,0
DA:114,0
DA:115,0
DA:122,0
DA:134,0
DA:140,0
DA:146,0
DA:151,0
LF:44
LH:0
BRDA:24,0,0,0
BRDA:24,1,0,0
BRDA:24,1,1,0
BRDA:26,2,0,0
BRDA:26,2,1,0
BRDA:34,3,0,0
BRDA:46,4,0,0
BRDA:67,5,0,0
BRDA:80,6,0,0
BRDA:97,7,0,0
BRDA:113,8,0,0
BRDA:148,9,0,0
BRDA:148,9,1,0
BRDA:155,10,0,0
BRDA:155,10,1,0
BRF:15
BRH:0
end_of_record
TN:
SF:app/api/assets/[assetNumber]/history/route.ts
FN:8,GET
FNF:1
FNH:0
FNDA:0,GET
DA:2,0
DA:3,0
DA:4,0
DA:5,0
DA:6,0
DA:8,0
DA:13,0
DA:14,0
DA:15,0
DA:16,0
DA:17,0
DA:18,0
DA:21,0
DA:27,0
DA:31,0
DA:32,0
DA:36,0
DA:38,0
DA:40,0
DA:53,0
DA:57,0
DA:59,0
DA:64,0
LF:23
LH:0
BRDA:17,0,0,0
BRDA:31,1,0,0
BRDA:61,2,0,0
BRDA:61,2,1,0
BRDA:68,3,0,0
BRDA:68,3,1,0
BRF:6
BRH:0
end_of_record
TN:
SF:app/api/assets/available/route.ts
FN:21,GET
FN:63,(anonymous_4)
FN:119,OPTIONS
FNF:3
FNH:2
FNDA:9,GET
FNDA:6,(anonymous_4)
FNDA:0,OPTIONS
DA:4,1
DA:5,1
DA:6,1
DA:7,1
DA:8,1
DA:11,1
DA:21,9
DA:22,9
DA:24,9
DA:26,9
DA:27,9
DA:28,2
DA:29,2
DA:36,7
DA:60,5
DA:63,5
DA:64,6
DA:65,5
DA:67,6
DA:77,6
DA:89,5
DA:99,2
DA:105,2
DA:119,0
DA:120,0
LF:25
LH:23
BRDA:27,0,0,2
BRDA:27,1,0,9
BRDA:27,1,1,7
BRDA:30,2,0,2
BRDA:30,2,1,0
BRDA:64,3,0,5
BRDA:73,4,0,6
BRDA:73,4,1,1
BRDA:101,5,0,1
BRDA:101,5,1,1
BRDA:109,6,0,1
BRDA:109,6,1,1
BRF:12
BRH:11
end_of_record
TN:
SF:app/api/assets/building-by-type/route.ts
FN:12,GET
FN:42,(anonymous_2)
FNF:2
FNH:0
FNDA:0,GET
FNDA:0,(anonymous_2)
DA:4,0
DA:5,0
DA:6,0
DA:7,0
DA:8,0
DA:9,0
DA:12,0
DA:14,0
DA:15,0
DA:17,0
DA:18,0
DA:21,0
DA:26,0
DA:35,0
DA:36,0
DA:37,0
DA:38,0
DA:42,0
DA:47,0
DA:49,0
DA:51,0
DA:56,0
LF:22
LH:0
BRDA:15,0,0,0
BRDA:37,1,0,0
BRDA:37,1,1,0
BRDA:38,2,0,0
BRDA:38,2,1,0
BRDA:44,3,0,0
BRDA:44,3,1,0
BRDA:53,4,0,0
BRDA:53,4,1,0
BRF:9
BRH:0
end_of_record
TN:
SF:app/api/assets/export/route.ts
FN:28,safeIlike
FN:32,POST
FN:112,(anonymous_3)
FNF:3
FNH:0
FNDA:0,safeIlike
FNDA:0,POST
FNDA:0,(anonymous_3)
DA:5,0
DA:6,0
DA:7,0
DA:12,0
DA:13,0
DA:16,0
DA:29,0
DA:32,0
DA:34,0
DA:35,0
DA:45,0
DA:47,0
DA:58,0
DA:60,0
DA:61,0
DA:62,0
DA:63,0
DA:64,0
DA:66,0
DA:67,0
DA:69,0
DA:70,0
DA:72,0
DA:73,0
DA:75,0
DA:76,0
DA:78,0
DA:79,0
DA:80,0
DA:82,0
DA:85,0
DA:86,0
DA:87,0
DA:88,0
DA:89,0
DA:93,0
DA:94,0
DA:95,0
DA:96,0
DA:97,0
DA:98,0
DA:100,0
DA:105,0
DA:112,0
DA:124,0
DA:125,0
DA:127,0
DA:131,0
DA:136,0
DA:148,0
DA:152,0
DA:159,0
DA:160,0
DA:169,0
DA:174,0
LF:55
LH:0
BRDA:29,0,0,0
BRDA:29,0,1,0
BRDA:38,1,0,0
BRDA:39,2,0,0
BRDA:40,3,0,0
BRDA:41,4,0,0
BRDA:42,5,0,0
BRDA:43,6,0,0
BRDA:44,7,0,0
BRDA:66,8,0,0
BRDA:69,9,0,0
BRDA:72,10,0,0
BRDA:75,11,0,0
BRDA:78,12,0,0
BRDA:79,13,0,0
BRDA:79,13,1,0
BRDA:85,14,0,0
BRDA:88,15,0,0
BRDA:93,16,0,0
BRDA:95,17,0,0
BRDA:96,18,0,0
BRDA:96,18,1,0
BRDA:98,19,0,0
BRDA:117,20,0,0
BRDA:117,20,1,0
BRDA:118,21,0,0
BRDA:118,21,1,0
BRDA:120,22,0,0
BRDA:120,22,1,0
BRDA:125,23,0,0
BRDA:125,23,1,0
BRDA:171,24,0,0
BRDA:171,24,1,0
BRF:33
BRH:0
end_of_record
TN:
SF:app/api/assets/ready-to-go-by-type/route.ts
FN:12,GET
FN:41,(anonymous_2)
FNF:2
FNH:0
FNDA:0,GET
FNDA:0,(anonymous_2)
DA:4,0
DA:5,0
DA:6,0
DA:7,0
DA:8,0
DA:9,0
DA:12,0
DA:14,0
DA:15,0
DA:17,0
DA:18,0
DA:21,0
DA:26,0
DA:35,0
DA:36,0
DA:37,0
DA:41,0
DA:46,0
DA:48,0
DA:50,0
DA:55,0
LF:21
LH:0
BRDA:15,0,0,0
BRDA:37,1,0,0
BRDA:37,1,1,0
BRDA:43,2,0,0
BRDA:43,2,1,0
BRDA:52,3,0,0
BRDA:52,3,1,0
BRF:7
BRH:0
end_of_record
TN:
SF:app/api/dashboard/route.ts
FN:12,GET
FNF:1
FNH:1
FNDA:4,GET
DA:4,1
DA:5,1
DA:6,1
DA:12,4
DA:14,4
DA:16,4
DA:17,4
DA:18,4
DA:19,2
DA:20,2
DA:22,2
DA:27,2
LF:12
LH:12
BRDA:24,0,0,1
BRDA:24,0,1,1
BRDA:31,1,0,1
BRDA:31,1,1,1
BRF:4
BRH:4
end_of_record
TN:
SF:app/api/debug-assets/route.ts
FN:9,GET
FN:36,(anonymous_2)
FN:46,(anonymous_3)
FN:49,(anonymous_4)
FNF:4
FNH:0
FNDA:0,GET
FNDA:0,(anonymous_2)
FNDA:0,(anonymous_3)
FNDA:0,(anonymous_4)
DA:4,0
DA:5,0
DA:6,0
DA:7,0
DA:9,0
DA:10,0
DA:12,0
DA:13,0
DA:14,0
DA:21,0
DA:36,0
DA:37,0
DA:38,0
DA:39,0
DA:41,0
DA:42,0
DA:46,0
DA:49,0
DA:59,0
DA:66,0
DA:71,0
LF:21
LH:0
BRDA:13,0,0,0
BRDA:13,1,0,0
BRDA:13,1,1,0
BRDA:15,2,0,0
BRDA:15,2,1,0
BRDA:38,3,0,0
BRDA:68,4,0,0
BRDA:68,4,1,0
BRDA:75,5,0,0
BRDA:75,5,1,0
BRF:10
BRH:0
end_of_record
TN:
SF:app/api/debug-db/route.ts
FN:8,GET
FNF:1
FNH:0
FNDA:0,GET
DA:4,0
DA:5,0
DA:6,0
DA:8,0
DA:9,0
DA:10,0
DA:13,0
DA:15,0
DA:17,0
DA:23,0
DA:24,0
LF:11
LH:0
BRDA:20,0,0,0
BRDA:20,0,1,0
BRDA:27,1,0,0
BRDA:27,1,1,0
BRDA:28,2,0,0
BRDA:28,2,1,0
BRF:6
BRH:0
end_of_record
TN:
SF:app/api/debug-user/route.ts
FN:9,GET
FNF:1
FNH:0
FNDA:0,GET
DA:4,0
DA:5,0
DA:6,0
DA:7,0
DA:9,0
DA:10,0
DA:11,0
DA:12,0
DA:13,0
DA:18,0
DA:20,0
DA:27,0
DA:33,0
DA:35,0
DA:46,0
DA:47,0
LF:16
LH:0
BRDA:12,0,0,0
BRDA:12,1,0,0
BRDA:12,1,1,0
BRDA:14,2,0,0
BRDA:14,2,1,0
BRDA:30,3,0,0
BRDA:30,3,1,0
BRDA:42,4,0,0
BRDA:42,4,1,0
BRDA:50,5,0,0
BRDA:50,5,1,0
BRF:11
BRH:0
end_of_record
TN:
SF:app/api/debug-users/route.ts
FN:7,GET
FNF:1
FNH:0
FNDA:0,GET
DA:4,0
DA:5,0
DA:7,0
DA:8,0
DA:10,0
DA:22,0
DA:24,0
DA:30,0
DA:31,0
LF:9
LH:0
BRDA:34,0,0,0
BRDA:34,0,1,0
BRF:2
BRH:0
end_of_record
TN:
SF:app/api/departments/route.ts
FN:9,GET
FN:22,(anonymous_2)
FN:27,(anonymous_3)
FNF:3
FNH:3
FNDA:8,GET
FNDA:17,(anonymous_2)
FNDA:13,(anonymous_3)
DA:4,1
DA:5,1
DA:6,1
DA:7,1
DA:9,8
DA:11,8
DA:12,8
DA:14,8
DA:20,6
DA:21,6
DA:23,17
DA:24,13
DA:25,13
DA:27,13
DA:30,6
DA:32,6
DA:34,2
DA:39,2
LF:18
LH:18
BRDA:23,0,0,4
BRDA:23,1,0,17
BRDA:23,1,1,16
BRDA:36,2,0,1
BRDA:36,2,1,1
BRF:5
BRH:5
end_of_record
TN:
SF:app/api/holding-assets/route.ts
FN:8,GET
FNF:1
FNH:1
FNDA:8,GET
DA:2,1
DA:3,1
DA:4,1
DA:5,1
DA:6,1
DA:8,8
DA:10,8
DA:12,8
DA:14,8
DA:15,8
DA:17,6
DA:19,6
DA:20,4
DA:21,4
DA:23,2
DA:28,2
LF:16
LH:16
BRDA:15,0,0,2
BRDA:25,1,0,1
BRDA:25,1,1,1
BRF:3
BRH:3
end_of_record
TN:
SF:app/api/holding-assets/assign/route.ts
FN:15,getDatabaseUserId
FN:36,POST
FN:132,(anonymous_3)
FNF:3
FNH:0
FNDA:0,getDatabaseUserId
FNDA:0,POST
FNDA:0,(anonymous_3)
DA:2,0
DA:9,0
DA:10,0
DA:11,0
DA:12,0
DA:18,0
DA:19,0
DA:22,0
DA:28,0
DA:29,0
DA:31,0
DA:36,0
DA:38,0
DA:39,0
DA:40,0
DA:45,0
DA:48,0
DA:49,0
DA:50,0
DA:51,0
DA:59,0
DA:60,0
DA:62,0
DA:63,0
DA:73,0
DA:80,0
DA:81,0
DA:82,0
DA:88,0
DA:93,0
DA:94,0
DA:97,0
DA:103,0
DA:108,0
DA:109,0
DA:112,0
DA:117,0
DA:122,0
DA:123,0
DA:126,0
DA:132,0
DA:134,0
DA:150,0
DA:151,0
DA:153,0
DA:168,0
DA:171,0
DA:173,0
DA:176,0
DA:182,0
DA:187,0
DA:188,0
DA:192,0
DA:196,0
DA:201,0
DA:204,0
LF:56
LH:0
BRDA:18,0,0,0
BRDA:28,1,0,0
BRDA:39,2,0,0
BRDA:39,3,0,0
BRDA:39,3,1,0
BRDA:41,4,0,0
BRDA:41,4,1,0
BRDA:80,5,0,0
BRDA:80,6,0,0
BRDA:80,6,1,0
BRDA:93,7,0,0
BRDA:108,8,0,0
BRDA:122,9,0,0
BRDA:187,10,0,0
BRDA:202,11,0,0
BRDA:202,11,1,0
BRDA:208,12,0,0
BRDA:208,12,1,0
BRF:18
BRH:0
end_of_record
TN:
SF:app/api/import/route.ts
FN:19,parseCsvBuffer
FN:28,parseXlsxBuffer
FN:36,isBlobLike
FN:45,POST
FN:163,(anonymous_8)
FN:167,(anonymous_9)
FN:170,(anonymous_10)
FN:171,(anonymous_11)
FNF:8
FNH:1
FNDA:0,parseCsvBuffer
FNDA:0,parseXlsxBuffer
FNDA:0,isBlobLike
FNDA:27,POST
FNDA:0,(anonymous_8)
FNDA:0,(anonymous_9)
FNDA:0,(anonymous_10)
FNDA:0,(anonymous_11)
DA:6,1
DA:7,1
DA:8,1
DA:12,1
DA:14,1
DA:15,1
DA:16,1
DA:20,0
DA:29,0
DA:30,0
DA:31,0
DA:32,0
DA:37,0
DA:45,27
DA:47,27
DA:48,27
DA:49,0
DA:55,0
DA:56,0
DA:58,0
DA:59,0
DA:60,0
DA:61,0
DA:64,0
DA:70,0
DA:71,0
DA:72,0
DA:78,0
DA:84,0
DA:85,0
DA:92,0
DA:93,0
DA:95,0
DA:96,0
DA:97,0
DA:98,0
DA:99,0
DA:100,0
DA:102,0
DA:103,0
DA:110,0
DA:112,0
DA:113,0
DA:114,0
DA:115,0
DA:116,0
DA:119,0
DA:121,0
DA:122,0
DA:123,0
DA:124,0
DA:126,0
DA:129,0
DA:134,0
DA:138,0
DA:139,0
DA:140,0
DA:152,0
DA:153,0
DA:154,0
DA:157,0
DA:158,0
DA:159,0
DA:163,0
DA:166,0
DA:167,0
DA:169,0
DA:170,0
DA:171,0
DA:172,0
DA:173,0
DA:177,0
DA:178,0
DA:181,0
DA:194,0
DA:195,0
DA:199,0
DA:200,0
DA:210,0
DA:211,0
DA:216,0
DA:219,0
LF:82
LH:10
BRDA:38,0,0,0
BRDA:38,0,1,0
BRDA:38,0,2,0
BRDA:38,0,3,0
BRDA:48,1,0,0
BRDA:48,2,0,27
BRDA:48,2,1,27
BRDA:50,3,0,0
BRDA:50,3,1,0
BRDA:67,4,0,0
BRDA:67,4,1,0
BRDA:70,5,0,0
BRDA:78,6,0,0
BRDA:79,7,0,0
BRDA:79,7,1,0
BRDA:79,7,2,0
BRDA:79,7,3,0
BRDA:95,8,0,0
BRDA:95,8,1,0
BRDA:98,9,0,0
BRDA:98,9,1,0
BRDA:110,10,0,0
BRDA:110,11,0,0
BRDA:110,11,1,0
BRDA:119,12,0,0
BRDA:126,13,0,0
BRDA:129,14,0,0
BRDA:129,14,1,0
BRDA:129,14,2,0
BRDA:129,14,3,0
BRDA:134,15,0,0
BRDA:134,15,1,0
BRDA:134,15,2,0
BRDA:134,15,3,0
BRDA:138,16,0,0
BRDA:138,17,0,0
BRDA:138,17,1,0
BRDA:143,18,0,0
BRDA:143,18,1,0
BRDA:148,19,0,0
BRDA:148,19,1,0
BRDA:152,20,0,0
BRDA:158,21,0,0
BRDA:172,22,0,0
BRDA:177,23,0,0
BRDA:199,24,0,0
BRDA:217,25,0,0
BRDA:217,25,1,0
BRF:48
BRH:2
end_of_record
TN:
SF:app/api/locations/route.ts
FN:20,GET
FN:90,(anonymous_6)
FN:128,OPTIONS
FN:133,POST
FNF:4
FNH:2
FNDA:10,GET
FNDA:10,(anonymous_6)
FNDA:0,OPTIONS
FNDA:0,POST
DA:4,1
DA:5,1
DA:6,1
DA:7,1
DA:8,1
DA:11,1
DA:14,1
DA:20,10
DA:22,10
DA:23,10
DA:24,10
DA:25,10
DA:26,10
DA:27,10
DA:28,10
DA:29,10
DA:31,10
DA:38,10
DA:40,10
DA:42,10
DA:43,3
DA:44,2
DA:45,1
DA:46,1
DA:50,10
DA:51,1
DA:52,9
DA:53,2
DA:57,10
DA:58,10
DA:59,5
DA:66,5
DA:68,7
DA:72,7
DA:73,5
DA:81,2
DA:90,10
DA:94,7
DA:95,7
DA:111,3
DA:116,3
DA:128,0
DA:129,0
DA:133,0
DA:134,0
DA:135,0
DA:138,0
DA:139,0
DA:141,0
DA:142,0
DA:143,0
DA:148,0
DA:149,0
DA:152,0
DA:153,0
DA:154,0
DA:155,0
DA:156,0
DA:157,0
DA:158,0
DA:161,0
DA:162,0
DA:165,0
DA:172,0
DA:176,0
DA:177,0
DA:180,0
DA:187,0
DA:196,0
DA:197,0
DA:202,0
DA:207,0
LF:72
LH:41
BRDA:28,0,0,10
BRDA:28,0,1,8
BRDA:29,1,0,10
BRDA:29,1,1,8
BRDA:42,2,0,3
BRDA:42,3,0,10
BRDA:42,3,1,3
BRDA:43,4,0,2
BRDA:43,4,1,1
BRDA:45,5,0,1
BRDA:50,6,0,1
BRDA:50,6,1,9
BRDA:50,7,0,10
BRDA:50,7,1,1
BRDA:52,8,0,2
BRDA:58,9,0,5
BRDA:58,9,1,5
BRDA:72,10,0,5
BRDA:72,10,1,2
BRDA:113,11,0,3
BRDA:113,11,1,0
BRDA:120,12,0,3
BRDA:120,12,1,0
BRDA:141,13,0,0
BRDA:141,14,0,0
BRDA:141,14,1,0
BRDA:144,15,0,0
BRDA:144,15,1,0
BRDA:161,16,0,0
BRDA:161,17,0,0
BRDA:161,17,1,0
BRDA:176,18,0,0
BRDA:191,19,0,0
BRDA:191,19,1,0
BRDA:192,20,0,0
BRDA:192,20,1,0
BRDA:204,21,0,0
BRDA:204,21,1,0
BRDA:211,22,0,0
BRDA:211,22,1,0
BRF:40
BRH:21
end_of_record
TN:
SF:app/api/locations/[id]/route.ts
FN:15,GET
FN:58,PUT
FN:137,DELETE
FN:184,OPTIONS
FNF:4
FNH:0
FNDA:0,GET
FNDA:0,PUT
FNDA:0,DELETE
FNDA:0,OPTIONS
DA:4,0
DA:5,0
DA:6,0
DA:7,0
DA:9,0
DA:15,0
DA:20,0
DA:21,0
DA:23,0
DA:24,0
DA:25,0
DA:29,0
DA:30,0
DA:31,0
DA:36,0
DA:37,0
DA:42,0
DA:47,0
DA:58,0
DA:63,0
DA:64,0
DA:65,0
DA:66,0
DA:67,0
DA:68,0
DA:70,0
DA:71,0
DA:75,0
DA:81,0
DA:85,0
DA:86,0
DA:90,0
DA:96,0
DA:105,0
DA:106,0
DA:110,0
DA:115,0
DA:116,0
DA:121,0
DA:126,0
DA:137,0
DA:142,0
DA:143,0
DA:144,0
DA:145,0
DA:147,0
DA:152,0
DA:153,0
DA:157,0
DA:162,0
DA:163,0
DA:168,0
DA:173,0
DA:184,0
DA:185,0
LF:55
LH:0
BRDA:29,0,0,0
BRDA:44,1,0,0
BRDA:44,1,1,0
BRDA:51,2,0,0
BRDA:51,2,1,0
BRDA:70,3,0,0
BRDA:70,4,0,0
BRDA:70,4,1,0
BRDA:85,5,0,0
BRDA:85,6,0,0
BRDA:85,6,1,0
BRDA:100,7,0,0
BRDA:100,7,1,0
BRDA:101,8,0,0
BRDA:101,8,1,0
BRDA:105,9,0,0
BRDA:123,10,0,0
BRDA:123,10,1,0
BRDA:130,11,0,0
BRDA:130,11,1,0
BRDA:152,12,0,0
BRDA:170,13,0,0
BRDA:170,13,1,0
BRDA:177,14,0,0
BRDA:177,14,1,0
BRF:25
BRH:0
end_of_record
TN:
SF:app/api/locations/[id]/assignments/route.ts
FN:9,GET
FNF:1
FNH:0
FNDA:0,GET
DA:4,0
DA:5,0
DA:6,0
DA:7,0
DA:9,0
DA:14,0
DA:15,0
DA:16,0
DA:19,0
DA:20,0
DA:21,0
DA:22,0
DA:23,0
DA:24,0
DA:25,0
DA:26,0
DA:28,0
DA:32,0
DA:36,0
DA:37,0
DA:39,0
DA:46,0
DA:52,0
DA:64,0
DA:66,0
LF:25
LH:0
BRDA:15,0,0,0
BRDA:20,1,0,0
BRDA:20,1,1,0
BRDA:21,2,0,0
BRDA:21,2,1,0
BRDA:22,3,0,0
BRDA:22,3,1,0
BRDA:23,4,0,0
BRDA:23,4,1,0
BRDA:36,5,0,0
BRDA:36,5,1,0
BRDA:37,6,0,0
BRDA:37,6,1,0
BRDA:68,7,0,0
BRDA:68,7,1,0
BRDA:69,8,0,0
BRDA:69,8,1,0
BRF:17
BRH:0
end_of_record
TN:
SF:app/api/locations/export/route.ts
FN:25,GET
FN:58,(anonymous_5)
FN:98,POST
FN:129,(anonymous_7)
FNF:4
FNH:0
FNDA:0,GET
FNDA:0,(anonymous_5)
FNDA:0,POST
FNDA:0,(anonymous_7)
DA:4,0
DA:5,0
DA:6,0
DA:11,0
DA:12,0
DA:14,0
DA:17,0
DA:25,0
DA:26,0
DA:27,0
DA:28,0
DA:29,0
DA:30,0
DA:32,0
DA:33,0
DA:34,0
DA:35,0
DA:36,0
DA:37,0
DA:40,0
DA:41,0
DA:45,0
DA:46,0
DA:52,0
DA:58,0
DA:69,0
DA:71,0
DA:75,0
DA:86,0
DA:91,0
DA:98,0
DA:100,0
DA:101,0
DA:103,0
DA:104,0
DA:105,0
DA:106,0
DA:107,0
DA:108,0
DA:111,0
DA:112,0
DA:116,0
DA:117,0
DA:123,0
DA:129,0
DA:140,0
DA:142,0
DA:149,0
DA:150,0
DA:159,0
DA:163,0
DA:174,0
DA:179,0
LF:53
LH:0
BRDA:33,0,0,0
BRDA:33,1,0,0
BRDA:33,1,1,0
BRDA:34,2,0,0
BRDA:34,2,1,0
BRDA:36,3,0,0
BRDA:40,4,0,0
BRDA:45,5,0,0
BRDA:45,5,1,0
BRDA:60,6,0,0
BRDA:60,6,1,0
BRDA:61,7,0,0
BRDA:61,7,1,0
BRDA:62,8,0,0
BRDA:62,8,1,0
BRDA:65,9,0,0
BRDA:65,9,1,0
BRDA:88,10,0,0
BRDA:88,10,1,0
BRDA:101,11,0,0
BRDA:104,12,0,0
BRDA:104,13,0,0
BRDA:104,13,1,0
BRDA:105,14,0,0
BRDA:105,14,1,0
BRDA:107,15,0,0
BRDA:111,16,0,0
BRDA:116,17,0,0
BRDA:116,17,1,0
BRDA:131,18,0,0
BRDA:131,18,1,0
BRDA:132,19,0,0
BRDA:132,19,1,0
BRDA:133,20,0,0
BRDA:133,20,1,0
BRDA:136,21,0,0
BRDA:136,21,1,0
BRDA:140,22,0,0
BRDA:176,23,0,0
BRDA:176,23,1,0
BRF:40
BRH:0
end_of_record
TN:
SF:app/api/reports/asset-inventory/summary/route.ts
FN:9,GET
FNF:1
FNH:0
FNDA:0,GET
DA:4,0
DA:5,0
DA:6,0
DA:7,0
DA:9,0
DA:11,0
DA:12,0
DA:14,0
DA:19,0
DA:20,0
DA:21,0
DA:24,0
DA:29,0
DA:30,0
DA:31,0
DA:34,0
DA:43,0
DA:44,0
DA:45,0
DA:48,0
DA:57,0
DA:58,0
DA:59,0
DA:63,0
DA:71,0
DA:72,0
DA:73,0
DA:75,0
DA:82,0
DA:90,0
DA:95,0
LF:31
LH:0
BRDA:92,0,0,0
BRDA:92,0,1,0
BRF:2
BRH:0
end_of_record
TN:
SF:app/api/reports/financial/summary/route.ts
FN:18,calculateDepreciatedValue
FN:46,GET
FN:88,(anonymous_3)
FN:97,(anonymous_4)
FNF:4
FNH:0
FNDA:0,calculateDepreciatedValue
FNDA:0,GET
FNDA:0,(anonymous_3)
FNDA:0,(anonymous_4)
DA:4,0
DA:5,0
DA:6,0
DA:7,0
DA:8,0
DA:26,0
DA:27,0
DA:28,0
DA:29,0
DA:31,0
DA:32,0
DA:33,0
DA:34,0
DA:37,0
DA:38,0
DA:39,0
DA:40,0
DA:42,0
DA:46,0
DA:48,0
DA:49,0
DA:51,0
DA:61,0
DA:62,0
DA:64,0
DA:65,0
DA:66,0
DA:67,0
DA:74,0
DA:75,0
DA:76,0
DA:77,0
DA:84,0
DA:85,0
DA:87,0
DA:90,0
DA:91,0
DA:97,0
DA:98,0
DA:100,0
DA:102,0
DA:106,0
DA:107,0
DA:108,0
DA:110,0
DA:112,0
DA:117,0
DA:125,0
DA:128,0
DA:129,0
DA:130,0
DA:131,0
DA:132,0
DA:134,0
DA:136,0
DA:141,0
DA:142,0
DA:150,0
DA:152,0
DA:154,0
DA:155,0
DA:157,0
DA:162,0
LF:63
LH:0
BRDA:26,0,0,0
BRDA:28,1,0,0
BRDA:29,2,0,0
BRDA:29,2,1,0
BRDA:34,3,0,0
BRDA:34,3,1,0
BRDA:39,4,0,0
BRDA:39,4,1,0
BRDA:42,5,0,0
BRDA:42,5,1,0
BRDA:62,6,0,0
BRDA:62,6,1,0
BRDA:67,7,0,0
BRDA:68,8,0,0
BRDA:68,8,1,0
BRDA:68,8,2,0
BRDA:68,8,3,0
BRDA:68,8,4,0
BRDA:75,9,0,0
BRDA:75,9,1,0
BRDA:76,10,0,0
BRDA:76,10,1,0
BRDA:78,11,0,0
BRDA:78,11,1,0
BRDA:78,12,0,0
BRDA:78,12,1,0
BRDA:90,13,0,0
BRDA:90,13,1,0
BRDA:91,14,0,0
BRDA:91,14,1,0
BRDA:91,15,0,0
BRDA:91,15,1,0
BRDA:91,15,2,0
BRDA:98,16,0,0
BRDA:98,16,1,0
BRDA:102,17,0,0
BRDA:102,17,1,0
BRDA:110,18,0,0
BRDA:110,18,1,0
BRDA:112,19,0,0
BRDA:112,19,1,0
BRDA:112,20,0,0
BRDA:112,20,1,0
BRDA:112,20,2,0
BRDA:125,21,0,0
BRDA:125,21,1,0
BRDA:134,22,0,0
BRDA:134,22,1,0
BRDA:136,23,0,0
BRDA:136,23,1,0
BRDA:136,24,0,0
BRDA:136,24,1,0
BRDA:136,24,2,0
BRDA:141,25,0,0
BRDA:159,26,0,0
BRDA:159,26,1,0
BRF:56
BRH:0
end_of_record
TN:
SF:app/api/search/route.ts
FN:21,GET
FN:83,(anonymous_2)
FN:101,(anonymous_3)
FNF:3
FNH:2
FNDA:8,GET
FNDA:1,(anonymous_2)
FNDA:0,(anonymous_3)
DA:4,1
DA:5,1
DA:12,1
DA:13,1
DA:15,1
DA:21,8
DA:23,8
DA:24,8
DA:25,8
DA:26,8
DA:28,8
DA:30,8
DA:31,3
DA:34,3
DA:40,5
DA:44,5
DA:82,1
DA:84,1
DA:92,1
DA:101,1
DA:108,1
DA:114,1
DA:120,1
DA:122,4
DA:127,4
LF:25
LH:25
BRDA:30,0,0,3
BRDA:30,1,0,8
BRDA:30,1,1,6
BRDA:30,1,2,6
BRDA:94,2,0,1
BRDA:94,2,1,1
BRDA:124,3,0,3
BRDA:124,3,1,1
BRDA:131,4,0,3
BRDA:131,4,1,1
BRF:10
BRH:10
end_of_record
TN:
SF:app/api/settings/route.ts
FN:10,GET
FN:42,PUT
FNF:2
FNH:1
FNDA:6,GET
FNDA:0,PUT
DA:4,1
DA:5,1
DA:6,1
DA:7,1
DA:10,6
DA:12,6
DA:13,6
DA:14,6
DA:15,4
DA:16,1
DA:17,1
DA:22,3
DA:24,3
DA:29,2
DA:34,2
DA:42,0
DA:44,0
DA:45,0
DA:46,0
DA:47,0
DA:48,0
DA:50,0
DA:51,0
DA:52,0
DA:53,0
DA:56,0
DA:64,0
DA:67,0
DA:68,0
DA:70,0
DA:71,0
DA:72,0
DA:77,0
DA:79,0
DA:80,0
DA:81,0
DA:86,0
DA:91,0
LF:38
LH:15
BRDA:15,0,0,1
BRDA:26,1,0,3
BRDA:26,1,1,1
BRDA:31,2,0,1
BRDA:31,2,1,1
BRDA:50,3,0,0
BRDA:52,4,0,0
BRDA:52,5,0,0
BRDA:52,5,1,0
BRDA:52,5,2,0
BRDA:67,6,0,0
BRDA:70,7,0,0
BRDA:83,8,0,0
BRDA:83,8,1,0
BRDA:88,9,0,0
BRDA:88,9,1,0
BRF:16
BRH:5
end_of_record
TN:
SF:app/api/test-auth/route.ts
FN:7,GET
FNF:1
FNH:1
FNDA:8,GET
DA:4,1
DA:5,1
DA:7,8
DA:8,8
DA:13,8
DA:15,6
DA:16,2
DA:26,4
DA:36,2
DA:37,2
LF:10
LH:10
BRDA:15,0,0,2
BRDA:15,1,0,6
BRDA:15,1,1,5
BRDA:20,2,0,2
BRDA:20,2,1,1
BRDA:41,3,0,1
BRDA:41,3,1,1
BRF:7
BRH:7
end_of_record
TN:
SF:app/api/users/route.ts
FN:11,GET
FN:124,POST
FNF:2
FNH:0
FNDA:0,GET
FNDA:0,POST
DA:4,0
DA:5,0
DA:6,0
DA:7,0
DA:8,0
DA:11,0
DA:13,0
DA:14,0
DA:15,0
DA:16,0
DA:17,0
DA:18,0
DA:19,0
DA:20,0
DA:21,0
DA:22,0
DA:23,0
DA:26,0
DA:27,0
DA:28,0
DA:31,0
DA:32,0
DA:33,0
DA:37,0
DA:38,0
DA:39,0
DA:43,0
DA:45,0
DA:46,0
DA:48,0
DA:52,0
DA:53,0
DA:75,0
DA:97,0
DA:98,0
DA:111,0
DA:116,0
DA:124,0
DA:126,0
DA:127,0
DA:128,0
DA:133,0
DA:134,0
DA:135,0
DA:144,0
DA:146,0
DA:156,0
DA:164,0
DA:165,0
DA:172,0
DA:185,0
DA:186,0
DA:188,0
DA:193,0
LF:54
LH:0
BRDA:14,0,0,0
BRDA:19,1,0,0
BRDA:19,1,1,0
BRDA:20,2,0,0
BRDA:20,2,1,0
BRDA:21,3,0,0
BRDA:21,3,1,0
BRDA:22,4,0,0
BRDA:22,4,1,0
BRDA:27,5,0,0
BRDA:27,6,0,0
BRDA:27,6,1,0
BRDA:31,7,0,0
BRDA:31,8,0,0
BRDA:31,8,1,0
BRDA:32,9,0,0
BRDA:32,9,1,0
BRDA:38,10,0,0
BRDA:38,10,1,0
BRDA:43,11,0,0
BRDA:43,11,1,0
BRDA:46,12,0,0
BRDA:46,12,1,0
BRDA:52,13,0,0
BRDA:52,13,1,0
BRDA:113,14,0,0
BRDA:113,14,1,0
BRDA:127,15,0,0
BRDA:127,16,0,0
BRDA:127,16,1,0
BRDA:129,17,0,0
BRDA:129,17,1,0
BRDA:156,18,0,0
BRDA:157,19,0,0
BRDA:157,19,1,0
BRDA:157,19,2,0
BRDA:157,19,3,0
BRDA:157,19,4,0
BRDA:157,19,5,0
BRDA:180,20,0,0
BRDA:180,20,1,0
BRDA:185,21,0,0
BRDA:185,21,1,0
BRDA:190,22,0,0
BRDA:190,22,1,0
BRF:45
BRH:0
end_of_record
TN:
SF:app/api/users/[userId]/route.ts
FN:10,GET
FN:69,PATCH
FN:135,DELETE
FNF:3
FNH:1
FNDA:9,GET
FNDA:0,PATCH
FNDA:0,DELETE
DA:4,1
DA:5,1
DA:6,1
DA:7,1
DA:8,1
DA:10,9
DA:15,9
DA:16,9
DA:18,9
DA:19,9
DA:20,9
DA:21,1
DA:22,1
DA:28,8
DA:46,6
DA:47,1
DA:48,1
DA:50,5
DA:51,5
DA:53,2
DA:58,2
DA:69,0
DA:74,0
DA:75,0
DA:76,0
DA:77,0
DA:78,0
DA:79,0
DA:80,0
DA:85,0
DA:87,0
DA:96,0
DA:97,0
DA:98,0
DA:99,0
DA:102,0
DA:103,0
DA:106,0
DA:111,0
DA:116,0
DA:117,0
DA:118,0
DA:120,0
DA:121,0
DA:123,0
DA:128,0
DA:135,0
DA:140,0
DA:141,0
DA:142,0
DA:143,0
DA:144,0
DA:145,0
DA:146,0
DA:151,0
DA:155,0
DA:156,0
DA:159,0
DA:161,0
DA:162,0
DA:164,0
DA:169,0
LF:62
LH:21
BRDA:20,0,0,1
BRDA:46,1,0,1
BRDA:55,2,0,1
BRDA:55,2,1,1
BRDA:62,3,0,1
BRDA:62,3,1,1
BRDA:78,4,0,0
BRDA:98,5,0,0
BRDA:98,6,0,0
BRDA:98,6,1,0
BRDA:102,7,0,0
BRDA:116,8,0,0
BRDA:125,9,0,0
BRDA:125,9,1,0
BRDA:144,10,0,0
BRDA:155,11,0,0
BRDA:166,12,0,0
BRDA:166,12,1,0
BRF:18
BRH:6
end_of_record
TN:
SF:app/api/users/[userId]/assets/route.ts
FN:22,POST
FN:164,GET
FN:237,OPTIONS
FNF:3
FNH:0
FNDA:0,POST
FNDA:0,GET
FNDA:0,OPTIONS
DA:4,0
DA:5,0
DA:6,0
DA:7,0
DA:8,0
DA:9,0
DA:12,0
DA:22,0
DA:26,0
DA:27,0
DA:29,0
DA:31,0
DA:32,0
DA:33,0
DA:34,0
DA:39,0
DA:40,0
DA:41,0
DA:43,0
DA:44,0
DA:45,0
DA:52,0
DA:58,0
DA:59,0
DA:60,0
DA:67,0
DA:88,0
DA:89,0
DA:90,0
DA:99,0
DA:102,0
DA:112,0
DA:121,0
DA:125,0
DA:143,0
DA:149,0
DA:164,0
DA:168,0
DA:169,0
DA:171,0
DA:173,0
DA:174,0
DA:175,0
DA:176,0
DA:185,0
DA:204,0
DA:208,0
DA:217,0
DA:223,0
DA:237,0
DA:238,0
LF:51
LH:0
BRDA:32,0,0,0
BRDA:32,1,0,0
BRDA:32,1,1,0
BRDA:35,2,0,0
BRDA:35,2,1,0
BRDA:43,3,0,0
BRDA:58,4,0,0
BRDA:88,5,0,0
BRDA:145,6,0,0
BRDA:145,6,1,0
BRDA:153,7,0,0
BRDA:153,7,1,0
BRDA:174,8,0,0
BRDA:174,9,0,0
BRDA:174,9,1,0
BRDA:177,10,0,0
BRDA:177,10,1,0
BRDA:219,11,0,0
BRDA:219,11,1,0
BRDA:227,12,0,0
BRDA:227,12,1,0
BRF:21
BRH:0
end_of_record
TN:
SF:app/api/users/by-email/route.ts
FN:9,GET
FNF:1
FNH:0
FNDA:0,GET
DA:4,0
DA:5,0
DA:6,0
DA:7,0
DA:9,0
DA:10,0
DA:12,0
DA:13,0
DA:15,0
DA:16,0
DA:18,0
DA:19,0
DA:26,0
DA:38,0
DA:39,0
DA:42,0
DA:47,0
DA:48,0
LF:18
LH:0
BRDA:13,0,0,0
BRDA:18,1,0,0
BRDA:38,2,0,0
BRDA:51,3,0,0
BRDA:51,3,1,0
BRF:5
BRH:0
end_of_record
TN:
SF:app/api/users/by-employee-id/[employeeId]/route.ts
FN:15,GET
FNF:1
FNH:0
FNDA:0,GET
DA:4,0
DA:5,0
DA:11,0
DA:12,0
DA:13,0
DA:15,0
DA:20,0
DA:21,0
DA:23,0
DA:24,0
DA:25,0
DA:26,0
DA:29,0
DA:36,0
DA:55,0
DA:56,0
DA:60,0
DA:63,0
DA:66,0
DA:77,0
DA:80,0
DA:82,0
DA:87,0
LF:23
LH:0
BRDA:25,0,0,0
BRDA:55,1,0,0
BRDA:84,2,0,0
BRDA:84,2,1,0
BRF:4
BRH:0
end_of_record
TN:
SF:app/api/users/export/route.ts
FN:27,POST
FN:107,(anonymous_4)
FN:177,GET
FN:239,(anonymous_6)
FNF:4
FNH:0
FNDA:0,POST
FNDA:0,(anonymous_4)
FNDA:0,GET
FNDA:0,(anonymous_6)
DA:5,0
DA:6,0
DA:7,0
DA:8,0
DA:13,0
DA:14,0
DA:15,0
DA:18,0
DA:27,0
DA:29,0
DA:30,0
DA:36,0
DA:38,0
DA:44,0
DA:45,0
DA:46,0
DA:48,0
DA:49,0
DA:52,0
DA:54,0
DA:56,0
DA:73,0
DA:74,0
DA:90,0
DA:107,0
DA:116,0
DA:117,0
DA:118,0
DA:119,0
DA:121,0
DA:125,0
DA:130,0
DA:132,0
DA:144,0
DA:148,0
DA:155,0
DA:156,0
DA:165,0
DA:170,0
DA:177,0
DA:178,0
DA:179,0
DA:180,0
DA:181,0
DA:183,0
DA:184,0
DA:185,0
DA:187,0
DA:189,0
DA:190,0
DA:206,0
DA:207,0
DA:223,0
DA:239,0
DA:248,0
DA:252,0
DA:253,0
DA:264,0
DA:269,0
LF:59
LH:0
BRDA:33,0,0,0
BRDA:34,1,0,0
BRDA:35,2,0,0
BRDA:45,3,0,0
BRDA:48,4,0,0
BRDA:48,5,0,0
BRDA:48,5,1,0
BRDA:48,5,2,0
BRDA:54,6,0,0
BRDA:54,6,1,0
BRDA:73,7,0,0
BRDA:73,7,1,0
BRDA:112,8,0,0
BRDA:112,8,1,0
BRDA:119,9,0,0
BRDA:119,9,1,0
BRDA:167,10,0,0
BRDA:167,10,1,0
BRDA:180,11,0,0
BRDA:180,11,1,0
BRDA:181,12,0,0
BRDA:181,12,1,0
BRDA:184,13,0,0
BRDA:184,14,0,0
BRDA:184,14,1,0
BRDA:184,14,2,0
BRDA:189,15,0,0
BRDA:189,15,1,0
BRDA:206,16,0,0
BRDA:206,16,1,0
BRDA:244,17,0,0
BRDA:244,17,1,0
BRDA:266,18,0,0
BRDA:266,18,1,0
BRF:34
BRH:0
end_of_record
TN:
SF:app/api/users/next-employee-id/route.ts
FN:10,GET
FNF:1
FNH:0
FNDA:0,GET
DA:4,0
DA:5,0
DA:6,0
DA:7,0
DA:8,0
DA:10,0
DA:12,0
DA:13,0
DA:15,0
DA:21,0
DA:22,0
DA:23,0
DA:24,0
DA:25,0
DA:27,0
DA:28,0
DA:30,0
DA:35,0
LF:18
LH:0
BRDA:22,0,0,0
BRDA:22,1,0,0
BRDA:22,1,1,0
BRDA:32,2,0,0
BRDA:32,2,1,0
BRF:5
BRH:0
end_of_record
TN:
SF:app/assets/page.tsx
FN:49,AssetsPage
FN:57,AssetsPageContent
FN:64,(anonymous_4)
FN:71,(anonymous_5)
FN:90,(anonymous_6)
FN:91,(anonymous_7)
FN:103,(anonymous_8)
FN:109,(anonymous_9)
FN:117,(anonymous_10)
FN:158,(anonymous_11)
FN:188,(anonymous_12)
FN:230,(anonymous_13)
FN:274,(anonymous_14)
FN:276,(anonymous_15)
FN:284,AssetsLoadingSkeleton
FNF:15
FNH:0
FNDA:0,AssetsPage
FNDA:0,AssetsPageContent
FNDA:0,(anonymous_4)
FNDA:0,(anonymous_5)
FNDA:0,(anonymous_6)
FNDA:0,(anonymous_7)
FNDA:0,(anonymous_8)
FNDA:0,(anonymous_9)
FNDA:0,(anonymous_10)
FNDA:0,(anonymous_11)
FNDA:0,(anonymous_12)
FNDA:0,(anonymous_13)
FNDA:0,(anonymous_14)
FNDA:0,(anonymous_15)
FNDA:0,AssetsLoadingSkeleton
DA:30,0
DA:31,0
DA:32,0
DA:37,0
DA:38,0
DA:39,0
DA:40,0
DA:42,0
DA:43,0
DA:44,0
DA:45,0
DA:46,0
DA:47,0
DA:49,0
DA:58,0
DA:59,0
DA:60,0
DA:64,0
DA:71,0
DA:72,0
DA:79,0
DA:80,0
DA:83,0
DA:85,0
DA:87,0
DA:90,0
DA:91,0
DA:93,0
DA:94,0
DA:95,0
DA:97,0
DA:99,0
DA:100,0
DA:103,0
DA:104,0
DA:106,0
DA:109,0
DA:111,0
DA:112,0
DA:113,0
DA:117,0
DA:118,0
DA:119,0
DA:121,0
DA:131,0
DA:132,0
DA:135,0
DA:137,0
DA:138,0
DA:139,0
DA:140,0
DA:141,0
DA:142,0
DA:143,0
DA:144,0
DA:146,0
DA:150,0
DA:151,0
DA:157,0
DA:158,0
DA:159,0
DA:160,0
DA:161,0
DA:162,0
DA:164,0
DA:188,0
DA:231,0
DA:234,0
DA:235,0
DA:236,0
DA:237,0
DA:239,0
DA:240,0
DA:241,0
DA:242,0
DA:244,0
DA:245,0
DA:246,0
DA:247,0
DA:249,0
DA:276,0
LF:81
LH:0
BRDA:73,0,0,0
BRDA:73,0,1,0
BRDA:74,1,0,0
BRDA:74,1,1,0
BRDA:75,2,0,0
BRDA:75,2,1,0
BRDA:93,3,0,0
BRDA:93,3,1,0
BRDA:94,4,0,0
BRDA:94,4,1,0
BRDA:106,5,0,0
BRDA:106,5,1,0
BRDA:111,6,0,0
BRDA:111,6,1,0
BRDA:131,7,0,0
BRDA:135,8,0,0
BRDA:135,8,1,0
BRDA:160,9,0,0
BRDA:194,10,0,0
BRDA:217,11,0,0
BRDA:217,11,1,0
BRDA:232,12,0,0
BRDA:232,12,1,0
BRDA:234,13,0,0
BRDA:234,13,1,0
BRDA:236,14,0,0
BRDA:239,15,0,0
BRDA:239,15,1,0
BRDA:241,16,0,0
BRDA:244,17,0,0
BRDA:244,17,1,0
BRDA:246,18,0,0
BRF:32
BRH:0
end_of_record
TN:
SF:app/assets/[id]/page.tsx
FN:19,Page
FN:32,(anonymous_3)
FN:33,fetchAsset
FN:47,(anonymous_5)
FN:104,(anonymous_6)
FNF:5
FNH:0
FNDA:0,Page
FNDA:0,(anonymous_3)
FNDA:0,fetchAsset
FNDA:0,(anonymous_5)
FNDA:0,(anonymous_6)
DA:7,0
DA:8,0
DA:9,0
DA:10,0
DA:11,0
DA:12,0
DA:13,0
DA:14,0
DA:15,0
DA:17,0
DA:19,0
DA:20,0
DA:21,0
DA:22,0
DA:23,0
DA:25,0
DA:26,0
DA:27,0
DA:28,0
DA:29,0
DA:32,0
DA:34,0
DA:35,0
DA:36,0
DA:37,0
DA:38,0
DA:40,0
DA:43,0
DA:47,0
DA:48,0
DA:49,0
DA:51,0
DA:54,0
DA:55,0
DA:58,0
DA:67,0
DA:68,0
DA:70,0
DA:72,0
DA:104,0
LF:40
LH:0
BRDA:28,0,0,0
BRDA:28,0,1,0
BRDA:36,1,0,0
BRDA:54,2,0,0
BRDA:107,3,0,0
BRDA:107,3,1,0
BRDA:132,4,0,0
BRDA:134,5,0,0
BRDA:137,6,0,0
BRF:9
BRH:0
end_of_record
TN:
SF:app/assets/new/page.tsx
FN:13,NewAssetPage
FNF:1
FNH:0
FNDA:0,NewAssetPage
DA:6,0
DA:7,0
DA:8,0
DA:9,0
DA:10,0
DA:11,0
DA:13,0
DA:14,0
LF:8
LH:0
BRF:0
BRH:0
end_of_record
TN:
SF:app/auth/login/page.tsx
FN:42,LoginPage
FN:51,(anonymous_6)
FN:121,(anonymous_7)
FN:139,(anonymous_8)
FN:145,(anonymous_9)
FNF:5
FNH:0
FNDA:0,LoginPage
FNDA:0,(anonymous_6)
FNDA:0,(anonymous_7)
FNDA:0,(anonymous_8)
FNDA:0,(anonymous_9)
DA:30,0
DA:31,0
DA:32,0
DA:33,0
DA:34,0
DA:35,0
DA:36,0
DA:37,0
DA:38,0
DA:39,0
DA:40,0
DA:42,0
DA:43,0
DA:44,0
DA:45,0
DA:46,0
DA:47,0
DA:48,0
DA:49,0
DA:51,0
DA:52,0
DA:53,0
DA:54,0
DA:56,0
DA:57,0
DA:58,0
DA:59,0
DA:61,0
DA:64,0
DA:66,0
DA:121,0
DA:139,0
DA:145,0
LF:33
LH:0
BRDA:58,0,0,0
BRDA:58,0,1,0
BRDA:104,1,0,0
BRDA:135,2,0,0
BRDA:135,2,1,0
BRDA:149,3,0,0
BRDA:169,4,0,0
BRDA:169,4,1,0
BRF:8
BRH:0
end_of_record
TN:
SF:app/barcode-test/page.tsx
FN:13,SystemInfoCard
FN:15,(anonymous_5)
FN:67,BarcodeTestPage
FN:74,(anonymous_7)
FN:75,(anonymous_8)
FN:78,(anonymous_9)
FN:81,(anonymous_10)
FN:82,(anonymous_11)
FN:167,(anonymous_12)
FNF:9
FNH:0
FNDA:0,SystemInfoCard
FNDA:0,(anonymous_5)
FNDA:0,BarcodeTestPage
FNDA:0,(anonymous_7)
FNDA:0,(anonymous_8)
FNDA:0,(anonymous_9)
FNDA:0,(anonymous_10)
FNDA:0,(anonymous_11)
FNDA:0,(anonymous_12)
DA:6,0
DA:7,0
DA:8,0
DA:9,0
DA:10,0
DA:14,0
DA:15,0
DA:16,0
DA:18,0
DA:67,0
DA:69,0
DA:70,0
DA:71,0
DA:74,0
DA:75,0
DA:76,0
DA:77,0
DA:78,0
DA:81,0
DA:82,0
DA:168,0
LF:21
LH:0
BRDA:18,0,0,0
BRDA:52,1,0,0
BRDA:52,1,1,0
BRDA:56,2,0,0
BRDA:56,2,1,0
BRDA:125,3,0,0
BRDA:125,3,1,0
BRDA:162,4,0,0
BRF:8
BRH:0
end_of_record
TN:
SF:app/dashboard/page.tsx
FN:39,DashboardPage
FNF:1
FNH:0
FNDA:0,DashboardPage
DA:28,0
DA:29,0
DA:30,0
DA:31,0
DA:35,0
DA:36,0
DA:37,0
DA:39,0
DA:41,0
DA:44,0
LF:10
LH:0
BRDA:44,0,0,0
BRF:1
BRH:0
end_of_record
TN:
SF:app/debug-auth/page.tsx
FN:11,(anonymous_4)
FN:16,(anonymous_5)
FN:20,(anonymous_6)
FN:29,(anonymous_7)
FN:31,(anonymous_8)
FN:39,(anonymous_9)
FN:116,(anonymous_10)
FNF:7
FNH:0
FNDA:0,(anonymous_4)
FNDA:0,(anonymous_5)
FNDA:0,(anonymous_6)
FNDA:0,(anonymous_7)
FNDA:0,(anonymous_8)
FNDA:0,(anonymous_9)
FNDA:0,(anonymous_10)
DA:6,0
DA:7,0
DA:8,0
DA:9,0
DA:11,0
DA:12,0
DA:13,0
DA:14,0
DA:16,0
DA:18,0
DA:20,0
DA:21,0
DA:24,0
DA:25,0
DA:29,0
DA:30,0
DA:31,0
DA:32,0
DA:33,0
DA:34,0
DA:36,0
DA:39,0
DA:40,0
DA:41,0
DA:47,0
DA:48,0
DA:56,0
DA:117,0
DA:135,0
LF:29
LH:0
BRDA:24,0,0,0
BRDA:70,1,0,0
BRDA:70,1,1,0
BRDA:73,2,0,0
BRDA:73,2,1,0
BRDA:76,3,0,0
BRDA:76,3,1,0
BRDA:79,4,0,0
BRDA:79,4,1,0
BRDA:83,5,0,0
BRDA:83,5,1,0
BRF:11
BRH:0
end_of_record
TN:
SF:app/imports/page.tsx
FN:19,(anonymous_5)
FN:37,(anonymous_6)
FN:39,(anonymous_7)
FN:42,(anonymous_8)
FN:82,(anonymous_9)
FN:89,(anonymous_10)
FN:128,formatCurrency
FN:145,mapToAllowedStateEnum
FN:149,(anonymous_13)
FN:162,(anonymous_14)
FN:214,(anonymous_15)
FN:231,(anonymous_16)
FN:246,(anonymous_17)
FN:264,(anonymous_18)
FN:275,(anonymous_19)
FN:277,(anonymous_20)
FNF:16
FNH:0
FNDA:0,(anonymous_5)
FNDA:0,(anonymous_6)
FNDA:0,(anonymous_7)
FNDA:0,(anonymous_8)
FNDA:0,(anonymous_9)
FNDA:0,(anonymous_10)
FNDA:0,formatCurrency
FNDA:0,mapToAllowedStateEnum
FNDA:0,(anonymous_13)
FNDA:0,(anonymous_14)
FNDA:0,(anonymous_15)
FNDA:0,(anonymous_16)
FNDA:0,(anonymous_17)
FNDA:0,(anonymous_18)
FNDA:0,(anonymous_19)
FNDA:0,(anonymous_20)
DA:6,0
DA:8,0
DA:9,0
DA:10,0
DA:11,0
DA:12,0
DA:13,0
DA:14,0
DA:15,0
DA:16,0
DA:19,0
DA:21,0
DA:22,0
DA:23,0
DA:24,0
DA:25,0
DA:29,0
DA:34,0
DA:37,0
DA:39,0
DA:42,0
DA:43,0
DA:44,0
DA:45,0
DA:46,0
DA:47,0
DA:48,0
DA:51,0
DA:57,0
DA:58,0
DA:63,0
DA:64,0
DA:65,0
DA:68,0
DA:69,0
DA:70,0
DA:72,0
DA:73,0
DA:75,0
DA:76,0
DA:77,0
DA:82,0
DA:83,0
DA:84,0
DA:89,0
DA:90,0
DA:92,0
DA:93,0
DA:94,0
DA:95,0
DA:98,0
DA:103,0
DA:104,0
DA:105,0
DA:107,0
DA:110,0
DA:115,0
DA:129,0
DA:130,0
DA:135,0
DA:136,0
DA:141,0
DA:147,0
DA:148,0
DA:149,0
DA:151,0
DA:153,0
DA:154,0
DA:158,0
DA:162,0
DA:164,0
DA:165,0
DA:168,0
DA:214,0
DA:232,0
DA:233,0
DA:246,0
DA:265,0
DA:276,0
DA:278,0
DA:296,0
LF:81
LH:0
BRDA:44,0,0,0
BRDA:57,1,0,0
BRDA:70,2,0,0
BRDA:70,2,1,0
BRDA:73,3,0,0
BRDA:73,3,1,0
BRDA:83,4,0,0
BRDA:93,5,0,0
BRDA:103,6,0,0
BRDA:103,6,1,0
BRDA:105,7,0,0
BRDA:105,7,1,0
BRDA:129,8,0,0
BRDA:135,9,0,0
BRDA:135,10,0,0
BRDA:135,10,1,0
BRDA:141,11,0,0
BRDA:141,11,1,0
BRDA:147,12,0,0
BRDA:151,13,0,0
BRDA:153,14,0,0
BRDA:165,15,0,0
BRDA:165,15,1,0
BRDA:169,16,0,0
BRDA:169,16,1,0
BRDA:170,17,0,0
BRDA:170,17,1,0
BRDA:173,18,0,0
BRDA:173,18,1,0
BRDA:174,19,0,0
BRDA:174,19,1,0
BRDA:176,20,0,0
BRDA:176,20,1,0
BRDA:206,21,0,0
BRDA:216,22,0,0
BRDA:216,22,1,0
BRDA:220,23,0,0
BRDA:220,23,1,0
BRDA:223,24,0,0
BRDA:223,24,1,0
BRDA:226,25,0,0
BRDA:240,26,0,0
BRDA:256,27,0,0
BRF:43
BRH:0
end_of_record
TN:
SF:app/locations/page.tsx
FN:19,LocationsPage
FN:34,(anonymous_2)
FN:38,(anonymous_3)
FN:42,(anonymous_4)
FN:47,(anonymous_5)
FN:52,(anonymous_6)
FN:53,(anonymous_7)
FN:57,(anonymous_8)
FN:66,(anonymous_9)
FN:144,(anonymous_10)
FN:183,(anonymous_11)
FN:223,LocationsLoadingSkeleton
FNF:12
FNH:0
FNDA:0,LocationsPage
FNDA:0,(anonymous_2)
FNDA:0,(anonymous_3)
FNDA:0,(anonymous_4)
FNDA:0,(anonymous_5)
FNDA:0,(anonymous_6)
FNDA:0,(anonymous_7)
FNDA:0,(anonymous_8)
FNDA:0,(anonymous_9)
FNDA:0,(anonymous_10)
FNDA:0,(anonymous_11)
FNDA:0,LocationsLoadingSkeleton
DA:5,0
DA:6,0
DA:7,0
DA:11,0
DA:12,0
DA:13,0
DA:14,0
DA:15,0
DA:16,0
DA:17,0
DA:19,0
DA:20,0
DA:24,0
DA:25,0
DA:26,0
DA:27,0
DA:28,0
DA:29,0
DA:32,0
DA:34,0
DA:38,0
DA:39,0
DA:42,0
DA:43,0
DA:44,0
DA:47,0
DA:48,0
DA:52,0
DA:53,0
DA:57,0
DA:58,0
DA:59,0
DA:60,0
DA:62,0
DA:66,0
DA:67,0
DA:68,0
DA:70,0
DA:79,0
DA:80,0
DA:83,0
DA:85,0
DA:86,0
DA:87,0
DA:88,0
DA:89,0
DA:90,0
DA:91,0
DA:92,0
DA:94,0
DA:98,0
DA:99,0
DA:145,0
DA:146,0
DA:147,0
DA:152,0
DA:183,0
LF:57
LH:0
BRDA:58,0,0,0
BRDA:79,1,0,0
BRDA:83,2,0,0
BRDA:83,2,1,0
BRDA:147,3,0,0
BRDA:148,4,0,0
BRDA:148,4,1,0
BRF:7
BRH:0
end_of_record
TN:
SF:app/profile/page.tsx
FN:20,ProfilePage
FN:30,(anonymous_2)
FN:31,(anonymous_3)
FN:50,(anonymous_4)
FN:55,(anonymous_5)
FN:63,(anonymous_6)
FN:71,(anonymous_7)
FNF:7
FNH:0
FNDA:0,ProfilePage
FNDA:0,(anonymous_2)
FNDA:0,(anonymous_3)
FNDA:0,(anonymous_4)
FNDA:0,(anonymous_5)
FNDA:0,(anonymous_6)
FNDA:0,(anonymous_7)
DA:5,0
DA:6,0
DA:7,0
DA:8,0
DA:9,0
DA:10,0
DA:11,0
DA:20,0
DA:21,0
DA:22,0
DA:23,0
DA:24,0
DA:25,0
DA:26,0
DA:27,0
DA:30,0
DA:31,0
DA:32,0
DA:35,0
DA:36,0
DA:37,0
DA:43,0
DA:46,0
DA:50,0
DA:51,0
DA:52,0
DA:53,0
DA:54,0
DA:55,0
DA:56,0
DA:58,0
DA:63,0
DA:64,0
DA:65,0
DA:66,0
DA:67,0
DA:68,0
DA:71,0
DA:72,0
DA:73,0
DA:76,0
DA:77,0
DA:81,0
LF:43
LH:0
BRDA:36,0,0,0
BRDA:38,1,0,0
BRDA:38,1,1,0
BRDA:38,1,2,0
BRDA:39,2,0,0
BRDA:39,2,1,0
BRDA:40,3,0,0
BRDA:40,3,1,0
BRDA:41,4,0,0
BRDA:41,4,1,0
BRDA:43,5,0,0
BRDA:43,5,1,0
BRDA:51,6,0,0
BRDA:51,6,1,0
BRDA:53,7,0,0
BRDA:64,8,0,0
BRDA:81,9,0,0
BRDA:96,10,0,0
BRDA:96,10,1,0
BRDA:105,11,0,0
BRDA:107,12,0,0
BRDA:107,12,1,0
BRDA:110,13,0,0
BRDA:113,14,0,0
BRF:24
BRH:0
end_of_record
TN:
SF:app/reports/page.tsx
FN:77,AssetInventoryReport
FN:92,(anonymous_5)
FN:120,(anonymous_6)
FN:121,fetchSummary
FN:145,(anonymous_8)
FN:146,(anonymous_9)
FN:183,(anonymous_10)
FN:184,(anonymous_11)
FN:221,(anonymous_12)
FN:222,(anonymous_13)
FN:243,getExportData
FN:297,(anonymous_15)
FN:360,(anonymous_16)
FN:372,(anonymous_17)
FN:375,(anonymous_18)
FN:460,(anonymous_19)
FN:472,(anonymous_20)
FN:475,(anonymous_21)
FN:563,(anonymous_22)
FN:575,(anonymous_23)
FN:578,(anonymous_24)
FN:623,(anonymous_25)
FN:626,(anonymous_26)
FN:694,(anonymous_27)
FN:706,(anonymous_28)
FN:709,(anonymous_29)
FN:751,LifecycleManagementReport
FN:760,(anonymous_31)
FN:775,(anonymous_32)
FN:776,fetchYearSummary
FN:800,(anonymous_34)
FN:916,(anonymous_35)
FN:928,(anonymous_36)
FN:931,(anonymous_37)
FN:971,FinancialReport
FN:979,(anonymous_39)
FN:993,(anonymous_40)
FN:994,fetchSummary
FN:1019,(anonymous_42)
FN:1020,(anonymous_43)
FN:1046,(anonymous_44)
FN:1063,(anonymous_45)
FN:1078,(anonymous_46)
FN:1183,(anonymous_47)
FN:1195,(anonymous_48)
FN:1198,(anonymous_49)
FN:1282,(anonymous_50)
FN:1294,(anonymous_51)
FN:1297,(anonymous_52)
FN:1339,ReportPlaceholder
FN:1375,ReportsPageContent
FN:1393,handleOpenExport
FN:1399,handleExport
FN:1455,renderReport
FN:1460,(anonymous_58)
FN:1469,(anonymous_59)
FN:1473,(anonymous_60)
FN:1477,(anonymous_61)
FN:1501,ReportsPage
FNF:59
FNH:0
FNDA:0,AssetInventoryReport
FNDA:0,(anonymous_5)
FNDA:0,(anonymous_6)
FNDA:0,fetchSummary
FNDA:0,(anonymous_8)
FNDA:0,(anonymous_9)
FNDA:0,(anonymous_10)
FNDA:0,(anonymous_11)
FNDA:0,(anonymous_12)
FNDA:0,(anonymous_13)
FNDA:0,getExportData
FNDA:0,(anonymous_15)
FNDA:0,(anonymous_16)
FNDA:0,(anonymous_17)
FNDA:0,(anonymous_18)
FNDA:0,(anonymous_19)
FNDA:0,(anonymous_20)
FNDA:0,(anonymous_21)
FNDA:0,(anonymous_22)
FNDA:0,(anonymous_23)
FNDA:0,(anonymous_24)
FNDA:0,(anonymous_25)
FNDA:0,(anonymous_26)
FNDA:0,(anonymous_27)
FNDA:0,(anonymous_28)
FNDA:0,(anonymous_29)
FNDA:0,LifecycleManagementReport
FNDA:0,(anonymous_31)
FNDA:0,(anonymous_32)
FNDA:0,fetchYearSummary
FNDA:0,(anonymous_34)
FNDA:0,(anonymous_35)
FNDA:0,(anonymous_36)
FNDA:0,(anonymous_37)
FNDA:0,FinancialReport
FNDA:0,(anonymous_39)
FNDA:0,(anonymous_40)
FNDA:0,fetchSummary
FNDA:0,(anonymous_42)
FNDA:0,(anonymous_43)
FNDA:0,(anonymous_44)
FNDA:0,(anonymous_45)
FNDA:0,(anonymous_46)
FNDA:0,(anonymous_47)
FNDA:0,(anonymous_48)
FNDA:0,(anonymous_49)
FNDA:0,(anonymous_50)
FNDA:0,(anonymous_51)
FNDA:0,(anonymous_52)
FNDA:0,ReportPlaceholder
FNDA:0,ReportsPageContent
FNDA:0,handleOpenExport
FNDA:0,handleExport
FNDA:0,renderReport
FNDA:0,(anonymous_58)
FNDA:0,(anonymous_59)
FNDA:0,(anonymous_60)
FNDA:0,(anonymous_61)
FNDA:0,ReportsPage
DA:9,0
DA:10,0
DA:11,0
DA:22,0
DA:23,0
DA:24,0
DA:25,0
DA:26,0
DA:27,0
DA:28,0
DA:31,0
DA:43,0
DA:83,0
DA:86,0
DA:91,0
DA:92,0
DA:93,0
DA:106,0
DA:109,0
DA:114,0
DA:115,0
DA:116,0
DA:117,0
DA:120,0
DA:122,0
DA:123,0
DA:124,0
DA:125,0
DA:126,0
DA:127,0
DA:128,0
DA:130,0
DA:131,0
DA:133,0
DA:136,0
DA:140,0
DA:141,0
DA:145,0
DA:147,0
DA:149,0
DA:151,0
DA:153,0
DA:155,0
DA:157,0
DA:159,0
DA:165,0
DA:178,0
DA:179,0
DA:183,0
DA:185,0
DA:187,0
DA:189,0
DA:191,0
DA:193,0
DA:195,0
DA:197,0
DA:203,0
DA:216,0
DA:217,0
DA:221,0
DA:223,0
DA:225,0
DA:227,0
DA:229,0
DA:231,0
DA:233,0
DA:235,0
DA:245,0
DA:247,0
DA:249,0
DA:251,0
DA:252,0
DA:297,0
DA:361,0
DA:373,0
DA:376,0
DA:461,0
DA:473,0
DA:476,0
DA:564,0
DA:576,0
DA:579,0
DA:623,0
DA:627,0
DA:629,0
DA:631,0
DA:633,0
DA:635,0
DA:637,0
DA:639,0
DA:695,0
DA:707,0
DA:710,0
DA:753,0
DA:756,0
DA:757,0
DA:759,0
DA:760,0
DA:761,0
DA:775,0
DA:777,0
DA:778,0
DA:779,0
DA:780,0
DA:781,0
DA:782,0
DA:783,0
DA:785,0
DA:787,0
DA:790,0
DA:794,0
DA:795,0
DA:800,0
DA:805,0
DA:917,0
DA:929,0
DA:932,0
DA:973,0
DA:974,0
DA:975,0
DA:976,0
DA:978,0
DA:979,0
DA:980,0
DA:993,0
DA:995,0
DA:996,0
DA:997,0
DA:998,0
DA:999,0
DA:1000,0
DA:1001,0
DA:1002,0
DA:1003,0
DA:1005,0
DA:1007,0
DA:1010,0
DA:1013,0
DA:1014,0
DA:1019,0
DA:1021,0
DA:1023,0
DA:1025,0
DA:1027,0
DA:1029,0
DA:1031,0
DA:1033,0
DA:1039,0
DA:1047,0
DA:1057,0
DA:1058,0
DA:1063,0
DA:1071,0
DA:1079,0
DA:1184,0
DA:1196,0
DA:1199,0
DA:1283,0
DA:1295,0
DA:1298,0
DA:1377,0
DA:1379,0
DA:1381,0
DA:1384,0
DA:1385,0
DA:1386,0
DA:1390,0
DA:1394,0
DA:1395,0
DA:1400,0
DA:1401,0
DA:1402,0
DA:1403,0
DA:1404,0
DA:1405,0
DA:1406,0
DA:1407,0
DA:1409,0
DA:1410,0
DA:1412,0
DA:1413,0
DA:1414,0
DA:1415,0
DA:1416,0
DA:1417,0
DA:1418,0
DA:1419,0
DA:1420,0
DA:1421,0
DA:1423,0
DA:1424,0
DA:1425,0
DA:1426,0
DA:1428,0
DA:1433,0
DA:1434,0
DA:1435,0
DA:1436,0
DA:1437,0
DA:1438,0
DA:1439,0
DA:1440,0
DA:1441,0
DA:1442,0
DA:1444,0
DA:1449,0
DA:1450,0
DA:1461,0
DA:1462,0
DA:1469,0
DA:1473,0
DA:1477,0
DA:1501,0
LF:213
LH:0
BRDA:125,0,0,0
BRDA:125,1,0,0
BRDA:125,1,1,0
BRDA:126,2,0,0
BRDA:126,2,1,0
BRDA:130,3,0,0
BRDA:130,3,1,0
BRDA:131,4,0,0
BRDA:131,4,1,0
BRDA:147,5,0,0
BRDA:147,5,1,0
BRDA:147,5,2,0
BRDA:147,5,3,0
BRDA:147,5,4,0
BRDA:147,5,5,0
BRDA:185,6,0,0
BRDA:185,6,1,0
BRDA:185,6,2,0
BRDA:185,6,3,0
BRDA:185,6,4,0
BRDA:185,6,5,0
BRDA:223,7,0,0
BRDA:223,7,1,0
BRDA:223,7,2,0
BRDA:223,7,3,0
BRDA:223,7,4,0
BRDA:223,7,5,0
BRDA:245,8,0,0
BRDA:245,8,1,0
BRDA:247,9,0,0
BRDA:247,9,1,0
BRDA:249,10,0,0
BRDA:249,10,1,0
BRDA:251,11,0,0
BRDA:251,11,1,0
BRDA:289,12,0,0
BRDA:289,12,1,0
BRDA:307,13,0,0
BRDA:307,13,1,0
BRDA:364,14,0,0
BRDA:364,14,1,0
BRDA:367,15,0,0
BRDA:367,15,1,0
BRDA:377,16,0,0
BRDA:377,16,1,0
BRDA:407,17,0,0
BRDA:407,17,1,0
BRDA:464,18,0,0
BRDA:464,18,1,0
BRDA:467,19,0,0
BRDA:467,19,1,0
BRDA:477,20,0,0
BRDA:477,20,1,0
BRDA:509,21,0,0
BRDA:509,21,1,0
BRDA:567,22,0,0
BRDA:567,22,1,0
BRDA:570,23,0,0
BRDA:570,23,1,0
BRDA:580,24,0,0
BRDA:580,24,1,0
BRDA:612,25,0,0
BRDA:612,25,1,0
BRDA:627,26,0,0
BRDA:627,26,1,0
BRDA:627,26,2,0
BRDA:627,26,3,0
BRDA:627,26,4,0
BRDA:627,26,5,0
BRDA:698,27,0,0
BRDA:698,27,1,0
BRDA:701,28,0,0
BRDA:701,28,1,0
BRDA:711,29,0,0
BRDA:711,29,1,0
BRDA:782,30,0,0
BRDA:782,31,0,0
BRDA:782,31,1,0
BRDA:785,32,0,0
BRDA:785,32,1,0
BRDA:848,33,0,0
BRDA:848,33,1,0
BRDA:867,34,0,0
BRDA:867,34,1,0
BRDA:920,35,0,0
BRDA:920,35,1,0
BRDA:923,36,0,0
BRDA:923,36,1,0
BRDA:933,37,0,0
BRDA:933,37,1,0
BRDA:1000,38,0,0
BRDA:1000,39,0,0
BRDA:1000,39,1,0
BRDA:1001,40,0,0
BRDA:1001,40,1,0
BRDA:1005,41,0,0
BRDA:1005,41,1,0
BRDA:1021,42,0,0
BRDA:1021,42,1,0
BRDA:1021,42,2,0
BRDA:1021,42,3,0
BRDA:1021,42,4,0
BRDA:1021,42,5,0
BRDA:1112,43,0,0
BRDA:1112,43,1,0
BRDA:1133,44,0,0
BRDA:1133,44,1,0
BRDA:1187,45,0,0
BRDA:1187,45,1,0
BRDA:1190,46,0,0
BRDA:1190,46,1,0
BRDA:1200,47,0,0
BRDA:1200,47,1,0
BRDA:1233,48,0,0
BRDA:1233,48,1,0
BRDA:1286,49,0,0
BRDA:1286,49,1,0
BRDA:1289,50,0,0
BRDA:1289,50,1,0
BRDA:1299,51,0,0
BRDA:1299,51,1,0
BRDA:1379,52,0,0
BRDA:1379,52,1,0
BRDA:1381,53,0,0
BRDA:1381,53,1,0
BRDA:1405,54,0,0
BRDA:1405,54,1,0
BRDA:1409,55,0,0
BRDA:1412,56,0,0
BRDA:1412,56,1,0
BRDA:1417,57,0,0
BRDA:1417,57,1,0
BRDA:1433,58,0,0
BRDA:1446,59,0,0
BRDA:1446,59,1,0
BRF:135
BRH:0
end_of_record
TN:
SF:app/settings/page.tsx
FN:45,SettingsPage
FN:77,handleDecliningYearsChange
FN:91,handleDecliningPercentChange
FN:98,(anonymous_8)
FN:102,(anonymous_9)
FN:138,(anonymous_10)
FN:139,fetchSettings
FN:171,handleSave
FN:247,(anonymous_13)
FN:265,(anonymous_14)
FN:306,(anonymous_15)
FN:333,(anonymous_16)
FN:381,(anonymous_17)
FN:394,(anonymous_18)
FN:412,(anonymous_19)
FN:491,(anonymous_20)
FN:506,(anonymous_21)
FNF:17
FNH:0
FNDA:0,SettingsPage
FNDA:0,handleDecliningYearsChange
FNDA:0,handleDecliningPercentChange
FNDA:0,(anonymous_8)
FNDA:0,(anonymous_9)
FNDA:0,(anonymous_10)
FNDA:0,fetchSettings
FNDA:0,handleSave
FNDA:0,(anonymous_13)
FNDA:0,(anonymous_14)
FNDA:0,(anonymous_15)
FNDA:0,(anonymous_16)
FNDA:0,(anonymous_17)
FNDA:0,(anonymous_18)
FNDA:0,(anonymous_19)
FNDA:0,(anonymous_20)
FNDA:0,(anonymous_21)
DA:29,0
DA:30,0
DA:31,0
DA:39,0
DA:40,0
DA:41,0
DA:42,0
DA:43,0
DA:45,0
DA:46,0
DA:47,0
DA:48,0
DA:49,0
DA:50,0
DA:51,0
DA:54,0
DA:57,0
DA:58,0
DA:63,0
DA:64,0
DA:65,0
DA:66,0
DA:67,0
DA:70,0
DA:74,0
DA:78,0
DA:80,0
DA:81,0
DA:86,0
DA:92,0
DA:93,0
DA:94,0
DA:98,0
DA:99,0
DA:102,0
DA:103,0
DA:104,0
DA:105,0
DA:106,0
DA:108,0
DA:109,0
DA:110,0
DA:112,0
DA:113,0
DA:115,0
DA:117,0
DA:118,0
DA:120,0
DA:123,0
DA:124,0
DA:126,0
DA:127,0
DA:128,0
DA:131,0
DA:133,0
DA:138,0
DA:140,0
DA:141,0
DA:142,0
DA:143,0
DA:144,0
DA:145,0
DA:146,0
DA:147,0
DA:149,0
DA:152,0
DA:153,0
DA:154,0
DA:155,0
DA:162,0
DA:164,0
DA:167,0
DA:172,0
DA:173,0
DA:174,0
DA:175,0
DA:176,0
DA:188,0
DA:189,0
DA:190,0
DA:191,0
DA:193,0
DA:196,0
DA:198,0
DA:202,0
DA:204,0
DA:248,0
DA:249,0
DA:266,0
DA:307,0
DA:334,0
DA:338,0
DA:382,0
DA:386,0
DA:395,0
DA:413,0
DA:491,0
DA:506,0
LF:98
LH:0
BRDA:74,0,0,0
BRDA:74,0,1,0
BRDA:80,1,0,0
BRDA:80,1,1,0
BRDA:108,2,0,0
BRDA:112,3,0,0
BRDA:123,4,0,0
BRDA:123,4,1,0
BRDA:124,5,0,0
BRDA:124,5,1,0
BRDA:145,6,0,0
BRDA:145,6,1,0
BRDA:152,7,0,0
BRDA:153,8,0,0
BRDA:153,8,1,0
BRDA:154,9,0,0
BRDA:154,9,1,0
BRDA:156,10,0,0
BRDA:156,10,1,0
BRDA:189,11,0,0
BRDA:189,11,1,0
BRDA:193,12,0,0
BRDA:193,12,1,0
BRDA:204,13,0,0
BRDA:249,14,0,0
BRDA:273,15,0,0
BRDA:278,16,0,0
BRDA:318,17,0,0
BRDA:366,18,0,0
BRDA:411,19,0,0
BRDA:411,19,1,0
BRDA:429,20,0,0
BRDA:429,20,1,0
BRDA:435,21,0,0
BRDA:435,21,1,0
BRDA:514,22,0,0
BRDA:519,23,0,0
BRDA:528,24,0,0
BRDA:528,24,1,0
BRDA:528,24,2,0
BRDA:533,25,0,0
BRDA:533,25,1,0
BRDA:546,26,0,0
BRDA:546,26,1,0
BRDA:548,27,0,0
BRDA:548,27,1,0
BRDA:548,28,0,0
BRDA:548,28,1,0
BRDA:555,29,0,0
BRDA:555,29,1,0
BRF:50
BRH:0
end_of_record
TN:
SF:app/users/page.tsx
FN:32,UsersPage
FN:39,(anonymous_3)
FNF:2
FNH:0
FNDA:0,UsersPage
FNDA:0,(anonymous_3)
DA:28,0
DA:29,0
DA:30,0
DA:32,0
DA:38,0
DA:39,0
DA:40,0
DA:41,0
DA:42,0
DA:44,0
DA:45,0
DA:46,0
DA:47,0
DA:48,0
DA:51,0
DA:52,0
DA:53,0
DA:55,0
DA:56,0
DA:57,0
DA:61,0
DA:62,0
DA:63,0
DA:67,0
DA:69,0
DA:70,0
DA:72,0
DA:76,0
DA:77,0
DA:99,0
DA:122,0
DA:128,0
DA:134,0
LF:33
LH:0
BRDA:41,0,0,0
BRDA:41,1,0,0
BRDA:41,1,1,0
BRDA:42,2,0,0
BRDA:42,2,1,0
BRDA:52,3,0,0
BRDA:52,4,0,0
BRDA:52,4,1,0
BRDA:55,5,0,0
BRDA:55,6,0,0
BRDA:55,6,1,0
BRDA:56,7,0,0
BRDA:56,7,1,0
BRDA:62,8,0,0
BRDA:62,8,1,0
BRDA:67,9,0,0
BRDA:67,9,1,0
BRDA:70,10,0,0
BRDA:70,10,1,0
BRDA:76,11,0,0
BRDA:76,11,1,0
BRF:21
BRH:0
end_of_record
TN:
SF:components/assets/asset-actions.tsx
FN:47,AssetActions
FN:53,(anonymous_2)
FN:110,(anonymous_3)
FNF:3
FNH:1
FNDA:13,AssetActions
FNDA:0,(anonymous_2)
FNDA:0,(anonymous_3)
DA:29,1
DA:30,1
DA:36,1
DA:37,1
DA:45,1
DA:47,13
DA:48,13
DA:51,13
DA:53,13
DA:57,13
DA:58,4
DA:110,0
LF:12
LH:11
BRDA:51,0,0,13
BRDA:51,0,1,11
BRDA:57,1,0,4
BRDA:65,2,0,7
BRDA:65,2,1,2
BRF:5
BRH:5
end_of_record
TN:
SF:components/assets/asset-add-modal.tsx
FN:50,AssetAddModal
FN:60,(anonymous_2)
FN:65,(anonymous_3)
FN:125,(anonymous_4)
FNF:4
FNH:4
FNDA:29,AssetAddModal
FNDA:17,(anonymous_2)
FNDA:10,(anonymous_3)
FNDA:1,(anonymous_4)
DA:35,1
DA:36,1
DA:37,1
DA:39,1
DA:40,1
DA:50,17
DA:56,29
DA:57,29
DA:60,29
DA:61,17
DA:65,29
DA:66,10
DA:67,10
DA:69,10
DA:72,10
DA:73,10
DA:76,10
DA:81,8
DA:83,4
DA:84,4
DA:85,4
DA:86,3
DA:87,3
DA:90,4
DA:91,4
DA:92,4
DA:96,4
DA:99,4
DA:101,4
DA:104,2
DA:107,2
DA:108,2
DA:125,1
LF:33
LH:33
BRDA:61,0,0,16
BRDA:72,1,0,10
BRDA:81,2,0,4
BRDA:86,3,0,3
BRDA:86,4,0,3
BRDA:86,4,1,3
BRDA:86,4,2,1
BRDA:87,5,0,3
BRDA:87,5,1,1
BRDA:99,6,0,3
BRDA:104,7,0,1
BRDA:104,7,1,1
BRDA:128,8,0,29
BRF:13
BRH:13
end_of_record
TN:
SF:components/assets/asset-detail-modal.tsx
FN:57,(anonymous_1)
FN:74,AssetDetailModal
FNF:2
FNH:2
FNDA:30,(anonymous_1)
FNDA:33,AssetDetailModal
DA:35,1
DA:36,1
DA:38,1
DA:39,1
DA:57,1
DA:58,30
DA:60,25
DA:62,1
DA:64,1
DA:66,1
DA:68,1
DA:70,1
DA:74,33
LF:13
LH:13
BRDA:58,0,0,25
BRDA:58,0,1,1
BRDA:58,0,2,1
BRDA:58,0,3,1
BRDA:58,0,4,1
BRDA:58,0,5,1
BRDA:85,1,0,2
BRDA:85,1,1,31
BRDA:87,2,0,30
BRDA:87,2,1,1
BRDA:92,3,0,2
BRDA:92,3,1,31
BRDA:98,4,0,33
BRDA:100,5,0,33
BRDA:100,5,1,31
BRDA:104,6,0,33
BRDA:104,6,1,31
BRDA:107,7,0,30
BRDA:120,8,0,30
BRDA:120,8,1,1
BRDA:123,9,0,30
BRDA:123,9,1,1
BRDA:140,10,0,30
BRDA:147,11,0,4
BRDA:147,11,1,1
BRDA:151,12,0,4
BRDA:151,12,1,1
BRDA:154,13,0,3
BRDA:154,13,1,1
BRF:29
BRH:29
end_of_record
TN:
SF:components/assets/asset-detail.tsx
FN:39,(anonymous_1)
FN:57,safeFormatDate
FN:70,AssetDetail
FNF:3
FNH:3
FNDA:33,(anonymous_1)
FNDA:66,safeFormatDate
FNDA:33,AssetDetail
DA:28,1
DA:29,1
DA:30,1
DA:31,1
DA:32,1
DA:39,1
DA:40,33
DA:42,28
DA:44,1
DA:46,1
DA:48,1
DA:50,1
DA:52,1
DA:58,66
DA:60,62
DA:61,60
DA:62,2
DA:63,2
DA:65,0
DA:67,62
DA:70,33
LF:21
LH:20
BRDA:40,0,0,28
BRDA:40,0,1,1
BRDA:40,0,2,1
BRDA:40,0,3,1
BRDA:40,0,4,1
BRDA:40,0,5,1
BRDA:58,1,0,4
BRDA:60,2,0,60
BRDA:60,2,1,2
BRDA:62,3,0,2
BRDA:62,3,1,0
BRDA:67,4,0,2
BRDA:67,4,1,60
BRDA:120,5,0,33
BRDA:120,5,1,3
BRDA:128,6,0,33
BRF:16
BRH:15
end_of_record
TN:
SF:components/assets/asset-edit-modal.tsx
FN:44,AssetEditModal
FN:57,(anonymous_2)
FN:61,fetchAsset
FN:82,(anonymous_4)
FN:87,(anonymous_5)
FN:91,(anonymous_6)
FN:94,(anonymous_7)
FN:149,(anonymous_8)
FN:155,(anonymous_9)
FN:167,(anonymous_10)
FN:173,(anonymous_11)
FN:187,(anonymous_12)
FN:197,(anonymous_13)
FN:208,(anonymous_14)
FN:218,(anonymous_15)
FNF:15
FNH:11
FNDA:240,AssetEditModal
FNDA:27,(anonymous_2)
FNDA:24,fetchAsset
FNDA:985,(anonymous_4)
FNDA:155,(anonymous_5)
FNDA:155,(anonymous_6)
FNDA:6,(anonymous_7)
FNDA:0,(anonymous_8)
FNDA:910,(anonymous_9)
FNDA:0,(anonymous_10)
FNDA:1092,(anonymous_11)
FNDA:0,(anonymous_12)
FNDA:155,(anonymous_13)
FNDA:0,(anonymous_14)
FNDA:1,(anonymous_15)
DA:3,2
DA:10,2
DA:11,2
DA:12,2
DA:19,2
DA:20,2
DA:22,2
DA:44,27
DA:50,240
DA:51,240
DA:52,240
DA:53,240
DA:54,240
DA:55,240
DA:57,240
DA:58,27
DA:59,24
DA:60,24
DA:62,24
DA:63,24
DA:64,22
DA:65,18
DA:66,18
DA:68,5
DA:69,5
DA:70,5
DA:72,23
DA:75,24
DA:80,240
DA:83,985
DA:87,240
DA:91,155
DA:94,240
DA:95,6
DA:96,6
DA:97,6
DA:98,6
DA:99,6
DA:101,6
DA:104,6
DA:105,5
DA:108,6
DA:113,5
DA:114,5
DA:115,5
DA:117,1
DA:119,6
DA:149,0
DA:156,910
DA:167,0
DA:174,1092
DA:187,0
DA:197,155
DA:208,0
DA:218,1
LF:55
LH:51
BRDA:58,0,0,3
BRDA:58,1,0,27
BRDA:58,1,1,25
BRDA:65,2,0,18
BRDA:65,2,1,3
BRDA:66,3,0,18
BRDA:66,3,1,3
BRDA:80,4,0,240
BRDA:80,4,1,182
BRDA:96,5,0,0
BRDA:96,6,0,6
BRDA:96,6,1,6
BRDA:104,7,0,5
BRDA:113,8,0,0
BRDA:114,9,0,5
BRDA:136,10,0,24
BRDA:138,11,0,182
BRDA:148,12,0,182
BRDA:148,12,1,0
BRDA:166,13,0,182
BRDA:166,13,1,0
BRDA:186,14,0,182
BRDA:186,14,1,0
BRDA:196,15,0,182
BRDA:196,15,1,8
BRDA:207,16,0,182
BRDA:207,16,1,0
BRDA:213,17,0,182
BRDA:223,18,0,182
BRDA:223,18,1,167
BRDA:224,19,0,6
BRDA:224,19,1,176
BRDA:230,20,0,34
BRDA:230,20,1,30
BRF:34
BRH:28
end_of_record
TN:
SF:components/assets/asset-filters.tsx
FN:63,(anonymous_1)
FN:80,AssetFilters
FN:92,(anonymous_3)
FN:99,(anonymous_4)
FN:109,(anonymous_5)
FN:116,(anonymous_6)
FN:128,(anonymous_7)
FNF:7
FNH:4
FNDA:138,(anonymous_1)
FNDA:23,AssetFilters
FNDA:0,(anonymous_3)
FNDA:115,(anonymous_4)
FNDA:0,(anonymous_5)
FNDA:138,(anonymous_6)
FNDA:0,(anonymous_7)
DA:29,1
DA:30,1
DA:31,1
DA:38,1
DA:39,1
DA:40,1
DA:63,1
DA:64,138
DA:66,23
DA:68,23
DA:70,23
DA:72,23
DA:74,23
DA:76,23
DA:80,23
DA:92,0
DA:100,115
DA:109,0
DA:117,138
DA:128,0
LF:20
LH:17
BRDA:64,0,0,23
BRDA:64,0,1,23
BRDA:64,0,2,23
BRDA:64,0,3,23
BRDA:64,0,4,23
BRDA:64,0,5,23
BRDA:91,1,0,23
BRDA:91,1,1,2
BRDA:108,2,0,23
BRDA:108,2,1,2
BRDA:127,3,0,23
BRDA:127,3,1,2
BRF:12
BRH:12
end_of_record
TN:
SF:components/assets/asset-form-with-barcode.tsx
FN:62,AssetFormWithBarcode
FN:85,(anonymous_5)
FN:86,(anonymous_6)
FN:90,(anonymous_7)
FN:91,(anonymous_8)
FN:95,(anonymous_9)
FN:99,(anonymous_10)
FN:107,(anonymous_11)
FN:145,(anonymous_12)
FN:182,(anonymous_13)
FN:207,(anonymous_14)
FN:222,(anonymous_15)
FN:234,(anonymous_16)
FN:245,(anonymous_17)
FN:268,(anonymous_18)
FN:281,(anonymous_19)
FN:293,(anonymous_20)
FN:302,(anonymous_21)
FNF:18
FNH:12
FNDA:292,AssetFormWithBarcode
FNDA:28,(anonymous_5)
FNDA:28,(anonymous_6)
FNDA:25,(anonymous_7)
FNDA:25,(anonymous_8)
FNDA:193,(anonymous_9)
FNDA:193,(anonymous_10)
FNDA:8,(anonymous_11)
FNDA:0,(anonymous_12)
FNDA:0,(anonymous_13)
FNDA:109,(anonymous_14)
FNDA:28,(anonymous_15)
FNDA:56,(anonymous_16)
FNDA:0,(anonymous_17)
FNDA:0,(anonymous_18)
FNDA:0,(anonymous_19)
FNDA:0,(anonymous_20)
FNDA:3,(anonymous_21)
DA:28,1
DA:29,1
DA:30,1
DA:31,1
DA:32,1
DA:39,1
DA:40,1
DA:62,31
DA:67,292
DA:81,292
DA:82,292
DA:85,292
DA:86,28
DA:90,292
DA:91,25
DA:95,292
DA:99,193
DA:101,193
DA:102,1
DA:107,292
DA:108,8
DA:109,8
DA:110,8
DA:112,8
DA:113,8
DA:115,3
DA:116,3
DA:118,8
DA:145,0
DA:183,0
DA:207,109
DA:222,28
DA:234,56
DA:246,0
DA:268,0
DA:281,0
DA:293,0
DA:303,3
LF:38
LH:32
BRDA:101,0,0,1
BRDA:133,1,0,292
BRDA:170,2,0,292
BRDA:262,3,0,292
BRDA:267,4,0,291
BRDA:267,4,1,286
BRDA:275,5,0,292
BRDA:280,6,0,291
BRDA:280,6,1,286
BRDA:292,7,0,292
BRDA:292,7,1,286
BRDA:300,8,0,292
BRDA:311,9,0,8
BRDA:311,9,1,284
BRDA:313,10,0,280
BRDA:313,10,1,4
BRF:16
BRH:16
end_of_record
TN:
SF:components/assets/asset-form.tsx
FN:56,AssetForm
FN:82,(anonymous_2)
FN:83,fetchLocations
FN:89,(anonymous_4)
FN:105,(anonymous_5)
FN:106,fetchSuggestedAssetNumber
FN:126,(anonymous_7)
FN:177,(anonymous_8)
FN:205,(anonymous_9)
FN:209,(anonymous_10)
FN:223,(anonymous_11)
FN:237,(anonymous_12)
FN:244,(anonymous_13)
FN:259,(anonymous_14)
FN:281,(anonymous_15)
FN:294,(anonymous_16)
FN:310,(anonymous_17)
FN:322,(anonymous_18)
FN:329,(anonymous_19)
FNF:19
FNH:17
FNDA:135,AssetForm
FNDA:28,(anonymous_2)
FNDA:28,fetchLocations
FNDA:39,(anonymous_4)
FNDA:28,(anonymous_5)
FNDA:28,fetchSuggestedAssetNumber
FNDA:4,(anonymous_7)
FNDA:3,(anonymous_8)
FNDA:66,(anonymous_9)
FNDA:66,(anonymous_10)
FNDA:1,(anonymous_11)
FNDA:0,(anonymous_12)
FNDA:675,(anonymous_13)
FNDA:11,(anonymous_14)
FNDA:24,(anonymous_15)
FNDA:30,(anonymous_16)
FNDA:12,(anonymous_17)
FNDA:0,(anonymous_18)
FNDA:282,(anonymous_19)
DA:29,1
DA:30,1
DA:31,1
DA:32,1
DA:33,1
DA:34,1
DA:35,1
DA:42,1
DA:44,1
DA:45,1
DA:56,28
DA:63,135
DA:73,135
DA:74,135
DA:75,135
DA:78,135
DA:79,135
DA:82,135
DA:84,28
DA:85,28
DA:86,28
DA:87,28
DA:88,13
DA:89,39
DA:95,15
DA:98,0
DA:101,28
DA:105,135
DA:107,28
DA:108,28
DA:109,28
DA:112,27
DA:113,26
DA:114,13
DA:116,13
DA:119,2
DA:122,28
DA:126,135
DA:127,4
DA:129,4
DA:130,4
DA:131,4
DA:132,0
DA:133,4
DA:134,1
DA:135,1
DA:136,1
DA:138,3
DA:139,3
DA:140,3
DA:142,3
DA:147,3
DA:148,0
DA:149,3
DA:151,3
DA:154,3
DA:155,3
DA:157,3
DA:162,3
DA:163,0
DA:164,0
DA:165,0
DA:166,0
DA:167,0
DA:170,0
DA:171,0
DA:172,0
DA:173,0
DA:177,3
DA:180,3
DA:183,3
DA:184,3
DA:192,3
DA:193,3
DA:196,0
DA:197,0
DA:198,0
DA:199,0
DA:201,3
DA:205,135
DA:209,66
DA:211,66
DA:212,0
DA:224,1
DA:237,0
DA:245,675
DA:259,11
DA:281,24
DA:294,30
DA:310,12
DA:322,0
DA:330,282
LF:92
LH:73
BRDA:87,0,0,13
BRDA:87,0,1,15
BRDA:87,1,0,28
BRDA:87,1,1,13
BRDA:107,2,0,0
BRDA:113,3,0,13
BRDA:113,4,0,26
BRDA:113,4,1,14
BRDA:116,5,0,13
BRDA:130,6,0,0
BRDA:131,7,0,0
BRDA:133,8,0,1
BRDA:147,9,0,0
BRDA:147,9,1,3
BRDA:149,10,0,3
BRDA:154,11,0,3
BRDA:162,12,0,0
BRDA:166,13,0,0
BRDA:166,14,0,0
BRDA:166,14,1,0
BRDA:166,14,2,0
BRDA:167,15,0,0
BRDA:167,15,1,0
BRDA:183,16,0,3
BRDA:211,17,0,0
BRDA:219,18,0,135
BRDA:260,19,0,135
BRDA:260,19,1,41
BRDA:265,20,0,135
BRDA:280,21,0,135
BRDA:280,21,1,64
BRDA:293,22,0,135
BRDA:293,22,1,88
BRDA:309,23,0,135
BRDA:309,23,1,118
BRDA:323,24,0,135
BRDA:323,24,1,94
BRDA:337,25,0,135
BRDA:348,26,0,2
BRDA:348,26,1,133
BRDA:354,27,0,3
BRDA:361,28,0,130
BRDA:361,28,1,2
BRF:43
BRH:31
end_of_record
TN:
SF:components/assets/asset-history.tsx
FN:51,(anonymous_2)
FN:68,AssetHistory
FN:75,(anonymous_4)
FN:84,(anonymous_5)
FN:126,(anonymous_6)
FNF:5
FNH:5
FNDA:70,(anonymous_2)
FNDA:21,AssetHistory
FNDA:2,(anonymous_4)
FNDA:48,(anonymous_5)
FNDA:48,(anonymous_6)
DA:29,1
DA:30,1
DA:31,1
DA:32,1
DA:33,1
DA:34,1
DA:51,1
DA:52,70
DA:54,20
DA:56,13
DA:58,23
DA:60,12
DA:62,1
DA:64,1
DA:68,21
DA:71,21
DA:73,21
DA:76,2
DA:77,1
DA:78,1
DA:82,21
DA:84,21
DA:85,48
DA:87,9
DA:89,13
DA:91,12
DA:93,12
DA:95,1
DA:97,1
DA:127,48
LF:30
LH:30
BRDA:52,0,0,20
BRDA:52,0,1,13
BRDA:52,0,2,23
BRDA:52,0,3,12
BRDA:52,0,4,1
BRDA:52,0,5,1
BRDA:74,1,0,20
BRDA:74,1,1,1
BRDA:77,2,0,0
BRDA:82,3,0,17
BRDA:82,3,1,4
BRDA:85,4,0,9
BRDA:85,4,1,13
BRDA:85,4,2,12
BRDA:85,4,3,12
BRDA:85,4,4,1
BRDA:85,4,5,1
BRDA:113,5,0,1
BRDA:117,6,0,2
BRDA:121,7,0,2
BRDA:129,8,0,48
BRDA:145,9,0,48
BRDA:170,10,0,48
BRDA:175,11,0,48
BRDA:177,12,0,11
BRDA:177,12,1,28
BRF:26
BRH:25
end_of_record
TN:
SF:components/assets/asset-state-transition.tsx
FN:50,getStateColorClass
FN:69,AssetStateTransition
FN:83,getLifecycleStates
FN:114,(anonymous_7)
FN:180,(anonymous_8)
FN:202,(anonymous_9)
FN:221,(anonymous_10)
FN:273,(anonymous_11)
FN:279,(anonymous_12)
FNF:9
FNH:0
FNDA:0,getStateColorClass
FNDA:0,AssetStateTransition
FNDA:0,getLifecycleStates
FNDA:0,(anonymous_7)
FNDA:0,(anonymous_8)
FNDA:0,(anonymous_9)
FNDA:0,(anonymous_10)
FNDA:0,(anonymous_11)
FNDA:0,(anonymous_12)
DA:29,1
DA:30,1
DA:31,1
DA:32,1
DA:33,1
DA:38,1
DA:39,1
DA:40,1
DA:42,1
DA:51,0
DA:53,0
DA:55,0
DA:57,0
DA:59,0
DA:61,0
DA:63,0
DA:65,0
DA:69,0
DA:73,0
DA:74,0
DA:75,0
DA:76,0
DA:77,0
DA:80,0
DA:85,0
DA:86,0
DA:87,0
DA:88,0
DA:89,0
DA:90,0
DA:91,0
DA:92,0
DA:93,0
DA:94,0
DA:97,0
DA:98,0
DA:101,0
DA:102,0
DA:104,0
DA:108,0
DA:111,0
DA:114,0
DA:115,0
DA:116,0
DA:117,0
DA:118,0
DA:120,0
DA:121,0
DA:122,0
DA:123,0
DA:124,0
DA:125,0
DA:126,0
DA:127,0
DA:131,0
DA:132,0
DA:133,0
DA:134,0
DA:135,0
DA:138,0
DA:139,0
DA:144,0
DA:147,0
DA:156,0
DA:157,0
DA:158,0
DA:160,0
DA:161,0
DA:162,0
DA:165,0
DA:166,0
DA:167,0
DA:169,0
DA:171,0
DA:172,0
DA:173,0
DA:174,0
DA:175,0
DA:179,0
DA:180,0
DA:184,0
DA:186,0
DA:187,0
DA:189,0
DA:203,0
DA:204,0
DA:206,0
DA:207,0
DA:210,0
DA:212,0
DA:213,0
DA:214,0
DA:215,0
DA:216,0
DA:218,0
DA:221,0
DA:222,0
DA:223,0
DA:224,0
DA:226,0
DA:227,0
DA:229,0
DA:232,0
DA:273,0
DA:279,0
LF:105
LH:9
BRDA:51,0,0,0
BRDA:51,0,1,0
BRDA:51,0,2,0
BRDA:51,0,3,0
BRDA:51,0,4,0
BRDA:51,0,5,0
BRDA:51,0,6,0
BRDA:89,1,0,0
BRDA:89,1,1,0
BRDA:93,2,0,0
BRDA:93,3,0,0
BRDA:93,3,1,0
BRDA:97,4,0,0
BRDA:97,5,0,0
BRDA:97,5,1,0
BRDA:101,6,0,0
BRDA:123,7,0,0
BRDA:131,8,0,0
BRDA:160,9,0,0
BRDA:162,10,0,0
BRDA:162,10,1,0
BRDA:172,11,0,0
BRDA:180,12,0,0
BRDA:180,12,1,0
BRDA:187,13,0,0
BRDA:187,13,1,0
BRDA:206,14,0,0
BRDA:206,14,1,0
BRDA:210,15,0,0
BRDA:210,15,1,0
BRDA:210,15,2,0
BRDA:210,15,3,0
BRDA:213,16,0,0
BRDA:213,16,1,0
BRDA:213,17,0,0
BRDA:213,17,1,0
BRDA:215,18,0,0
BRDA:215,18,1,0
BRDA:222,19,0,0
BRDA:226,20,0,0
BRDA:226,20,1,0
BRDA:236,21,0,0
BRDA:236,21,1,0
BRDA:244,22,0,0
BRDA:244,22,1,0
BRDA:244,23,0,0
BRDA:244,23,1,0
BRDA:244,23,2,0
BRDA:250,24,0,0
BRDA:250,24,1,0
BRDA:251,25,0,0
BRDA:251,25,1,0
BRDA:256,26,0,0
BRDA:267,27,0,0
BRDA:282,28,0,0
BRDA:282,28,1,0
BRDA:293,29,0,0
BRDA:296,30,0,0
BRDA:296,30,1,0
BRF:59
BRH:0
end_of_record
TN:
SF:components/assets/asset-table.tsx
FN:58,(anonymous_2)
FN:82,AssetTable
FN:109,(anonymous_4)
FN:128,(anonymous_5)
FN:133,(anonymous_6)
FN:138,(anonymous_7)
FN:141,(anonymous_8)
FN:153,(anonymous_9)
FN:159,(anonymous_10)
FN:198,(anonymous_11)
FN:351,(anonymous_12)
FN:361,(anonymous_13)
FN:364,(anonymous_14)
FN:414,(anonymous_15)
FN:463,(anonymous_16)
FN:476,(anonymous_17)
FN:498,(anonymous_18)
FN:531,(anonymous_19)
FN:544,(anonymous_20)
FN:595,(anonymous_21)
FN:653,(anonymous_22)
FN:667,(anonymous_23)
FNF:22
FNH:3
FNDA:0,(anonymous_2)
FNDA:8,AssetTable
FNDA:8,(anonymous_4)
FNDA:8,(anonymous_5)
FNDA:0,(anonymous_6)
FNDA:0,(anonymous_7)
FNDA:0,(anonymous_8)
FNDA:0,(anonymous_9)
FNDA:0,(anonymous_10)
FNDA:0,(anonymous_11)
FNDA:0,(anonymous_12)
FNDA:0,(anonymous_13)
FNDA:0,(anonymous_14)
FNDA:0,(anonymous_15)
FNDA:0,(anonymous_16)
FNDA:0,(anonymous_17)
FNDA:0,(anonymous_18)
FNDA:0,(anonymous_19)
FNDA:0,(anonymous_20)
FNDA:0,(anonymous_21)
FNDA:0,(anonymous_22)
FNDA:0,(anonymous_23)
DA:37,1
DA:38,1
DA:39,1
DA:40,1
DA:41,1
DA:42,1
DA:48,1
DA:49,1
DA:50,1
DA:51,1
DA:52,1
DA:53,1
DA:54,1
DA:55,1
DA:58,1
DA:61,0
DA:63,0
DA:65,0
DA:67,0
DA:69,0
DA:71,0
DA:73,0
DA:82,8
DA:83,8
DA:84,8
DA:85,8
DA:86,8
DA:87,8
DA:88,8
DA:91,8
DA:94,8
DA:95,8
DA:100,8
DA:103,8
DA:104,8
DA:105,8
DA:106,8
DA:109,8
DA:110,8
DA:111,8
DA:112,8
DA:115,8
DA:116,0
DA:118,8
DA:119,8
DA:121,0
DA:122,0
DA:124,8
DA:128,8
DA:129,8
DA:133,8
DA:134,0
DA:135,0
DA:138,8
DA:139,0
DA:140,0
DA:141,0
DA:142,0
DA:143,0
DA:147,0
DA:153,8
DA:154,0
DA:155,0
DA:159,8
DA:160,0
DA:161,0
DA:162,0
DA:164,0
DA:167,0
DA:168,0
DA:171,0
DA:180,0
DA:181,0
DA:183,0
DA:184,0
DA:188,0
DA:192,0
DA:194,0
DA:198,8
DA:199,0
DA:200,0
DA:203,8
DA:207,0
DA:215,0
DA:216,0
DA:352,0
DA:362,0
DA:365,0
DA:415,0
DA:463,0
DA:476,0
DA:499,0
DA:531,0
DA:544,0
DA:596,0
DA:653,0
DA:667,0
LF:97
LH:46
BRDA:61,0,0,0
BRDA:61,0,1,0
BRDA:61,0,2,0
BRDA:61,0,3,0
BRDA:61,0,4,0
BRDA:61,0,5,0
BRDA:105,1,0,8
BRDA:105,1,1,8
BRDA:115,2,0,0
BRDA:142,3,0,0
BRDA:142,3,1,0
BRDA:143,4,0,0
BRDA:144,5,0,0
BRDA:144,5,1,0
BRDA:160,6,0,0
BRDA:167,7,0,0
BRDA:184,8,0,0
BRDA:185,9,0,0
BRDA:185,9,1,0
BRDA:203,10,0,8
BRDA:207,11,0,0
BRDA:207,12,0,0
BRDA:207,12,1,0
BRDA:207,12,2,0
BRDA:357,13,0,0
BRDA:357,13,1,0
BRDA:366,14,0,0
BRDA:366,14,1,0
BRDA:409,15,0,0
BRDA:412,16,0,0
BRDA:412,16,1,0
BRDA:466,17,0,0
BRDA:466,17,1,0
BRDA:479,18,0,0
BRDA:479,18,1,0
BRDA:354,19,0,0
BRDA:354,19,1,0
BRDA:354,19,2,0
BRDA:534,20,0,0
BRDA:534,20,1,0
BRDA:547,21,0,0
BRDA:547,21,1,0
BRDA:590,22,0,0
BRDA:593,23,0,0
BRDA:593,23,1,0
BRDA:500,24,0,0
BRDA:500,24,1,0
BRDA:500,24,2,0
BRF:48
BRH:3
end_of_record
TN:
SF:components/auth/protected-route.tsx
FN:38,ProtectedRoute
FN:56,(anonymous_2)
FNF:2
FNH:0
FNDA:0,ProtectedRoute
FNDA:0,(anonymous_2)
DA:29,0
DA:30,0
DA:31,0
DA:38,0
DA:42,0
DA:43,0
DA:45,0
DA:56,0
DA:57,0
DA:58,0
DA:59,0
DA:60,0
DA:62,0
DA:63,0
DA:65,0
DA:66,0
DA:67,0
DA:69,0
DA:76,0
DA:77,0
DA:89,0
DA:90,0
DA:98,0
DA:101,0
LF:24
LH:0
BRDA:40,0,0,0
BRDA:49,1,0,0
BRDA:49,1,1,0
BRDA:57,2,0,0
BRDA:59,3,0,0
BRDA:59,3,1,0
BRDA:63,4,0,0
BRDA:66,5,0,0
BRDA:76,6,0,0
BRDA:89,7,0,0
BRDA:89,8,0,0
BRDA:89,8,1,0
BRDA:89,8,2,0
BRDA:92,9,0,0
BRDA:92,9,1,0
BRF:15
BRH:0
end_of_record
TN:
SF:components/dashboard/assets-by-state.tsx
FN:43,AssetsByState
FN:47,(anonymous_2)
FN:67,mapStatusToAssetState
FN:85,getLifecycleStateColorClass
FN:95,(anonymous_5)
FN:101,(anonymous_6)
FN:117,(anonymous_7)
FN:135,(anonymous_8)
FN:157,(anonymous_9)
FN:162,(anonymous_10)
FNF:10
FNH:0
FNDA:0,AssetsByState
FNDA:0,(anonymous_2)
FNDA:0,mapStatusToAssetState
FNDA:0,getLifecycleStateColorClass
FNDA:0,(anonymous_5)
FNDA:0,(anonymous_6)
FNDA:0,(anonymous_7)
FNDA:0,(anonymous_8)
FNDA:0,(anonymous_9)
FNDA:0,(anonymous_10)
DA:29,0
DA:31,0
DA:32,0
DA:33,0
DA:35,0
DA:43,0
DA:47,0
DA:50,0
DA:70,0
DA:72,0
DA:74,0
DA:76,0
DA:78,0
DA:80,0
DA:86,0
DA:87,0
DA:89,0
DA:94,0
DA:95,0
DA:101,0
DA:104,0
DA:114,0
DA:116,0
DA:117,0
DA:118,0
DA:136,0
DA:158,0
DA:163,0
LF:28
LH:0
BRDA:45,0,0,0
BRDA:50,1,0,0
BRDA:70,2,0,0
BRDA:70,2,1,0
BRDA:70,2,2,0
BRDA:70,2,3,0
BRDA:70,2,4,0
BRDA:86,3,0,0
BRDA:131,4,0,0
BRDA:143,5,0,0
BRDA:143,5,1,0
BRDA:146,6,0,0
BRDA:146,6,1,0
BRDA:158,7,0,0
BRDA:158,7,1,0
BRDA:158,7,2,0
BRDA:171,8,0,0
BRDA:171,8,1,0
BRF:18
BRH:0
end_of_record
TN:
SF:components/dashboard/assets-by-type.tsx
FN:38,AssetsByType
FN:40,(anonymous_2)
FN:59,(anonymous_3)
FN:65,(anonymous_4)
FN:92,(anonymous_5)
FNF:5
FNH:0
FNDA:0,AssetsByType
FNDA:0,(anonymous_2)
FNDA:0,(anonymous_3)
FNDA:0,(anonymous_4)
FNDA:0,(anonymous_5)
DA:29,0
DA:30,0
DA:31,0
DA:32,0
DA:38,0
DA:39,0
DA:40,0
DA:43,0
DA:59,0
DA:65,0
DA:66,0
DA:68,0
DA:70,0
DA:72,0
DA:74,0
DA:76,0
DA:78,0
DA:93,0
LF:18
LH:0
BRDA:43,0,0,0
BRDA:66,1,0,0
BRDA:66,1,1,0
BRDA:66,1,2,0
BRDA:66,1,3,0
BRDA:66,1,4,0
BRDA:66,1,5,0
BRDA:99,2,0,0
BRDA:99,2,1,0
BRF:9
BRH:0
end_of_record
TN:
SF:components/dashboard/building-assets-card.tsx
FN:58,normalizeType
FN:62,getTypeCountMap
FN:71,BuildingAssetsCard
FN:90,(anonymous_6)
FN:112,ReadyToGoAssetsCard
FN:128,(anonymous_8)
FNF:6
FNH:0
FNDA:0,normalizeType
FNDA:0,getTypeCountMap
FNDA:0,BuildingAssetsCard
FNDA:0,(anonymous_6)
FNDA:0,ReadyToGoAssetsCard
FNDA:0,(anonymous_8)
DA:28,0
DA:29,0
DA:30,0
DA:31,0
DA:34,0
DA:42,0
DA:50,0
DA:59,0
DA:63,0
DA:64,0
DA:65,0
DA:66,0
DA:68,0
DA:71,0
DA:76,0
DA:78,0
DA:91,0
DA:112,0
DA:117,0
DA:129,0
LF:20
LH:0
BRDA:59,0,0,0
BRDA:59,0,1,0
BRDA:98,1,0,0
BRDA:98,1,1,0
BRDA:102,2,0,0
BRDA:102,2,1,0
BRDA:136,3,0,0
BRDA:136,3,1,0
BRDA:140,4,0,0
BRDA:140,4,1,0
BRF:10
BRH:0
end_of_record
TN:
SF:components/dashboard/dashboard-stats.tsx
FN:46,DashboardStats
FN:52,getCountByStateVariants
FN:54,(anonymous_4)
FN:133,(anonymous_5)
FN:152,(anonymous_6)
FNF:5
FNH:0
FNDA:0,DashboardStats
FNDA:0,getCountByStateVariants
FNDA:0,(anonymous_4)
FNDA:0,(anonymous_5)
FNDA:0,(anonymous_6)
DA:29,0
DA:30,0
DA:31,0
DA:46,0
DA:53,0
DA:54,0
DA:55,0
DA:57,0
DA:61,0
DA:68,0
DA:75,0
DA:89,0
DA:91,0
DA:98,0
DA:133,0
DA:134,0
DA:136,0
DA:138,0
DA:140,0
DA:142,0
DA:144,0
DA:146,0
DA:153,0
LF:23
LH:0
BRDA:55,0,0,0
BRDA:102,1,0,0
BRDA:102,1,1,0
BRDA:134,2,0,0
BRDA:134,2,1,0
BRDA:134,2,2,0
BRDA:134,2,3,0
BRDA:134,2,4,0
BRDA:134,2,5,0
BRF:9
BRH:0
end_of_record
TN:
SF:components/dashboard/quick-actions.tsx
FN:29,QuickActions
FNF:1
FNH:0
FNDA:0,QuickActions
DA:29,0
DA:32,0
LF:2
LH:0
BRF:0
BRH:0
end_of_record
TN:
SF:components/dashboard/recent-activity.tsx
FN:53,RecentActivity
FN:60,(anonymous_2)
FN:83,(anonymous_3)
FN:127,(anonymous_4)
FN:131,(anonymous_5)
FN:172,(anonymous_6)
FNF:6
FNH:0
FNDA:0,RecentActivity
FNDA:0,(anonymous_2)
FNDA:0,(anonymous_3)
FNDA:0,(anonymous_4)
FNDA:0,(anonymous_5)
FNDA:0,(anonymous_6)
DA:29,0
DA:30,0
DA:31,0
DA:32,0
DA:33,0
DA:34,0
DA:35,0
DA:37,0
DA:53,0
DA:54,0
DA:57,0
DA:58,0
DA:60,0
DA:61,0
DA:62,0
DA:63,0
DA:65,0
DA:66,0
DA:67,0
DA:68,0
DA:69,0
DA:71,0
DA:72,0
DA:75,0
DA:76,0
DA:78,0
DA:83,0
DA:84,0
DA:86,0
DA:88,0
DA:90,0
DA:92,0
DA:94,0
DA:96,0
DA:100,0
DA:128,0
DA:131,0
DA:172,0
LF:38
LH:0
BRDA:67,0,0,0
BRDA:67,0,1,0
BRDA:84,1,0,0
BRDA:84,1,1,0
BRDA:84,1,2,0
BRDA:84,1,3,0
BRDA:84,1,4,0
BRDA:84,1,5,0
BRDA:100,2,0,0
BRDA:100,3,0,0
BRDA:100,3,1,0
BRDA:141,4,0,0
BRDA:141,4,1,0
BRDA:149,5,0,0
BRDA:149,5,1,0
BRDA:159,6,0,0
BRDA:159,6,1,0
BRF:17
BRH:0
end_of_record
TN:
SF:components/holding-assets/EditHoldingAssetModal.tsx
FN:33,getAssetTypeEnumFromNumber
FN:64,EditHoldingAssetModal
FN:86,(anonymous_6)
FN:98,(anonymous_7)
FN:152,(anonymous_8)
FN:199,(anonymous_9)
FNF:6
FNH:0
FNDA:0,getAssetTypeEnumFromNumber
FNDA:0,EditHoldingAssetModal
FNDA:0,(anonymous_6)
FNDA:0,(anonymous_7)
FNDA:0,(anonymous_8)
FNDA:0,(anonymous_9)
DA:27,0
DA:28,0
DA:29,0
DA:35,0
DA:36,0
DA:39,0
DA:40,0
DA:42,0
DA:44,0
DA:46,0
DA:48,0
DA:50,0
DA:52,0
DA:64,0
DA:74,0
DA:76,0
DA:78,0
DA:80,0
DA:83,0
DA:86,0
DA:87,0
DA:88,0
DA:91,0
DA:93,0
DA:94,0
DA:98,0
DA:99,0
DA:100,0
DA:101,0
DA:105,0
DA:106,0
DA:118,0
DA:119,0
DA:120,0
DA:121,0
DA:122,0
DA:124,0
DA:125,0
DA:126,0
DA:129,0
DA:130,0
DA:152,0
DA:199,0
LF:43
LH:0
BRDA:35,0,0,0
BRDA:40,1,0,0
BRDA:40,1,1,0
BRDA:40,1,2,0
BRDA:40,1,3,0
BRDA:40,1,4,0
BRDA:40,1,5,0
BRDA:87,2,0,0
BRDA:87,3,0,0
BRDA:87,3,1,0
BRDA:118,4,0,0
BRDA:118,4,1,0
BRDA:125,5,0,0
BRDA:125,5,1,0
BRDA:143,6,0,0
BRDA:158,7,0,0
BRDA:162,8,0,0
BRDA:168,9,0,0
BRDA:178,10,0,0
BRDA:206,11,0,0
BRF:20
BRH:0
end_of_record
TN:
SF:components/holding-assets/HoldingAssetsTable.tsx
FN:43,(anonymous_5)
FN:54,(anonymous_6)
FN:80,(anonymous_7)
FN:92,(anonymous_8)
FN:97,(anonymous_9)
FN:102,(anonymous_10)
FN:140,(anonymous_11)
FN:150,(anonymous_12)
FN:166,(anonymous_13)
FN:166,(anonymous_14)
FN:180,(anonymous_15)
FN:180,(anonymous_16)
FNF:12
FNH:0
FNDA:0,(anonymous_5)
FNDA:0,(anonymous_6)
FNDA:0,(anonymous_7)
FNDA:0,(anonymous_8)
FNDA:0,(anonymous_9)
FNDA:0,(anonymous_10)
FNDA:0,(anonymous_11)
FNDA:0,(anonymous_12)
FNDA:0,(anonymous_13)
FNDA:0,(anonymous_14)
FNDA:0,(anonymous_15)
FNDA:0,(anonymous_16)
DA:27,0
DA:28,0
DA:29,0
DA:30,0
DA:41,0
DA:43,0
DA:44,0
DA:45,0
DA:46,0
DA:47,0
DA:48,0
DA:51,0
DA:54,0
DA:55,0
DA:56,0
DA:57,0
DA:58,0
DA:59,0
DA:60,0
DA:63,0
DA:68,0
DA:69,0
DA:70,0
DA:72,0
DA:75,0
DA:77,0
DA:80,0
DA:81,0
DA:82,0
DA:87,0
DA:88,0
DA:89,0
DA:92,0
DA:93,0
DA:94,0
DA:97,0
DA:98,0
DA:99,0
DA:102,0
DA:103,0
DA:104,0
DA:141,0
DA:150,0
DA:166,0
DA:180,0
DA:208,0
LF:46
LH:0
BRDA:57,0,0,0
BRDA:68,1,0,0
BRDA:68,1,1,0
BRDA:70,2,0,0
BRDA:70,2,1,0
BRDA:81,3,0,0
BRDA:111,4,0,0
BRDA:113,5,0,0
BRDA:144,6,0,0
BRDA:144,6,1,0
BRDA:146,7,0,0
BRDA:146,7,1,0
BRDA:148,8,0,0
BRDA:148,8,1,0
BRDA:193,9,0,0
BRDA:193,9,1,0
BRF:16
BRH:0
end_of_record
TN:
SF:components/imports/import-modal.tsx
FN:54,Toast
FN:84,(anonymous_5)
FN:107,(anonymous_6)
FN:115,(anonymous_7)
FN:120,(anonymous_8)
FN:150,(anonymous_9)
FN:168,(anonymous_10)
FN:178,(anonymous_11)
FN:187,(anonymous_12)
FN:204,(anonymous_13)
FN:214,(anonymous_14)
FN:225,(anonymous_15)
FN:235,(anonymous_16)
FN:256,(anonymous_17)
FNF:14
FNH:0
FNDA:0,Toast
FNDA:0,(anonymous_5)
FNDA:0,(anonymous_6)
FNDA:0,(anonymous_7)
FNDA:0,(anonymous_8)
FNDA:0,(anonymous_9)
FNDA:0,(anonymous_10)
FNDA:0,(anonymous_11)
FNDA:0,(anonymous_12)
FNDA:0,(anonymous_13)
FNDA:0,(anonymous_14)
FNDA:0,(anonymous_15)
FNDA:0,(anonymous_16)
FNDA:0,(anonymous_17)
DA:30,0
DA:36,0
DA:37,0
DA:38,0
DA:41,0
DA:48,0
DA:84,0
DA:91,0
DA:93,0
DA:95,0
DA:97,0
DA:102,0
DA:103,0
DA:104,0
DA:107,0
DA:108,0
DA:109,0
DA:110,0
DA:115,0
DA:116,0
DA:117,0
DA:118,0
DA:119,0
DA:120,0
DA:121,0
DA:122,0
DA:123,0
DA:125,0
DA:126,0
DA:127,0
DA:128,0
DA:129,0
DA:131,0
DA:132,0
DA:133,0
DA:134,0
DA:138,0
DA:140,0
DA:147,0
DA:148,0
DA:149,0
DA:150,0
DA:151,0
DA:152,0
DA:153,0
DA:154,0
DA:155,0
DA:157,0
DA:158,0
DA:159,0
DA:160,0
DA:161,0
DA:163,0
DA:165,0
DA:166,0
DA:167,0
DA:168,0
DA:169,0
DA:170,0
DA:172,0
DA:175,0
DA:176,0
DA:177,0
DA:178,0
DA:179,0
DA:180,0
DA:182,0
DA:187,0
DA:188,0
DA:189,0
DA:190,0
DA:191,0
DA:205,0
DA:214,0
DA:226,0
DA:235,0
DA:257,0
DA:289,0
LF:78
LH:0
BRDA:65,0,0,0
BRDA:65,0,1,0
BRDA:108,1,0,0
BRDA:108,2,0,0
BRDA:108,2,1,0
BRDA:116,3,0,0
BRDA:119,4,0,0
BRDA:147,5,0,0
BRDA:147,5,1,0
BRDA:149,6,0,0
BRDA:167,7,0,0
BRDA:177,8,0,0
BRDA:264,9,0,0
BRDA:269,10,0,0
BRDA:276,11,0,0
BRDA:276,11,1,0
BRDA:283,12,0,0
BRF:17
BRH:0
end_of_record
TN:
SF:components/layout/header.tsx
FN:54,Header
FN:77,(anonymous_3)
FN:104,(anonymous_4)
FN:137,(anonymous_5)
FN:173,(anonymous_6)
FN:219,(anonymous_7)
FN:231,(anonymous_8)
FNF:7
FNH:0
FNDA:0,Header
FNDA:0,(anonymous_3)
FNDA:0,(anonymous_4)
FNDA:0,(anonymous_5)
FNDA:0,(anonymous_6)
FNDA:0,(anonymous_7)
FNDA:0,(anonymous_8)
DA:29,0
DA:30,0
DA:38,0
DA:39,0
DA:40,0
DA:41,0
DA:42,0
DA:46,0
DA:47,0
DA:48,0
DA:54,0
DA:55,0
DA:56,0
DA:57,0
DA:58,0
DA:60,0
DA:63,0
DA:77,0
DA:78,0
DA:79,0
DA:80,0
DA:83,0
DA:84,0
DA:85,0
DA:88,0
DA:89,0
DA:90,0
DA:91,0
DA:93,0
DA:94,0
DA:97,0
DA:98,0
DA:100,0
DA:104,0
DA:105,0
DA:106,0
DA:137,0
DA:173,0
DA:219,0
DA:231,0
LF:40
LH:0
BRDA:63,0,0,0
BRDA:63,0,1,0
BRDA:65,1,0,0
BRDA:65,1,1,0
BRDA:65,1,2,0
BRDA:66,2,0,0
BRDA:66,2,1,0
BRDA:67,3,0,0
BRDA:67,3,1,0
BRDA:68,4,0,0
BRDA:68,4,1,0
BRDA:78,5,0,0
BRDA:88,6,0,0
BRDA:88,6,1,0
BRDA:105,7,0,0
BRF:15
BRH:0
end_of_record
TN:
SF:components/layout/layout-wrapper.tsx
FN:37,LayoutWrapper
FN:40,(anonymous_2)
FN:49,(anonymous_3)
FNF:3
FNH:0
FNDA:0,LayoutWrapper
FNDA:0,(anonymous_2)
FNDA:0,(anonymous_3)
DA:29,0
DA:30,0
DA:31,0
DA:37,0
DA:38,0
DA:40,0
DA:41,0
DA:49,0
LF:8
LH:0
BRF:0
BRH:0
end_of_record
TN:
SF:components/layout/sidebar.tsx
FN:114,Sidebar
FN:128,(anonymous_3)
FN:156,(anonymous_4)
FN:171,(anonymous_5)
FN:217,(anonymous_6)
FN:299,(anonymous_7)
FN:307,(anonymous_8)
FN:327,(anonymous_9)
FNF:8
FNH:0
FNDA:0,Sidebar
FNDA:0,(anonymous_3)
FNDA:0,(anonymous_4)
FNDA:0,(anonymous_5)
FNDA:0,(anonymous_6)
FNDA:0,(anonymous_7)
FNDA:0,(anonymous_8)
FNDA:0,(anonymous_9)
DA:29,0
DA:30,0
DA:31,0
DA:32,0
DA:40,0
DA:41,0
DA:42,0
DA:46,0
DA:63,0
DA:114,0
DA:118,0
DA:119,0
DA:120,0
DA:122,0
DA:125,0
DA:128,0
DA:129,0
DA:131,0
DA:133,0
DA:156,0
DA:172,0
DA:175,0
DA:177,0
DA:178,0
DA:194,0
DA:218,0
DA:231,0
DA:300,0
DA:303,0
DA:304,0
DA:307,0
DA:328,0
DA:345,0
LF:33
LH:0
BRDA:115,0,0,0
BRDA:129,1,0,0
BRDA:142,2,0,0
BRDA:142,2,1,0
BRDA:147,3,0,0
BRDA:157,4,0,0
BRDA:157,4,1,0
BRDA:160,5,0,0
BRDA:175,6,0,0
BRDA:177,7,0,0
BRDA:183,8,0,0
BRDA:183,8,1,0
BRDA:200,9,0,0
BRDA:200,9,1,0
BRDA:236,10,0,0
BRDA:236,10,1,0
BRDA:237,11,0,0
BRDA:237,11,1,0
BRDA:242,12,0,0
BRDA:244,13,0,0
BRDA:244,13,1,0
BRDA:256,14,0,0
BRDA:266,15,0,0
BRDA:277,16,0,0
BRDA:277,16,1,0
BRDA:303,17,0,0
BRDA:310,18,0,0
BRDA:310,18,1,0
BRDA:318,19,0,0
BRDA:325,20,0,0
BRDA:354,21,0,0
BRDA:354,21,1,0
BRDA:361,22,0,0
BRF:33
BRH:0
end_of_record
TN:
SF:components/locations/location-add-modal.tsx
FN:56,LocationAddModal
FN:76,(anonymous_2)
FN:88,(anonymous_3)
FN:92,(anonymous_4)
FN:95,(anonymous_5)
FN:168,(anonymous_6)
FN:189,(anonymous_7)
FN:200,(anonymous_8)
FN:209,(anonymous_9)
FN:231,(anonymous_10)
FNF:10
FNH:0
FNDA:0,LocationAddModal
FNDA:0,(anonymous_2)
FNDA:0,(anonymous_3)
FNDA:0,(anonymous_4)
FNDA:0,(anonymous_5)
FNDA:0,(anonymous_6)
FNDA:0,(anonymous_7)
FNDA:0,(anonymous_8)
FNDA:0,(anonymous_9)
FNDA:0,(anonymous_10)
DA:35,0
DA:36,0
DA:37,0
DA:44,0
DA:45,0
DA:46,0
DA:47,0
DA:48,0
DA:56,0
DA:61,0
DA:66,0
DA:67,0
DA:68,0
DA:71,0
DA:76,0
DA:77,0
DA:78,0
DA:79,0
DA:83,0
DA:85,0
DA:88,0
DA:92,0
DA:95,0
DA:96,0
DA:99,0
DA:100,0
DA:101,0
DA:102,0
DA:103,0
DA:107,0
DA:108,0
DA:109,0
DA:112,0
DA:113,0
DA:114,0
DA:116,0
DA:118,0
DA:119,0
DA:124,0
DA:137,0
DA:139,0
DA:141,0
DA:142,0
DA:143,0
DA:144,0
DA:145,0
DA:148,0
DA:151,0
DA:152,0
DA:155,0
DA:157,0
DA:158,0
DA:159,0
DA:161,0
DA:162,0
DA:164,0
DA:168,0
DA:169,0
DA:170,0
DA:171,0
DA:189,0
DA:200,0
DA:209,0
DA:231,0
LF:64
LH:0
BRDA:71,0,0,0
BRDA:71,0,1,0
BRDA:71,0,2,0
BRDA:71,0,3,0
BRDA:77,1,0,0
BRDA:78,2,0,0
BRDA:79,3,0,0
BRDA:80,4,0,0
BRDA:80,4,1,0
BRDA:80,4,2,0
BRDA:100,5,0,0
BRDA:107,6,0,0
BRDA:118,7,0,0
BRDA:118,7,1,0
BRDA:121,8,0,0
BRDA:121,8,1,0
BRDA:128,9,0,0
BRDA:128,9,1,0
BRDA:139,10,0,0
BRDA:144,11,0,0
BRDA:144,12,0,0
BRDA:144,12,1,0
BRDA:157,13,0,0
BRDA:162,14,0,0
BRDA:162,14,1,0
BRDA:169,15,0,0
BRDA:222,16,0,0
BRDA:236,17,0,0
BRDA:236,17,1,0
BRDA:237,18,0,0
BRDA:237,18,1,0
BRF:31
BRH:0
end_of_record
TN:
SF:components/locations/location-assignments-modal.tsx
FN:47,LocationAssignmentsModal
FN:65,(anonymous_2)
FN:78,(anonymous_3)
FN:79,(anonymous_4)
FN:86,(anonymous_5)
FN:93,(anonymous_6)
FN:130,(anonymous_7)
FN:143,(anonymous_8)
FN:143,(anonymous_9)
FN:154,(anonymous_10)
FN:155,(anonymous_11)
FN:179,(anonymous_12)
FN:192,(anonymous_13)
FN:192,(anonymous_14)
FN:203,(anonymous_15)
FN:204,(anonymous_16)
FN:217,(anonymous_17)
FNF:17
FNH:0
FNDA:0,LocationAssignmentsModal
FNDA:0,(anonymous_2)
FNDA:0,(anonymous_3)
FNDA:0,(anonymous_4)
FNDA:0,(anonymous_5)
FNDA:0,(anonymous_6)
FNDA:0,(anonymous_7)
FNDA:0,(anonymous_8)
FNDA:0,(anonymous_9)
FNDA:0,(anonymous_10)
FNDA:0,(anonymous_11)
FNDA:0,(anonymous_12)
FNDA:0,(anonymous_13)
FNDA:0,(anonymous_14)
FNDA:0,(anonymous_15)
FNDA:0,(anonymous_16)
FNDA:0,(anonymous_17)
DA:27,0
DA:34,0
DA:35,0
DA:36,0
DA:39,0
DA:47,0
DA:52,0
DA:53,0
DA:54,0
DA:55,0
DA:57,0
DA:58,0
DA:59,0
DA:60,0
DA:61,0
DA:62,0
DA:65,0
DA:66,0
DA:67,0
DA:68,0
DA:70,0
DA:71,0
DA:72,0
DA:74,0
DA:78,0
DA:80,0
DA:81,0
DA:82,0
DA:83,0
DA:84,0
DA:87,0
DA:88,0
DA:93,0
DA:94,0
DA:95,0
DA:98,0
DA:99,0
DA:131,0
DA:143,0
DA:155,0
DA:180,0
DA:192,0
DA:204,0
DA:217,0
LF:44
LH:0
BRDA:66,0,0,0
BRDA:66,1,0,0
BRDA:66,1,1,0
BRDA:71,2,0,0
BRDA:80,3,0,0
BRDA:80,3,1,0
BRDA:81,4,0,0
BRDA:81,4,1,0
BRDA:82,5,0,0
BRDA:82,5,1,0
BRDA:83,6,0,0
BRDA:83,6,1,0
BRDA:111,7,0,0
BRDA:113,8,0,0
BRDA:123,9,0,0
BRDA:125,10,0,0
BRDA:127,11,0,0
BRDA:138,12,0,0
BRDA:172,13,0,0
BRDA:174,14,0,0
BRDA:176,15,0,0
BRDA:187,16,0,0
BRF:22
BRH:0
end_of_record
TN:
SF:components/locations/location-detail-modal.tsx
FN:52,LocationDetailModal
FN:60,(anonymous_2)
FN:63,fetchLocation
FN:105,(anonymous_4)
FNF:4
FNH:0
FNDA:0,LocationDetailModal
FNDA:0,(anonymous_2)
FNDA:0,fetchLocation
FNDA:0,(anonymous_4)
DA:35,0
DA:36,0
DA:37,0
DA:52,0
DA:57,0
DA:58,0
DA:60,0
DA:61,0
DA:62,0
DA:64,0
DA:65,0
DA:66,0
DA:67,0
DA:69,0
DA:71,0
DA:74,0
DA:105,0
LF:17
LH:0
BRDA:61,0,0,0
BRDA:61,1,0,0
BRDA:61,1,1,0
BRDA:67,2,0,0
BRDA:67,2,1,0
BRDA:87,3,0,0
BRDA:89,4,0,0
BRDA:92,5,0,0
BRDA:92,5,1,0
BRDA:96,6,0,0
BRDA:96,6,1,0
BRF:11
BRH:0
end_of_record
TN:
SF:components/locations/location-edit-modal.tsx
FN:61,LocationEditModal
FN:73,(anonymous_2)
FN:77,fetchLocation
FN:97,(anonymous_4)
FN:102,(anonymous_5)
FN:103,(anonymous_6)
FN:106,(anonymous_7)
FN:144,(anonymous_8)
FN:154,(anonymous_9)
FN:161,(anonymous_10)
FN:179,(anonymous_11)
FNF:11
FNH:0
FNDA:0,LocationEditModal
FNDA:0,(anonymous_2)
FNDA:0,fetchLocation
FNDA:0,(anonymous_4)
FNDA:0,(anonymous_5)
FNDA:0,(anonymous_6)
FNDA:0,(anonymous_7)
FNDA:0,(anonymous_8)
FNDA:0,(anonymous_9)
FNDA:0,(anonymous_10)
FNDA:0,(anonymous_11)
DA:35,0
DA:36,0
DA:37,0
DA:44,0
DA:45,0
DA:61,0
DA:67,0
DA:68,0
DA:69,0
DA:70,0
DA:71,0
DA:73,0
DA:74,0
DA:75,0
DA:76,0
DA:78,0
DA:79,0
DA:80,0
DA:81,0
DA:82,0
DA:84,0
DA:85,0
DA:86,0
DA:88,0
DA:91,0
DA:95,0
DA:98,0
DA:102,0
DA:103,0
DA:106,0
DA:107,0
DA:108,0
DA:109,0
DA:110,0
DA:111,0
DA:112,0
DA:117,0
DA:118,0
DA:119,0
DA:121,0
DA:123,0
DA:144,0
DA:154,0
DA:162,0
DA:179,0
LF:45
LH:0
BRDA:74,0,0,0
BRDA:74,1,0,0
BRDA:74,1,1,0
BRDA:81,2,0,0
BRDA:81,2,1,0
BRDA:82,3,0,0
BRDA:82,3,1,0
BRDA:95,4,0,0
BRDA:95,4,1,0
BRDA:108,5,0,0
BRDA:108,6,0,0
BRDA:108,6,1,0
BRDA:117,7,0,0
BRDA:118,8,0,0
BRDA:137,9,0,0
BRDA:139,10,0,0
BRDA:143,11,0,0
BRDA:143,11,1,0
BRDA:153,12,0,0
BRDA:153,12,1,0
BRDA:160,13,0,0
BRDA:160,13,1,0
BRDA:174,14,0,0
BRDA:184,15,0,0
BRDA:184,15,1,0
BRDA:185,16,0,0
BRDA:185,16,1,0
BRF:27
BRH:0
end_of_record
TN:
SF:components/locations/location-filters.tsx
FN:56,LocationFilters
FN:63,(anonymous_2)
FN:65,fetchLocations
FN:71,(anonymous_4)
FN:93,(anonymous_5)
FN:100,(anonymous_6)
FN:111,(anonymous_7)
FNF:7
FNH:0
FNDA:0,LocationFilters
FNDA:0,(anonymous_2)
FNDA:0,fetchLocations
FNDA:0,(anonymous_4)
FNDA:0,(anonymous_5)
FNDA:0,(anonymous_6)
FNDA:0,(anonymous_7)
DA:29,0
DA:36,0
DA:37,0
DA:56,0
DA:61,0
DA:63,0
DA:66,0
DA:67,0
DA:68,0
DA:69,0
DA:70,0
DA:72,0
DA:77,0
DA:79,0
DA:82,0
DA:85,0
DA:93,0
DA:101,0
DA:111,0
LF:19
LH:0
BRDA:69,0,0,0
BRDA:69,0,1,0
BRDA:69,1,0,0
BRDA:69,1,1,0
BRDA:72,2,0,0
BRDA:72,2,1,0
BRDA:72,2,2,0
BRDA:72,2,3,0
BRDA:92,3,0,0
BRDA:92,3,1,0
BRDA:93,4,0,0
BRDA:93,4,1,0
BRDA:110,5,0,0
BRDA:110,5,1,0
BRDA:111,6,0,0
BRDA:111,6,1,0
BRF:16
BRH:0
end_of_record
TN:
SF:components/locations/location-table.tsx
FN:68,LocationTable
FN:98,(anonymous_2)
FN:123,(anonymous_3)
FN:127,(anonymous_4)
FN:132,(anonymous_5)
FN:137,(anonymous_6)
FN:142,(anonymous_7)
FN:162,(anonymous_8)
FN:216,(anonymous_9)
FN:227,(anonymous_10)
FN:242,(anonymous_11)
FN:259,(anonymous_12)
FN:361,(anonymous_13)
FN:372,(anonymous_14)
FN:375,(anonymous_15)
FN:391,(anonymous_16)
FN:461,(anonymous_17)
FN:476,(anonymous_18)
FN:493,(anonymous_19)
FN:520,(anonymous_20)
FN:534,(anonymous_21)
FNF:21
FNH:0
FNDA:0,LocationTable
FNDA:0,(anonymous_2)
FNDA:0,(anonymous_3)
FNDA:0,(anonymous_4)
FNDA:0,(anonymous_5)
FNDA:0,(anonymous_6)
FNDA:0,(anonymous_7)
FNDA:0,(anonymous_8)
FNDA:0,(anonymous_9)
FNDA:0,(anonymous_10)
FNDA:0,(anonymous_11)
FNDA:0,(anonymous_12)
FNDA:0,(anonymous_13)
FNDA:0,(anonymous_14)
FNDA:0,(anonymous_15)
FNDA:0,(anonymous_16)
FNDA:0,(anonymous_17)
FNDA:0,(anonymous_18)
FNDA:0,(anonymous_19)
FNDA:0,(anonymous_20)
FNDA:0,(anonymous_21)
DA:29,0
DA:30,0
DA:31,0
DA:32,0
DA:33,0
DA:34,0
DA:35,0
DA:36,0
DA:37,0
DA:38,0
DA:68,0
DA:74,0
DA:75,0
DA:76,0
DA:77,0
DA:78,0
DA:81,0
DA:82,0
DA:83,0
DA:84,0
DA:85,0
DA:87,0
DA:88,0
DA:93,0
DA:94,0
DA:95,0
DA:98,0
DA:99,0
DA:100,0
DA:101,0
DA:102,0
DA:103,0
DA:105,0
DA:106,0
DA:108,0
DA:109,0
DA:110,0
DA:111,0
DA:112,0
DA:113,0
DA:114,0
DA:116,0
DA:117,0
DA:119,0
DA:123,0
DA:124,0
DA:127,0
DA:128,0
DA:129,0
DA:132,0
DA:133,0
DA:134,0
DA:137,0
DA:138,0
DA:139,0
DA:142,0
DA:143,0
DA:144,0
DA:145,0
DA:146,0
DA:147,0
DA:148,0
DA:150,0
DA:152,0
DA:153,0
DA:156,0
DA:158,0
DA:162,0
DA:163,0
DA:164,0
DA:166,0
DA:168,0
DA:169,0
DA:173,0
DA:177,0
DA:217,0
DA:227,0
DA:242,0
DA:259,0
DA:362,0
DA:373,0
DA:375,0
DA:392,0
DA:393,0
DA:461,0
DA:476,0
DA:493,0
DA:520,0
DA:534,0
LF:89
LH:0
BRDA:94,0,0,0
BRDA:94,0,1,0
BRDA:102,1,0,0
BRDA:102,2,0,0
[...]
DA:115,0
DA:116,0
DA:119,0
DA:120,0
LF:50
LH:0
BRDA:47,0,0,0
BRDA:47,0,1,0
BRDA:47,1,0,0
BRDA:47,1,1,0
BRDA:54,2,0,0
BRDA:57,3,0,0
BRDA:57,3,1,0
BRDA:58,4,0,0
BRDA:72,5,0,0
BRDA:72,5,1,0
BRDA:74,6,0,0
BRDA:74,7,0,0
BRDA:74,7,1,0
BRDA:86,8,0,0
BRDA:95,9,0,0
BRDA:105,10,0,0
BRDA:111,11,0,0
BRDA:112,12,0,0
BRDA:112,12,1,0
BRF:19
BRH:0
end_of_record
TN:
SF:lib/supabase-db.ts
FN:68,getUsers
FN:131,(anonymous_19)
FN:165,getUserById
FN:215,getUserByEmployeeId
FN:265,createUser
FN:279,updateUser
FN:295,getNextEmployeeId
FN:324,getAssets
FN:384,(anonymous_26)
FN:416,getAssetById
FN:475,createAsset
FN:489,updateAsset
FN:505,deleteAsset
FN:520,getLocations
FN:532,getDepartments
FN:540,(anonymous_33)
FN:547,createAssetHistory
FN:565,getSettings
FN:577,updateSettings
FN:593,searchAssets
FN:617,(anonymous_38)
FNF:21
FNH:0
FNDA:0,getUsers
FNDA:0,(anonymous_19)
FNDA:0,getUserById
FNDA:0,getUserByEmployeeId
FNDA:0,createUser
FNDA:0,updateUser
FNDA:0,getNextEmployeeId
FNDA:0,getAssets
FNDA:0,(anonymous_26)
FNDA:0,getAssetById
FNDA:0,createAsset
FNDA:0,updateAsset
FNDA:0,deleteAsset
FNDA:0,getLocations
FNDA:0,getDepartments
FNDA:0,(anonymous_33)
FNDA:0,createAssetHistory
FNDA:0,getSettings
FNDA:0,updateSettings
FNDA:0,searchAssets
FNDA:0,(anonymous_38)
DA:29,0
DA:68,0
DA:76,0
DA:95,0
DA:102,0
DA:103,0
DA:107,0
DA:108,0
DA:110,0
DA:111,0
DA:115,0
DA:118,0
DA:124,0
DA:127,0
DA:129,0
DA:132,0
DA:133,0
DA:134,0
DA:135,0
DA:136,0
DA:137,0
DA:139,0
DA:140,0
DA:141,0
DA:143,0
DA:165,0
DA:166,0
DA:183,0
DA:185,0
DA:215,0
DA:216,0
DA:233,0
DA:235,0
DA:265,0
DA:268,0
DA:274,0
DA:276,0
DA:279,0
DA:283,0
DA:290,0
DA:292,0
DA:295,0
DA:296,0
DA:303,0
DA:305,0
DA:306,0
DA:309,0
DA:310,0
DA:312,0
DA:313,0
DA:314,0
DA:317,0
DA:324,0
DA:334,0
DA:360,0
DA:361,0
DA:364,0
DA:365,0
DA:368,0
DA:369,0
DA:372,0
DA:373,0
DA:374,0
DA:375,0
DA:378,0
DA:380,0
DA:382,0
DA:384,0
DA:416,0
DA:417,0
DA:443,0
DA:445,0
DA:475,0
DA:478,0
DA:484,0
DA:486,0
DA:489,0
DA:493,0
DA:500,0
DA:502,0
DA:505,0
DA:506,0
DA:511,0
DA:513,0
DA:520,0
DA:521,0
DA:527,0
DA:529,0
DA:532,0
DA:533,0
DA:538,0
DA:540,0
DA:547,0
DA:550,0
DA:556,0
DA:558,0
DA:565,0
DA:566,0
DA:572,0
DA:574,0
DA:577,0
DA:578,0
DA:584,0
DA:586,0
DA:593,0
DA:594,0
DA:613,0
DA:615,0
DA:617,0
LF:109
LH:0
BRDA:69,0,0,0
BRDA:70,1,0,0
BRDA:95,2,0,0
BRDA:95,2,1,0
BRDA:96,3,0,0
BRDA:96,3,1,0
BRDA:96,3,2,0
BRDA:96,3,3,0
BRDA:107,4,0,0
BRDA:107,5,0,0
BRDA:107,5,1,0
BRDA:110,6,0,0
BRDA:110,7,0,0
BRDA:110,7,1,0
BRDA:118,8,0,0
BRDA:119,9,0,0
BRDA:119,9,1,0
BRDA:119,9,2,0
BRDA:119,9,3,0
BRDA:127,10,0,0
BRDA:131,11,0,0
BRDA:131,11,1,0
BRDA:134,12,0,0
BRDA:134,12,1,0
BRDA:135,13,0,0
BRDA:135,13,1,0
BRDA:136,14,0,0
BRDA:136,14,1,0
BRDA:137,15,0,0
BRDA:137,16,0,0
BRDA:137,16,1,0
BRDA:140,17,0,0
BRDA:140,17,1,0
BRDA:141,18,0,0
BRDA:141,18,1,0
BRDA:157,19,0,0
BRDA:157,19,1,0
BRDA:158,20,0,0
BRDA:158,20,1,0
BRDA:159,21,0,0
BRDA:159,21,1,0
BRDA:183,22,0,0
BRDA:186,23,0,0
BRDA:186,23,1,0
BRDA:192,24,0,0
BRDA:192,24,1,0
BRDA:198,25,0,0
BRDA:198,25,1,0
BRDA:199,26,0,0
BRDA:199,26,1,0
BRDA:200,27,0,0
BRDA:200,27,1,0
BRDA:206,28,0,0
BRDA:206,28,1,0
BRDA:207,29,0,0
BRDA:207,29,1,0
BRDA:233,30,0,0
BRDA:236,31,0,0
BRDA:236,31,1,0
BRDA:242,32,0,0
BRDA:242,32,1,0
BRDA:248,33,0,0
BRDA:248,33,1,0
BRDA:249,34,0,0
BRDA:249,34,1,0
BRDA:250,35,0,0
BRDA:250,35,1,0
BRDA:256,36,0,0
BRDA:256,36,1,0
BRDA:257,37,0,0
BRDA:257,37,1,0
BRDA:274,38,0,0
BRDA:290,39,0,0
BRDA:303,40,0,0
BRDA:303,41,0,0
BRDA:303,41,1,0
BRDA:305,42,0,0
BRDA:312,43,0,0
BRDA:325,44,0,0
BRDA:326,45,0,0
BRDA:360,46,0,0
BRDA:360,47,0,0
BRDA:360,47,1,0
BRDA:364,48,0,0
BRDA:364,49,0,0
BRDA:364,49,1,0
BRDA:368,50,0,0
BRDA:368,51,0,0
BRDA:368,51,1,0
BRDA:372,52,0,0
BRDA:372,52,1,0
BRDA:374,53,0,0
BRDA:380,54,0,0
BRDA:384,55,0,0
BRDA:384,55,1,0
BRDA:393,56,0,0
BRDA:393,56,1,0
BRDA:396,57,0,0
BRDA:396,57,1,0
BRDA:397,58,0,0
BRDA:397,58,1,0
BRDA:408,59,0,0
BRDA:408,59,1,0
BRDA:409,60,0,0
BRDA:409,60,1,0
BRDA:410,61,0,0
BRDA:410,61,1,0
BRDA:443,62,0,0
BRDA:446,63,0,0
BRDA:446,63,1,0
BRDA:456,64,0,0
BRDA:456,64,1,0
BRDA:462,65,0,0
BRDA:462,65,1,0
BRDA:463,66,0,0
BRDA:463,66,1,0
BRDA:484,67,0,0
BRDA:500,68,0,0
BRDA:511,69,0,0
BRDA:527,70,0,0
BRDA:529,71,0,0
BRDA:529,71,1,0
BRDA:538,72,0,0
BRDA:540,73,0,0
BRDA:540,73,1,0
BRDA:556,74,0,0
BRDA:572,75,0,0
BRDA:584,76,0,0
BRDA:613,77,0,0
BRDA:617,78,0,0
BRDA:617,78,1,0
BRDA:624,79,0,0
BRDA:624,79,1,0
BRDA:627,80,0,0
BRDA:627,80,1,0
BRDA:628,81,0,0
BRDA:628,81,1,0
BRF:137
BRH:0
end_of_record
TN:
SF:lib/supabase.ts
FN:53,(anonymous_4)
FN:58,(anonymous_5)
FNF:2
FNH:0
FNDA:0,(anonymous_4)
FNDA:0,(anonymous_5)
DA:29,0
DA:30,0
DA:33,0
DA:34,0
DA:37,0
DA:38,0
DA:44,0
DA:53,0
DA:54,0
DA:58,0
DA:59,0
LF:11
LH:0
BRDA:37,0,0,0
BRDA:37,1,0,0
BRDA:37,1,1,0
BRF:3
BRH:0
end_of_record
TN:
SF:lib/test-utils.tsx
FN:156,(anonymous_35)
FN:157,(anonymous_36)
FN:158,(anonymous_37)
FN:166,(anonymous_38)
FN:167,(anonymous_39)
FN:259,(anonymous_40)
FN:263,(anonymous_41)
FN:272,(anonymous_42)
FN:273,(anonymous_43)
FN:279,(anonymous_44)
FN:280,(anonymous_45)
FN:281,(anonymous_46)
FN:282,(anonymous_47)
FN:288,(anonymous_48)
FN:289,(anonymous_49)
FN:294,(anonymous_50)
FN:295,(anonymous_51)
FN:301,(anonymous_52)
FN:302,(anonymous_53)
FN:306,(anonymous_54)
FN:308,(anonymous_55)
FN:316,(anonymous_56)
FN:322,(anonymous_57)
FN:331,(anonymous_58)
FN:347,(anonymous_59)
FN:368,(anonymous_60)
FN:385,(anonymous_61)
FN:389,(anonymous_62)
FN:390,(anonymous_63)
FN:393,(anonymous_64)
FN:396,(anonymous_65)
FN:397,(anonymous_66)
FN:399,(anonymous_67)
FN:405,(anonymous_68)
FN:409,(anonymous_69)
FN:410,(anonymous_70)
FN:413,(anonymous_71)
FN:416,(anonymous_72)
FN:417,(anonymous_73)
FN:419,(anonymous_74)
FN:425,(anonymous_75)
FN:426,(anonymous_76)
FN:450,(anonymous_77)
FN:451,(anonymous_78)
FN:467,(anonymous_79)
FN:468,(anonymous_80)
FN:486,(anonymous_81)
FN:502,(anonymous_82)
FN:528,(anonymous_83)
FN:543,(anonymous_84)
FN:548,(anonymous_85)
FN:553,(anonymous_86)
FN:557,(anonymous_87)
FN:565,(anonymous_88)
FN:567,(anonymous_89)
FN:574,(anonymous_90)
FN:579,(anonymous_91)
FN:587,(anonymous_92)
FN:593,(anonymous_93)
FN:600,(anonymous_94)
FNF:60
FNH:7
FNDA:36,(anonymous_35)
FNDA:36,(anonymous_36)
FNDA:36,(anonymous_37)
FNDA:36,(anonymous_38)
FNDA:36,(anonymous_39)
FNDA:185,(anonymous_40)
FNDA:185,(anonymous_41)
FNDA:0,(anonymous_42)
FNDA:0,(anonymous_43)
FNDA:0,(anonymous_44)
FNDA:0,(anonymous_45)
FNDA:0,(anonymous_46)
FNDA:0,(anonymous_47)
FNDA:0,(anonymous_48)
FNDA:0,(anonymous_49)
FNDA:0,(anonymous_50)
FNDA:0,(anonymous_51)
FNDA:0,(anonymous_52)
FNDA:0,(anonymous_53)
FNDA:0,(anonymous_54)
FNDA:0,(anonymous_55)
FNDA:0,(anonymous_56)
FNDA:0,(anonymous_57)
FNDA:0,(anonymous_58)
FNDA:0,(anonymous_59)
FNDA:0,(anonymous_60)
FNDA:0,(anonymous_61)
FNDA:0,(anonymous_62)
FNDA:0,(anonymous_63)
FNDA:0,(anonymous_64)
FNDA:0,(anonymous_65)
FNDA:0,(anonymous_66)
FNDA:0,(anonymous_67)
FNDA:0,(anonymous_68)
FNDA:0,(anonymous_69)
FNDA:0,(anonymous_70)
FNDA:0,(anonymous_71)
FNDA:0,(anonymous_72)
FNDA:0,(anonymous_73)
FNDA:0,(anonymous_74)
FNDA:0,(anonymous_75)
FNDA:0,(anonymous_76)
FNDA:0,(anonymous_77)
FNDA:0,(anonymous_78)
FNDA:0,(anonymous_79)
FNDA:0,(anonymous_80)
FNDA:0,(anonymous_81)
FNDA:0,(anonymous_82)
FNDA:0,(anonymous_83)
FNDA:0,(anonymous_84)
FNDA:0,(anonymous_85)
FNDA:0,(anonymous_86)
FNDA:0,(anonymous_87)
FNDA:0,(anonymous_88)
FNDA:0,(anonymous_89)
FNDA:0,(anonymous_90)
FNDA:0,(anonymous_91)
FNDA:0,(anonymous_92)
FNDA:0,(anonymous_93)
FNDA:0,(anonymous_94)
DA:29,18
DA:30,18
DA:31,18
DA:34,18
DA:73,18
DA:102,18
DA:133,18
DA:149,18
DA:156,36
DA:157,36
DA:158,36
DA:166,36
DA:167,36
DA:259,18
DA:263,18
DA:264,185
DA:269,185
DA:272,18
DA:273,0
DA:274,0
DA:279,0
DA:280,0
DA:281,0
DA:282,0
DA:288,18
DA:289,0
DA:290,0
DA:294,0
DA:295,0
DA:301,18
DA:302,0
DA:306,18
DA:307,0
DA:316,18
DA:320,0
DA:321,0
DA:323,0
DA:331,18
DA:347,18
DA:368,18
DA:385,18
DA:386,0
DA:388,0
DA:389,0
DA:391,0
DA:394,0
DA:397,0
DA:399,0
DA:405,18
DA:406,0
DA:408,0
DA:409,0
DA:411,0
DA:414,0
DA:417,0
DA:419,0
DA:425,18
DA:426,0
DA:450,18
DA:451,0
DA:467,18
DA:468,0
DA:486,18
DA:502,0
DA:528,0
DA:543,18
DA:544,0
DA:545,0
DA:548,18
DA:549,0
DA:550,0
DA:553,18
DA:554,0
DA:557,18
DA:561,0
DA:565,18
DA:566,0
DA:568,0
DA:574,18
DA:578,0
DA:580,0
DA:587,18
DA:588,0
DA:589,0
DA:590,0
DA:593,18
DA:594,0
DA:595,0
DA:596,0
DA:597,0
DA:600,18
DA:601,0
DA:604,0
LF:93
LH:40
BRDA:272,0,0,0
BRDA:272,1,0,0
BRDA:275,2,0,0
BRDA:275,2,1,0
BRDA:277,3,0,0
BRDA:277,3,1,0
BRDA:288,4,0,0
BRDA:301,5,0,0
BRDA:306,6,0,0
BRDA:318,7,0,0
BRDA:320,8,0,0
BRDA:331,9,0,0
BRDA:347,10,0,0
BRDA:368,11,0,0
BRDA:389,12,0,0
BRDA:389,12,1,0
BRDA:399,13,0,0
BRDA:399,13,1,0
BRDA:409,14,0,0
BRDA:409,14,1,0
BRDA:419,15,0,0
BRDA:419,15,1,0
BRDA:425,16,0,0
BRDA:441,17,0,0
BRDA:441,17,1,0
BRDA:450,18,0,0
BRDA:457,19,0,0
BRDA:457,19,1,0
BRDA:467,20,0,0
BRDA:565,21,0,0
BRDA:576,22,0,0
BRF:31
BRH:0
end_of_record
TN:
SF:lib/toast.ts
FN:34,showToast
FN:59,(anonymous_5)
FN:61,(anonymous_6)
FN:73,showSuccessToast
FN:81,showErrorToast
FNF:5
FNH:5
FNDA:14,showToast
FNDA:11,(anonymous_5)
FNDA:11,(anonymous_6)
FNDA:7,showSuccessToast
FNDA:7,showErrorToast
DA:34,0
DA:41,14
DA:42,14
DA:43,14
DA:44,14
DA:45,14
DA:46,14
DA:47,14
DA:48,14
DA:49,14
DA:50,14
DA:51,14
DA:52,14
DA:53,14
DA:54,14
DA:56,14
DA:59,14
DA:60,11
DA:61,11
DA:62,11
DA:63,11
DA:73,7
DA:74,7
DA:81,7
DA:82,7
LF:25
LH:24
BRDA:51,0,0,7
BRDA:51,0,1,7
BRDA:62,1,0,11
BRF:3
BRH:3
end_of_record
TN:
SF:lib/types.ts
FNF:0
FNH:0
DA:30,2048
DA:38,3401
DA:47,1473
DA:120,9
LF:4
LH:4
BRF:0
BRH:0
end_of_record
TN:
SF:lib/utils.ts
FN:33,cn
FN:37,getRelativeTime
FN:62,formatCurrency
FN:69,formatDate
FN:82,validateAsset
FN:117,exportToCSV
FN:122,(anonymous_17)
FN:123,(anonymous_18)
FN:143,exportToXLSX
FN:149,(anonymous_20)
FNF:10
FNH:8
FNDA:7860,cn
FNDA:3,getRelativeTime
FNDA:38,formatCurrency
FNDA:63,formatDate
FNDA:4,validateAsset
FNDA:3,exportToCSV
FNDA:2,(anonymous_17)
FNDA:4,(anonymous_18)
FNDA:0,exportToXLSX
FNDA:0,(anonymous_20)
DA:27,24
DA:28,24
DA:33,7860
DA:34,7860
DA:37,3
DA:38,3
DA:39,3
DA:41,3
DA:51,3
DA:52,19
DA:53,19
DA:54,1
DA:55,1
DA:59,2
DA:62,38
DA:63,38
DA:69,63
DA:70,63
DA:82,4
DA:83,4
DA:85,4
DA:86,1
DA:89,4
DA:90,1
DA:93,4
DA:94,1
DA:97,4
DA:102,3
DA:105,4
DA:106,1
DA:109,4
DA:117,3
DA:118,3
DA:119,1
DA:120,1
DA:123,4
DA:126,1
DA:127,1
DA:128,1
DA:129,1
DA:130,1
DA:131,1
DA:132,1
DA:133,1
DA:134,1
DA:135,1
DA:143,0
DA:147,0
DA:149,0
DA:150,0
DA:151,0
DA:152,0
DA:153,0
DA:154,0
DA:155,0
DA:156,0
DA:157,0
DA:158,0
DA:159,0
DA:160,0
DA:161,0
DA:162,0
LF:62
LH:46
BRDA:53,0,0,1
BRDA:85,1,0,1
BRDA:89,2,0,1
BRDA:89,3,0,4
BRDA:89,3,1,3
BRDA:93,4,0,1
BRDA:93,5,0,4
BRDA:93,5,1,3
BRDA:97,6,0,3
BRDA:98,7,0,4
BRDA:98,7,1,3
BRDA:98,7,2,2
BRDA:105,8,0,1
BRDA:105,9,0,4
BRDA:105,9,1,3
BRDA:118,10,0,2
BRDA:118,11,0,3
BRDA:118,11,1,2
BRDA:123,12,0,4
BRDA:123,12,1,0
BRDA:147,13,0,0
BRDA:147,14,0,0
BRDA:147,14,1,0
BRF:23
BRH:19
end_of_record
TN:
SF:lib/db/dashboard.ts
FN:40,getDashboardData
FN:46,(anonymous_2)
FN:151,(anonymous_3)
FN:173,(anonymous_4)
FN:188,(anonymous_5)
FN:201,(anonymous_6)
FNF:6
FNH:6
FNDA:3,getDashboardData
FNDA:2,(anonymous_2)
FNDA:10,(anonymous_3)
FNDA:10,(anonymous_4)
FNDA:10,(anonymous_5)
FNDA:1,(anonymous_6)
DA:29,1
DA:36,1
DA:37,1
DA:38,1
DA:40,3
DA:42,3
DA:43,3
DA:46,3
DA:47,2
DA:51,2
DA:55,2
DA:59,2
DA:63,2
DA:71,2
DA:79,2
DA:98,2
DA:102,2
DA:106,2
DA:135,2
DA:144,2
DA:145,2
DA:147,2
DA:148,2
DA:149,2
DA:151,10
DA:157,2
DA:161,2
DA:168,2
DA:169,2
DA:170,2
DA:171,2
DA:173,10
DA:179,2
DA:183,2
DA:184,2
DA:185,2
DA:186,2
DA:188,10
DA:194,2
DA:201,1
DA:216,2
DA:222,2
DA:225,1
DA:230,1
LF:44
LH:44
BRDA:102,0,0,2
BRDA:102,0,1,2
BRDA:147,1,0,2
BRDA:147,1,1,1
BRDA:148,2,0,2
BRDA:153,3,0,10
BRDA:153,3,1,9
BRDA:170,4,0,2
BRDA:170,4,1,0
BRDA:171,5,0,2
BRDA:171,5,1,2
BRDA:175,6,0,10
BRDA:175,6,1,8
BRDA:185,7,0,2
BRDA:185,7,1,0
BRDA:186,8,0,2
BRDA:186,8,1,2
BRDA:190,9,0,10
BRDA:190,9,1,8
BRDA:195,10,0,2
BRDA:195,10,1,2
BRDA:196,11,0,2
BRDA:196,11,1,2
BRDA:197,12,0,2
BRDA:197,12,1,2
BRDA:198,13,0,2
BRDA:198,13,1,2
BRDA:203,14,0,1
BRDA:203,14,1,0
BRDA:204,15,0,1
BRDA:204,15,1,0
BRDA:205,16,0,1
BRDA:205,16,1,0
BRDA:208,17,0,1
BRDA:208,17,1,0
BRDA:217,18,0,2
BRDA:217,18,1,2
BRDA:218,19,0,2
BRDA:218,19,1,2
BRDA:219,20,0,2
BRDA:219,20,1,2
BRDA:227,21,0,1
BRDA:227,21,1,0
BRF:43
BRH:36
end_of_record
TN:
SF:lib/db/index.ts
FN:77,closeConnection
FNF:1
FNH:0
FNDA:0,closeConnection
DA:28,0
DA:29,0
DA:30,0
DA:31,0
DA:32,0
DA:35,0
DA:38,0
DA:40,0
DA:41,0
DA:42,0
DA:49,0
DA:51,0
DA:53,0
DA:57,0
DA:59,0
DA:64,0
DA:68,0
DA:77,0
DA:78,0
DA:79,0
DA:80,0
DA:82,0
DA:87,0
LF:23
LH:0
BRDA:40,0,0,0
BRDA:55,1,0,0
BRDA:55,1,1,0
BRDA:61,2,0,0
BRDA:61,2,1,0
BRDA:84,3,0,0
BRDA:84,3,1,0
BRF:7
BRH:0
end_of_record
TN:
SF:lib/db/schema.ts
FN:87,(anonymous_18)
FN:100,(anonymous_19)
FN:103,(anonymous_20)
FN:135,(anonymous_21)
FN:153,(anonymous_22)
FN:158,(anonymous_23)
FN:169,(anonymous_24)
FN:170,(anonymous_25)
FN:171,(anonymous_26)
FN:176,(anonymous_27)
FN:223,(anonymous_28)
FN:233,(anonymous_29)
FNF:12
FNH:0
FNDA:0,(anonymous_18)
FNDA:0,(anonymous_19)
FNDA:0,(anonymous_20)
FNDA:0,(anonymous_21)
FNDA:0,(anonymous_22)
FNDA:0,(anonymous_23)
FNDA:0,(anonymous_24)
FNDA:0,(anonymous_25)
FNDA:0,(anonymous_26)
FNDA:0,(anonymous_27)
FNDA:0,(anonymous_28)
FNDA:0,(anonymous_29)
DA:39,6
DA:42,6
DA:50,6
DA:59,6
DA:64,6
DA:66,6
DA:75,6
DA:82,48
DA:87,0
DA:93,87
DA:100,0
DA:103,0
DA:112,47
DA:122,35
DA:135,0
DA:149,16
DA:153,0
DA:158,0
DA:165,6
DA:169,0
DA:170,0
DA:171,0
DA:176,0
DA:182,6
DA:188,6
DA:198,14
DA:223,0
DA:228,6
DA:233,0
DA:242,6
LF:30
LH:18
BRF:0
BRH:0
end_of_record
TN:
SF:lib/db/seed.ts
FN:145,(anonymous_4)
FN:234,(anonymous_5)
FN:271,randomDateInRange
FN:282,seedDatabase
FN:366,(anonymous_8)
FN:370,(anonymous_9)
FN:441,(anonymous_10)
FN:443,(anonymous_11)
FN:466,(anonymous_12)
FN:490,(anonymous_13)
FN:517,(anonymous_14)
FN:535,createStockBlueprints
FN:598,(anonymous_16)
FN:692,(anonymous_17)
FN:736,(anonymous_18)
FNF:15
FNH:0
FNDA:0,(anonymous_4)
FNDA:0,(anonymous_5)
FNDA:0,randomDateInRange
FNDA:0,seedDatabase
FNDA:0,(anonymous_8)
FNDA:0,(anonymous_9)
FNDA:0,(anonymous_10)
FNDA:0,(anonymous_11)
FNDA:0,(anonymous_12)
FNDA:0,(anonymous_13)
FNDA:0,(anonymous_14)
FNDA:0,createStockBlueprints
FNDA:0,(anonymous_16)
FNDA:0,(anonymous_17)
FNDA:0,(anonymous_18)
DA:29,0
DA:30,0
DA:31,0
DA:32,0
DA:33,0
DA:34,0
DA:44,0
DA:55,0
DA:56,0
DA:59,0
DA:61,0
DA:62,0
DA:63,0
DA:66,0
DA:67,0
DA:70,0
DA:84,0
DA:98,0
DA:117,0
DA:126,0
DA:145,0
DA:146,0
DA:147,0
DA:148,0
DA:154,0
DA:170,0
DA:234,0
DA:235,0
DA:236,0
DA:263,0
DA:272,0
DA:273,0
DA:274,0
DA:275,0
DA:276,0
DA:278,0
DA:279,0
DA:284,0
DA:285,0
DA:287,0
DA:288,0
DA:289,0
DA:290,0
DA:291,0
DA:292,0
DA:293,0
DA:295,0
DA:298,0
DA:299,0
DA:304,0
DA:306,0
DA:311,0
DA:313,0
DA:314,0
DA:315,0
DA:316,0
DA:317,0
DA:320,0
DA:325,0
DA:327,0
DA:342,0
DA:357,0
DA:362,0
DA:363,0
DA:364,0
DA:366,0
DA:370,0
DA:375,0
DA:376,0
DA:377,0
DA:388,0
DA:391,0
DA:392,0
DA:394,0
DA:397,0
DA:399,0
DA:401,0
DA:402,0
DA:403,0
DA:405,0
DA:407,0
DA:408,0
DA:409,0
DA:411,0
DA:412,0
DA:424,0
DA:425,0
DA:426,0
DA:431,0
DA:433,0
DA:436,0
DA:437,0
DA:441,0
DA:442,0
DA:443,0
DA:444,0
DA:450,0
DA:451,0
DA:452,0
DA:453,0
DA:455,0
DA:462,0
DA:463,0
DA:465,0
DA:466,0
DA:468,0
DA:469,0
DA:471,0
DA:472,0
DA:474,0
DA:484,0
DA:485,0
DA:486,0
DA:487,0
DA:488,0
DA:490,0
DA:493,0
DA:496,0
DA:497,0
DA:502,0
DA:509,0
DA:510,0
DA:515,0
DA:516,0
DA:517,0
DA:518,0
DA:523,0
DA:531,0
DA:532,0
DA:533,0
DA:534,0
DA:539,0
DA:540,0
DA:541,0
DA:542,0
DA:547,0
DA:548,0
DA:549,0
DA:550,0
DA:551,0
DA:559,0
DA:560,0
DA:561,0
DA:570,0
DA:572,0
DA:573,0
DA:574,0
DA:578,0
DA:579,0
DA:584,0
DA:585,0
DA:588,0
DA:591,0
DA:594,0
DA:595,0
DA:598,0
DA:602,0
DA:610,0
DA:611,0
DA:612,0
DA:613,0
DA:622,0
DA:623,0
DA:624,0
DA:625,0
DA:626,0
DA:627,0
DA:628,0
DA:629,0
DA:630,0
DA:631,0
DA:632,0
DA:635,0
DA:638,0
DA:639,0
DA:642,0
DA:645,0
DA:647,0
DA:650,0
DA:652,0
DA:653,0
DA:654,0
DA:669,0
DA:682,0
DA:685,0
DA:692,0
DA:698,0
DA:702,0
DA:703,0
DA:704,0
DA:710,0
DA:712,0
DA:714,0
DA:718,0
DA:720,0
DA:721,0
DA:723,0
DA:728,0
DA:730,0
DA:731,0
DA:736,0
DA:737,0
DA:738,0
LF:203
LH:0
BRDA:62,0,0,0
BRDA:235,1,0,0
BRDA:263,2,0,0
BRDA:263,2,1,0
BRDA:271,3,0,0
BRDA:275,4,0,0
BRDA:298,5,0,0
BRDA:315,6,0,0
BRDA:315,6,1,0
BRDA:370,7,0,0
BRDA:370,7,1,0
BRDA:392,8,0,0
BRDA:392,8,1,0
BRDA:394,9,0,0
BRDA:394,9,1,0
BRDA:401,10,0,0
BRDA:402,11,0,0
BRDA:402,11,1,0
BRDA:405,12,0,0
BRDA:405,12,1,0
BRDA:407,13,0,0
BRDA:407,13,1,0
BRDA:463,14,0,0
BRDA:469,15,0,0
BRDA:469,16,0,0
BRDA:469,16,1,0
BRDA:471,17,0,0
BRDA:471,17,1,0
BRDA:474,18,0,0
BRDA:475,19,0,0
BRDA:475,19,1,0
BRDA:486,20,0,0
BRDA:486,20,1,0
BRDA:486,21,0,0
BRDA:486,21,1,0
BRDA:488,22,0,0
BRDA:488,22,1,0
BRDA:493,23,0,0
BRDA:493,23,1,0
BRDA:498,24,0,0
BRDA:498,24,1,0
BRDA:498,25,0,0
BRDA:498,25,1,0
BRDA:498,25,2,0
BRDA:499,26,0,0
BRDA:499,26,1,0
BRDA:510,27,0,0
BRDA:515,28,0,0
BRDA:515,28,1,0
BRDA:542,29,0,0
BRDA:548,30,0,0
BRDA:548,30,1,0
BRDA:559,31,0,0
BRDA:559,32,0,0
BRDA:559,32,1,0
BRDA:594,33,0,0
BRDA:594,34,0,0
BRDA:594,34,1,0
BRDA:594,34,2,0
BRDA:631,35,0,0
BRDA:631,35,1,0
BRDA:638,36,0,0
BRDA:638,36,1,0
BRDA:645,37,0,0
BRDA:645,37,1,0
BRDA:652,38,0,0
BRDA:652,38,1,0
BRDA:660,39,0,0
BRDA:660,39,1,0
BRDA:675,40,0,0
BRDA:675,40,1,0
BRDA:678,41,0,0
BRDA:678,41,1,0
BRDA:725,42,0,0
BRDA:725,42,1,0
BRF:75
BRH:0
end_of_record
TN:
SF:lib/db/utils.ts
FN:53,generateAssetNumber
FN:105,createAssetHistory
FN:159,getActiveAssets
FN:249,getAssetStatistics
FN:279,(anonymous_10)
FN:283,(anonymous_11)
FN:303,softDeleteAsset
FNF:7
FNH:0
FNDA:0,generateAssetNumber
FNDA:0,createAssetHistory
FNDA:0,getActiveAssets
FNDA:0,getAssetStatistics
FNDA:0,(anonymous_10)
FNDA:0,(anonymous_11)
FNDA:0,softDeleteAsset
DA:29,0
DA:30,0
DA:36,0
DA:37,0
DA:40,0
DA:53,0
DA:57,0
DA:58,0
DA:60,0
DA:63,0
DA:71,0
DA:72,0
DA:75,0
DA:78,0
DA:81,0
DA:85,0
DA:87,0
DA:92,0
DA:105,0
DA:114,0
DA:121,0
DA:122,0
DA:142,0
DA:143,0
DA:145,0
DA:150,0
DA:159,0
DA:168,0
DA:169,0
DA:170,0
DA:173,0
DA:174,0
DA:175,0
DA:188,0
DA:189,0
DA:202,0
DA:203,0
DA:206,0
DA:207,0
DA:208,0
DA:220,0
DA:226,0
DA:233,0
DA:234,0
DA:236,0
DA:241,0
DA:249,0
DA:251,0
DA:252,0
DA:253,0
DA:258,0
DA:267,0
DA:276,0
DA:277,0
DA:280,0
DA:281,0
DA:284,0
DA:285,0
DA:289,0
DA:294,0
DA:303,0
DA:308,0
DA:309,0
DA:310,0
DA:313,0
DA:319,0
DA:327,0
DA:329,0
DA:334,0
LF:69
LH:0
BRDA:71,0,0,0
BRDA:89,1,0,0
BRDA:89,1,1,0
BRDA:139,2,0,0
BRDA:139,2,1,0
BRDA:147,3,0,0
BRDA:147,3,1,0
BRDA:173,4,0,0
BRDA:174,5,0,0
BRDA:174,6,0,0
BRDA:174,6,1,0
BRDA:188,7,0,0
BRDA:188,8,0,0
BRDA:188,8,1,0
BRDA:202,9,0,0
BRDA:202,10,0,0
BRDA:202,10,1,0
BRDA:206,11,0,0
BRDA:226,12,0,0
BRDA:226,12,1,0
BRDA:226,13,0,0
BRDA:226,13,1,0
BRDA:228,14,0,0
BRDA:228,14,1,0
BRDA:230,15,0,0
BRDA:230,15,1,0
BRDA:238,16,0,0
BRDA:238,16,1,0
BRDA:278,17,0,0
BRDA:278,17,1,0
BRDA:291,18,0,0
BRDA:291,18,1,0
BRDA:331,19,0,0
BRDA:331,19,1,0
BRF:34
BRH:0
end_of_record
TN:
SF:lib/server/exportUtils.ts
FN:53,generateTableReportHTML
FN:65,(anonymous_6)
FN:71,(anonymous_7)
FN:76,(anonymous_8)
FN:79,(anonymous_9)
FN:137,generateTableCSV
FN:139,escapeCSV
FN:147,(anonymous_12)
FN:149,(anonymous_13)
FN:150,(anonymous_14)
FN:162,generateTableCSVStream
FN:167,(anonymous_16)
FN:178,generatePDFViaBrowserless
FNF:13
FNH:11
FNDA:7,generateTableReportHTML
FNDA:2,(anonymous_6)
FNDA:21,(anonymous_7)
FNDA:17,(anonymous_8)
FNDA:51,(anonymous_9)
FNDA:6,generateTableCSV
FNDA:39,escapeCSV
FNDA:18,(anonymous_12)
FNDA:7,(anonymous_13)
FNDA:21,(anonymous_14)
FNDA:0,generateTableCSVStream
FNDA:0,(anonymous_16)
FNDA:4,generatePDFViaBrowserless
DA:29,1
DA:53,7
DA:60,7
DA:61,7
DA:62,1
DA:65,2
DA:70,7
DA:71,21
DA:74,7
DA:77,17
DA:79,51
DA:85,7
DA:137,6
DA:140,39
DA:141,37
DA:142,37
DA:143,36
DA:144,34
DA:147,18
DA:149,6
DA:150,21
DA:152,6
DA:162,0
DA:167,0
DA:168,0
DA:170,0
DA:171,0
DA:173,0
DA:174,0
DA:178,4
DA:179,4
DA:180,4
DA:181,1
DA:183,3
DA:191,2
DA:192,1
DA:193,1
DA:195,1
LF:38
LH:31
BRDA:61,0,0,1
BRDA:61,1,0,7
BRDA:61,1,1,2
BRDA:65,2,0,2
BRDA:65,2,1,0
BRDA:77,3,0,11
BRDA:77,3,1,6
BRDA:79,4,0,51
BRDA:79,4,1,2
BRDA:140,5,0,2
BRDA:142,6,0,1
BRDA:143,7,0,2
BRDA:180,8,0,1
BRDA:191,9,0,1
BRF:14
BRH:13
end_of_record
