TN:
SF:app/client-layout.tsx
FN:15,ClientLayout
FNF:1
FNH:0
FNDA:0,ClientLayout
DA:6,0
DA:7,0
DA:8,0
DA:9,0
DA:15,0
DA:16,0
DA:18,0
DA:19,0
DA:22,0
LF:9
LH:0
BRDA:18,0,0,0
BRDA:18,1,0,0
BRDA:18,1,1,0
BRDA:18,2,0,0
BRDA:18,2,1,0
BRF:5
BRH:0
end_of_record
TN:
SF:app/layout.tsx
FN:18,RootLayout
FNF:1
FNH:0
FNDA:0,RootLayout
DA:5,0
DA:6,0
DA:7,0
DA:8,0
DA:9,0
DA:11,0
DA:13,0
DA:18,0
DA:23,0
LF:9
LH:0
BRF:0
BRH:0
end_of_record
TN:
SF:app/page.tsx
FN:3,HomePage
FNF:1
FNH:1
FNDA:1,HomePage
DA:1,1
DA:3,1
DA:5,1
LF:3
LH:3
BRF:0
BRH:0
end_of_record
TN:
SF:app/api/assets/route.ts
FN:39,getCacheDurationFromSettings
FN:52,getDatabaseUserId
FN:81,GET
FN:257,(anonymous_4)
FN:301,POST
FN:443,PUT
FNF:6
FNH:3
FNDA:4,getCacheDurationFromSettings
FNDA:0,getDatabaseUserId
FNDA:6,GET
FNDA:0,(anonymous_4)
FNDA:1,POST
FNDA:0,PUT
DA:4,1
DA:5,1
DA:17,1
DA:18,1
DA:20,1
DA:21,1
DA:22,1
DA:23,1
DA:26,1
DA:36,1
DA:40,4
DA:41,4
DA:42,0
DA:43,0
DA:48,4
DA:55,0
DA:56,0
DA:57,0
DA:58,0
DA:61,0
DA:62,0
DA:68,0
DA:69,0
DA:70,0
DA:71,0
DA:73,0
DA:74,0
DA:81,1
DA:83,6
DA:85,6
DA:86,6
DA:87,2
DA:88,2
DA:89,1
DA:90,1
DA:95,1
DA:97,1
DA:100,1
DA:101,1
DA:106,0
DA:111,0
DA:117,4
DA:118,4
DA:119,4
DA:120,4
DA:122,4
DA:123,4
DA:124,4
DA:125,4
DA:126,0
DA:128,0
DA:132,4
DA:133,4
DA:134,4
DA:135,4
DA:136,4
DA:137,4
DA:138,4
DA:139,4
DA:140,4
DA:141,4
DA:143,4
DA:157,4
DA:160,4
DA:163,4
DA:164,1
DA:173,4
DA:174,0
DA:183,4
DA:184,0
DA:192,4
DA:193,0
DA:196,4
DA:197,0
DA:198,0
DA:200,0
DA:204,4
DA:205,0
DA:211,0
DA:215,0
DA:216,0
DA:219,0
DA:223,4
DA:228,0
DA:230,0
DA:231,0
DA:234,0
DA:243,0
DA:252,0
DA:254,0
DA:257,0
DA:273,0
DA:278,0
DA:280,4
DA:285,4
DA:301,1
DA:303,1
DA:304,1
DA:305,0
DA:310,0
DA:311,0
DA:312,0
DA:314,0
DA:327,0
DA:330,0
DA:338,0
DA:350,0
DA:356,0
DA:357,0
DA:368,0
DA:373,0
DA:374,0
DA:385,0
DA:399,0
DA:405,0
DA:408,0
DA:417,0
DA:425,0
DA:427,0
DA:428,0
DA:443,1
DA:445,0
DA:446,0
DA:447,0
DA:452,0
DA:453,0
DA:454,0
DA:456,0
DA:461,0
DA:462,0
DA:465,0
DA:466,0
DA:476,0
DA:477,0
DA:489,0
DA:490,0
DA:501,0
DA:506,0
DA:507,0
DA:518,0
DA:520,0
DA:521,0
DA:522,0
DA:523,0
DA:533,0
DA:536,0
DA:537,0
DA:538,0
DA:540,0
DA:541,0
DA:552,0
DA:557,0
DA:558,0
DA:564,0
DA:571,0
DA:574,0
DA:575,0
DA:579,0
DA:582,0
DA:583,0
DA:584,0
DA:585,0
DA:588,0
DA:590,0
DA:591,0
DA:597,0
DA:600,0
DA:610,0
DA:620,0
DA:622,0
DA:623,0
LF:171
LH:60
BRDA:42,0,0,0
BRDA:42,1,0,0
BRDA:42,1,1,0
BRDA:56,2,0,0
BRDA:69,3,0,0
BRDA:86,4,0,2
BRDA:88,5,0,1
BRDA:108,6,0,0
BRDA:108,6,1,0
BRDA:120,7,0,4
BRDA:120,7,1,2
BRDA:125,8,0,0
BRDA:125,9,0,4
BRDA:125,9,1,0
BRDA:132,10,0,4
BRDA:132,10,1,3
BRDA:133,11,0,4
BRDA:133,11,1,4
BRDA:134,12,0,4
BRDA:134,12,1,4
BRDA:135,13,0,4
BRDA:135,13,1,4
BRDA:136,14,0,4
BRDA:136,14,1,4
BRDA:137,15,0,4
BRDA:137,15,1,3
BRDA:138,16,0,4
BRDA:138,16,1,3
BRDA:139,17,0,4
BRDA:139,17,1,4
BRDA:140,18,0,4
BRDA:140,18,1,4
BRDA:141,19,0,4
BRDA:141,19,1,4
BRDA:163,20,0,1
BRDA:163,21,0,4
BRDA:163,21,1,4
BRDA:173,22,0,0
BRDA:173,23,0,4
BRDA:173,23,1,4
BRDA:183,24,0,0
BRDA:183,25,0,4
BRDA:183,25,1,4
BRDA:192,26,0,0
BRDA:196,27,0,0
BRDA:197,28,0,0
BRDA:197,28,1,0
BRDA:204,29,0,0
BRDA:215,30,0,0
BRDA:230,31,0,0
BRDA:230,31,1,0
BRDA:230,32,0,0
BRDA:230,32,1,0
BRDA:230,33,0,0
BRDA:230,33,1,0
BRDA:245,34,0,0
BRDA:245,34,1,0
BRDA:259,35,0,0
BRDA:259,35,1,0
BRDA:259,36,0,0
BRDA:259,36,1,0
BRDA:259,37,0,0
BRDA:259,37,1,0
BRDA:282,38,0,4
BRDA:282,38,1,0
BRDA:289,39,0,4
BRDA:289,39,1,0
BRDA:304,40,0,0
BRDA:304,41,0,1
BRDA:304,41,1,0
BRDA:306,42,0,0
BRDA:306,42,1,0
BRDA:306,43,0,0
BRDA:306,43,1,0
BRDA:306,44,0,0
BRDA:306,44,1,0
BRDA:322,45,0,0
BRDA:330,46,0,0
BRDA:331,47,0,0
BRDA:331,47,1,0
BRDA:331,47,2,0
BRDA:331,47,3,0
BRDA:331,47,4,0
BRDA:331,47,5,0
BRDA:356,48,0,0
BRDA:373,49,0,0
BRDA:394,50,0,0
BRDA:394,50,1,0
BRDA:395,51,0,0
BRDA:395,51,1,0
BRDA:396,52,0,0
BRDA:396,52,1,0
BRDA:432,53,0,0
BRDA:432,53,1,0
BRDA:446,54,0,0
BRDA:446,55,0,0
BRDA:446,55,1,0
BRDA:448,56,0,0
BRDA:448,56,1,0
BRDA:448,57,0,0
BRDA:448,57,1,0
BRDA:448,58,0,0
BRDA:448,58,1,0
BRDA:461,59,0,0
BRDA:461,59,1,0
BRDA:465,60,0,0
BRDA:465,61,0,0
BRDA:465,61,1,0
BRDA:465,61,2,0
BRDA:476,62,0,0
BRDA:489,63,0,0
BRDA:489,64,0,0
BRDA:489,64,1,0
BRDA:506,65,0,0
BRDA:518,66,0,0
BRDA:518,66,1,0
BRDA:518,66,2,0
BRDA:521,67,0,0
BRDA:588,68,0,0
BRDA:590,69,0,0
BRDA:627,70,0,0
BRDA:627,70,1,0
BRF:122
BRH:35
end_of_record
TN:
SF:app/api/assets/[assetNumber]/route.ts
FN:22,GET
FN:121,PATCH
FN:196,DELETE
FNF:3
FNH:1
FNDA:7,GET
FNDA:0,PATCH
FNDA:0,DELETE
DA:4,1
DA:5,1
DA:6,1
DA:12,1
DA:13,1
DA:15,1
DA:16,1
DA:22,1
DA:27,7
DA:28,7
DA:30,7
DA:31,7
DA:33,7
DA:34,1
DA:37,1
DA:44,6
DA:58,4
DA:60,3
DA:62,3
DA:69,3
DA:74,3
DA:75,3
DA:79,1
DA:83,1
DA:84,0
DA:86,0
DA:93,0
DA:96,0
DA:100,1
DA:103,1
DA:105,2
DA:110,2
DA:121,1
DA:126,0
DA:127,0
DA:129,0
DA:130,0
DA:131,0
DA:132,0
DA:135,0
DA:140,0
DA:142,0
DA:154,0
DA:155,0
DA:156,0
DA:157,0
DA:160,0
DA:161,0
DA:165,0
DA:170,0
DA:175,0
DA:176,0
DA:179,0
DA:181,0
DA:182,0
DA:184,0
DA:189,0
DA:196,1
DA:201,0
DA:202,0
DA:204,0
DA:205,0
DA:206,0
DA:207,0
DA:210,0
DA:216,0
DA:221,0
DA:222,0
DA:225,0
DA:227,0
DA:228,0
DA:230,0
DA:235,0
LF:73
LH:30
BRDA:33,0,0,1
BRDA:58,1,0,3
BRDA:71,2,0,3
BRDA:71,2,1,3
BRDA:71,3,0,3
BRDA:71,3,1,0
BRDA:71,4,0,3
BRDA:71,4,1,3
BRDA:83,5,0,0
BRDA:107,6,0,1
BRDA:107,6,1,1
BRDA:114,7,0,1
BRDA:114,7,1,1
BRDA:131,8,0,0
BRDA:156,9,0,0
BRDA:156,10,0,0
BRDA:156,10,1,0
BRDA:160,11,0,0
BRDA:175,12,0,0
BRDA:186,13,0,0
BRDA:186,13,1,0
BRDA:206,14,0,0
BRDA:221,15,0,0
BRDA:232,16,0,0
BRDA:232,16,1,0
BRF:25
BRH:11
end_of_record
TN:
SF:app/api/assets/[assetNumber]/assign/route.ts
FN:15,POST
FNF:1
FNH:0
FNDA:0,POST
DA:4,0
DA:5,0
DA:6,0
DA:7,0
DA:8,0
DA:9,0
DA:15,0
DA:19,0
DA:21,0
DA:26,0
DA:27,0
DA:28,0
DA:29,0
DA:33,0
DA:34,0
DA:36,0
DA:37,0
DA:38,0
DA:45,0
DA:46,0
DA:48,0
DA:49,0
DA:50,0
DA:57,0
DA:69,0
DA:70,0
DA:73,0
DA:79,0
DA:82,0
DA:83,0
DA:87,0
DA:94,0
DA:99,0
DA:100,0
DA:101,0
DA:105,0
DA:115,0
DA:116,0
DA:117,0
DA:124,0
DA:136,0
DA:142,0
DA:148,0
DA:153,0
LF:44
LH:0
BRDA:27,0,0,0
BRDA:27,1,0,0
BRDA:27,1,1,0
BRDA:36,2,0,0
BRDA:48,3,0,0
BRDA:69,4,0,0
BRDA:82,5,0,0
BRDA:99,6,0,0
BRDA:115,7,0,0
BRDA:150,8,0,0
BRDA:150,8,1,0
BRDA:157,9,0,0
BRDA:157,9,1,0
BRF:13
BRH:0
end_of_record
TN:
SF:app/api/assets/[assetNumber]/history/route.ts
FN:8,GET
FNF:1
FNH:0
FNDA:0,GET
DA:2,0
DA:3,0
DA:4,0
DA:5,0
DA:6,0
DA:8,0
DA:13,0
DA:14,0
DA:15,0
DA:16,0
DA:17,0
DA:18,0
DA:21,0
DA:27,0
DA:31,0
DA:32,0
DA:36,0
DA:38,0
DA:40,0
DA:53,0
DA:57,0
DA:59,0
DA:64,0
LF:23
LH:0
BRDA:17,0,0,0
BRDA:31,1,0,0
BRDA:61,2,0,0
BRDA:61,2,1,0
BRDA:68,3,0,0
BRDA:68,3,1,0
BRF:6
BRH:0
end_of_record
TN:
SF:app/api/assets/available/route.ts
FN:21,GET
FN:66,(anonymous_1)
FN:122,OPTIONS
FNF:3
FNH:2
FNDA:9,GET
FNDA:6,(anonymous_1)
FNDA:0,OPTIONS
DA:4,1
DA:5,1
DA:6,1
DA:7,1
DA:8,1
DA:11,1
DA:21,1
DA:22,9
DA:24,9
DA:29,9
DA:30,9
DA:31,2
DA:32,2
DA:39,7
DA:63,5
DA:66,5
DA:67,6
DA:68,5
DA:70,6
DA:80,6
DA:92,5
DA:102,2
DA:108,2
DA:122,1
DA:123,0
LF:25
LH:24
BRDA:30,0,0,2
BRDA:30,1,0,9
BRDA:30,1,1,7
BRDA:67,2,0,5
BRDA:76,3,0,6
BRDA:76,3,1,1
BRDA:104,4,0,1
BRDA:104,4,1,1
BRDA:112,5,0,1
BRDA:112,5,1,1
BRF:10
BRH:10
end_of_record
TN:
SF:app/api/assets/building-by-type/route.ts
FN:12,GET
FN:42,(anonymous_1)
FNF:2
FNH:0
FNDA:0,GET
FNDA:0,(anonymous_1)
DA:4,0
DA:5,0
DA:6,0
DA:7,0
DA:8,0
DA:9,0
DA:12,0
DA:14,0
DA:15,0
DA:17,0
DA:18,0
DA:21,0
DA:26,0
DA:35,0
DA:36,0
DA:37,0
DA:38,0
DA:42,0
DA:47,0
DA:49,0
DA:51,0
DA:56,0
LF:22
LH:0
BRDA:15,0,0,0
BRDA:37,1,0,0
BRDA:37,1,1,0
BRDA:38,2,0,0
BRDA:38,2,1,0
BRDA:44,3,0,0
BRDA:44,3,1,0
BRDA:53,4,0,0
BRDA:53,4,1,0
BRF:9
BRH:0
end_of_record
TN:
SF:app/api/assets/export/route.ts
FN:28,safeIlike
FN:32,POST
FN:112,(anonymous_2)
FNF:3
FNH:0
FNDA:0,safeIlike
FNDA:0,POST
FNDA:0,(anonymous_2)
DA:5,0
DA:6,0
DA:7,0
DA:8,0
DA:13,0
DA:16,0
DA:29,0
DA:32,0
DA:34,0
DA:35,0
DA:45,0
DA:47,0
DA:58,0
DA:60,0
DA:61,0
DA:62,0
DA:63,0
DA:64,0
DA:66,0
DA:67,0
DA:69,0
DA:70,0
DA:72,0
DA:73,0
DA:75,0
DA:76,0
DA:78,0
DA:79,0
DA:80,0
DA:82,0
DA:85,0
DA:86,0
DA:87,0
DA:88,0
DA:89,0
DA:93,0
DA:94,0
DA:95,0
DA:96,0
DA:97,0
DA:98,0
DA:100,0
DA:105,0
DA:112,0
DA:124,0
DA:125,0
DA:127,0
DA:131,0
DA:136,0
DA:148,0
DA:152,0
DA:159,0
DA:160,0
DA:169,0
DA:174,0
LF:55
LH:0
BRDA:29,0,0,0
BRDA:29,0,1,0
BRDA:38,1,0,0
BRDA:39,2,0,0
BRDA:40,3,0,0
BRDA:41,4,0,0
BRDA:42,5,0,0
BRDA:43,6,0,0
BRDA:44,7,0,0
BRDA:66,8,0,0
BRDA:69,9,0,0
BRDA:72,10,0,0
BRDA:75,11,0,0
BRDA:78,12,0,0
BRDA:79,13,0,0
BRDA:79,13,1,0
BRDA:85,14,0,0
BRDA:88,15,0,0
BRDA:93,16,0,0
BRDA:95,17,0,0
BRDA:96,18,0,0
BRDA:96,18,1,0
BRDA:98,19,0,0
BRDA:117,20,0,0
BRDA:117,20,1,0
BRDA:117,21,0,0
BRDA:117,21,1,0
BRDA:117,22,0,0
BRDA:117,22,1,0
BRDA:118,23,0,0
BRDA:118,23,1,0
BRDA:120,24,0,0
BRDA:120,24,1,0
BRDA:125,25,0,0
BRDA:125,25,1,0
BRDA:171,26,0,0
BRDA:171,26,1,0
BRF:37
BRH:0
end_of_record
TN:
SF:app/api/assets/ready-to-go-by-type/route.ts
FN:12,GET
FN:41,(anonymous_1)
FNF:2
FNH:0
FNDA:0,GET
FNDA:0,(anonymous_1)
DA:4,0
DA:5,0
DA:6,0
DA:7,0
DA:8,0
DA:9,0
DA:12,0
DA:14,0
DA:15,0
DA:17,0
DA:18,0
DA:21,0
DA:26,0
DA:35,0
DA:36,0
DA:37,0
DA:41,0
DA:46,0
DA:48,0
DA:50,0
DA:55,0
LF:21
LH:0
BRDA:15,0,0,0
BRDA:37,1,0,0
BRDA:37,1,1,0
BRDA:43,2,0,0
BRDA:43,2,1,0
BRDA:52,3,0,0
BRDA:52,3,1,0
BRF:7
BRH:0
end_of_record
TN:
SF:app/api/dashboard/route.ts
FN:12,GET
FNF:1
FNH:1
FNDA:4,GET
DA:4,1
DA:5,1
DA:6,1
DA:12,1
DA:14,4
DA:16,4
DA:17,4
DA:18,4
DA:19,2
DA:20,2
DA:22,2
DA:27,2
LF:12
LH:12
BRDA:24,0,0,1
BRDA:24,0,1,1
BRDA:31,1,0,1
BRDA:31,1,1,1
BRF:4
BRH:4
end_of_record
TN:
SF:app/api/debug-assets/route.ts
FN:9,GET
FN:39,(anonymous_1)
FN:49,(anonymous_2)
FN:52,(anonymous_3)
FNF:4
FNH:0
FNDA:0,GET
FNDA:0,(anonymous_1)
FNDA:0,(anonymous_2)
FNDA:0,(anonymous_3)
DA:4,0
DA:5,0
DA:6,0
DA:7,0
DA:9,0
DA:10,0
DA:15,0
DA:16,0
DA:17,0
DA:24,0
DA:39,0
DA:40,0
DA:41,0
DA:42,0
DA:44,0
DA:45,0
DA:49,0
DA:52,0
DA:62,0
DA:69,0
DA:74,0
LF:21
LH:0
BRDA:16,0,0,0
BRDA:16,1,0,0
BRDA:16,1,1,0
BRDA:41,2,0,0
BRDA:71,3,0,0
BRDA:71,3,1,0
BRDA:78,4,0,0
BRDA:78,4,1,0
BRF:8
BRH:0
end_of_record
TN:
SF:app/api/debug-db/route.ts
FN:8,GET
FNF:1
FNH:0
FNDA:0,GET
DA:4,0
DA:5,0
DA:6,0
DA:8,0
DA:9,0
DA:10,0
DA:13,0
DA:15,0
DA:17,0
DA:23,0
DA:24,0
LF:11
LH:0
BRDA:20,0,0,0
BRDA:20,0,1,0
BRDA:20,1,0,0
BRDA:20,1,1,0
BRDA:20,2,0,0
BRDA:20,2,1,0
BRDA:27,3,0,0
BRDA:27,3,1,0
BRDA:28,4,0,0
BRDA:28,4,1,0
BRF:10
BRH:0
end_of_record
TN:
SF:app/api/debug-user/route.ts
FN:9,GET
FNF:1
FNH:0
FNDA:0,GET
DA:4,0
DA:5,0
DA:6,0
DA:7,0
DA:9,0
DA:10,0
DA:11,0
DA:12,0
DA:13,0
DA:18,0
DA:20,0
DA:27,0
DA:33,0
DA:35,0
DA:46,0
DA:47,0
LF:16
LH:0
BRDA:12,0,0,0
BRDA:12,1,0,0
BRDA:12,1,1,0
BRDA:14,2,0,0
BRDA:14,2,1,0
BRDA:14,3,0,0
BRDA:14,3,1,0
BRDA:14,4,0,0
BRDA:14,4,1,0
BRDA:30,5,0,0
BRDA:30,5,1,0
BRDA:42,6,0,0
BRDA:42,6,1,0
BRDA:50,7,0,0
BRDA:50,7,1,0
BRF:15
BRH:0
end_of_record
TN:
SF:app/api/debug-users/route.ts
FN:7,GET
FNF:1
FNH:0
FNDA:0,GET
DA:4,0
DA:5,0
DA:7,0
DA:8,0
DA:10,0
DA:22,0
DA:24,0
DA:30,0
DA:31,0
LF:9
LH:0
BRDA:34,0,0,0
BRDA:34,0,1,0
BRF:2
BRH:0
end_of_record
TN:
SF:app/api/departments/route.ts
FN:9,GET
FN:22,(anonymous_1)
FN:27,(anonymous_2)
FNF:3
FNH:3
FNDA:8,GET
FNDA:17,(anonymous_1)
FNDA:13,(anonymous_2)
DA:4,1
DA:5,1
DA:6,1
DA:7,1
DA:9,1
DA:11,8
DA:12,8
DA:14,8
DA:20,6
DA:21,6
DA:23,17
DA:24,13
DA:25,13
DA:27,13
DA:30,6
DA:32,6
DA:34,2
DA:39,2
LF:18
LH:18
BRDA:23,0,0,4
BRDA:23,1,0,17
BRDA:23,1,1,16
BRDA:36,2,0,1
BRDA:36,2,1,1
BRF:5
BRH:5
end_of_record
TN:
SF:app/api/holding-assets/route.ts
FN:8,GET
FNF:1
FNH:1
FNDA:8,GET
DA:2,1
DA:3,1
DA:4,1
DA:5,1
DA:6,1
DA:8,1
DA:10,8
DA:12,8
DA:14,8
DA:15,8
DA:17,6
DA:19,6
DA:20,4
DA:21,4
DA:23,2
DA:28,2
LF:16
LH:16
BRDA:15,0,0,2
BRDA:25,1,0,1
BRDA:25,1,1,1
BRF:3
BRH:3
end_of_record
TN:
SF:app/api/holding-assets/assign/route.ts
FN:15,getDatabaseUserId
FN:36,POST
FN:132,(anonymous_2)
FNF:3
FNH:0
FNDA:0,getDatabaseUserId
FNDA:0,POST
FNDA:0,(anonymous_2)
DA:2,0
DA:3,0
DA:10,0
DA:11,0
DA:12,0
DA:18,0
DA:19,0
DA:22,0
DA:28,0
DA:29,0
DA:31,0
DA:36,0
DA:38,0
DA:39,0
DA:40,0
DA:45,0
DA:48,0
DA:49,0
DA:50,0
DA:51,0
DA:59,0
DA:60,0
DA:62,0
DA:63,0
DA:73,0
DA:80,0
DA:81,0
DA:82,0
DA:88,0
DA:93,0
DA:94,0
DA:97,0
DA:103,0
DA:108,0
DA:109,0
DA:112,0
DA:117,0
DA:122,0
DA:123,0
DA:126,0
DA:132,0
DA:134,0
DA:150,0
DA:151,0
DA:153,0
DA:168,0
DA:171,0
DA:173,0
DA:176,0
DA:182,0
DA:187,0
DA:188,0
DA:192,0
DA:196,0
DA:201,0
DA:204,0
LF:56
LH:0
BRDA:18,0,0,0
BRDA:28,1,0,0
BRDA:39,2,0,0
BRDA:39,3,0,0
BRDA:39,3,1,0
BRDA:41,4,0,0
BRDA:41,4,1,0
BRDA:41,5,0,0
BRDA:41,5,1,0
BRDA:41,6,0,0
BRDA:41,6,1,0
BRDA:80,7,0,0
BRDA:80,8,0,0
BRDA:80,8,1,0
BRDA:93,9,0,0
BRDA:108,10,0,0
BRDA:122,11,0,0
BRDA:187,12,0,0
BRDA:202,13,0,0
BRDA:202,13,1,0
BRDA:208,14,0,0
BRDA:208,14,1,0
BRF:22
BRH:0
end_of_record
TN:
SF:app/api/import/route.ts
FN:19,parseCsvBuffer
FN:28,parseXlsxBuffer
FN:36,isBlobLike
FN:45,POST
FN:158,(anonymous_13)
FN:162,(anonymous_14)
FN:165,(anonymous_15)
FN:166,(anonymous_16)
FNF:8
FNH:8
FNDA:17,parseCsvBuffer
FNDA:2,parseXlsxBuffer
FNDA:25,isBlobLike
FNDA:27,POST
FNDA:2,(anonymous_13)
FNDA:15,(anonymous_14)
FNDA:15,(anonymous_15)
FNDA:2,(anonymous_16)
DA:6,1
DA:7,1
DA:8,1
DA:9,1
DA:14,1
DA:15,1
DA:16,1
DA:20,17
DA:29,2
DA:30,1
DA:31,1
DA:32,1
DA:37,25
DA:45,1
DA:47,27
DA:48,27
DA:50,25
DA:51,25
DA:53,25
DA:54,25
DA:55,25
DA:56,25
DA:59,25
DA:65,25
DA:66,2
DA:67,2
DA:73,23
DA:79,2
DA:80,2
DA:87,21
DA:88,21
DA:90,21
DA:91,17
DA:92,17
DA:93,4
DA:94,2
DA:95,2
DA:97,2
DA:98,2
DA:105,16
DA:107,15
DA:108,15
DA:109,15
DA:110,15
DA:111,15
DA:114,18
DA:116,18
DA:117,18
DA:118,61
DA:119,61
DA:121,18
DA:124,18
DA:129,18
DA:133,18
DA:134,16
DA:135,16
DA:147,15
DA:148,13
DA:149,13
DA:152,15
DA:153,15
DA:154,13
DA:158,12
DA:161,14
DA:162,15
DA:164,14
DA:165,15
DA:166,2
DA:167,14
DA:168,2
DA:172,14
DA:173,3
DA:176,3
DA:189,11
DA:190,10
DA:194,10
DA:195,1
DA:205,10
DA:206,10
DA:211,5
DA:214,5
LF:81
LH:81
BRDA:38,0,0,25
BRDA:38,0,1,24
BRDA:38,0,2,23
BRDA:38,0,3,23
BRDA:48,1,0,2
BRDA:62,2,0,25
BRDA:62,2,1,24
BRDA:65,3,0,2
BRDA:73,4,0,2
BRDA:74,5,0,23
BRDA:74,5,1,22
BRDA:74,5,2,21
BRDA:74,5,3,21
BRDA:90,6,0,17
BRDA:90,6,1,4
BRDA:93,7,0,2
BRDA:93,7,1,2
BRDA:105,8,0,15
BRDA:105,9,0,16
BRDA:105,9,1,15
BRDA:114,10,0,13
BRDA:121,11,0,13
BRDA:124,12,0,18
BRDA:124,12,1,2
BRDA:124,12,2,2
BRDA:124,12,3,1
BRDA:129,13,0,18
BRDA:129,13,1,1
BRDA:129,13,2,1
BRDA:129,13,3,1
BRDA:133,14,0,2
BRDA:133,15,0,18
BRDA:133,15,1,17
BRDA:138,16,0,16
BRDA:138,16,1,0
BRDA:143,17,0,7
BRDA:143,17,1,9
BRDA:147,18,0,13
BRDA:153,19,0,13
BRDA:167,20,0,2
BRDA:172,21,0,3
BRDA:194,22,0,1
BRDA:212,23,0,5
BRDA:212,23,1,0
BRF:44
BRH:42
end_of_record
TN:
SF:app/api/locations/route.ts
FN:20,GET
FN:90,(anonymous_1)
FN:128,OPTIONS
FN:133,POST
FNF:4
FNH:2
FNDA:10,GET
FNDA:10,(anonymous_1)
FNDA:0,OPTIONS
FNDA:0,POST
DA:4,1
DA:5,1
DA:6,1
DA:7,1
DA:8,1
DA:11,1
DA:14,1
DA:20,1
DA:22,10
DA:23,10
DA:24,10
DA:25,10
DA:26,10
DA:27,10
DA:28,10
DA:29,10
DA:31,10
DA:38,10
DA:40,10
DA:42,10
DA:43,3
DA:44,2
DA:45,1
DA:46,1
DA:50,10
DA:51,1
DA:52,9
DA:53,2
DA:57,10
DA:58,10
DA:59,5
DA:66,5
DA:68,7
DA:72,7
DA:73,5
DA:81,2
DA:90,10
DA:94,7
DA:95,7
DA:111,3
DA:116,3
DA:128,1
DA:129,0
DA:133,1
DA:135,0
DA:136,0
DA:138,0
DA:139,0
DA:140,0
DA:141,0
DA:142,0
DA:145,0
DA:146,0
DA:149,0
DA:156,0
DA:160,0
DA:161,0
DA:164,0
DA:171,0
DA:180,0
DA:181,0
DA:186,0
DA:191,0
LF:63
LH:43
BRDA:28,0,0,10
BRDA:28,0,1,8
BRDA:29,1,0,10
BRDA:29,1,1,8
BRDA:42,2,0,3
BRDA:42,3,0,10
BRDA:42,3,1,3
BRDA:43,4,0,2
BRDA:43,4,1,1
BRDA:45,5,0,1
BRDA:50,6,0,1
BRDA:50,6,1,9
BRDA:50,7,0,10
BRDA:50,7,1,1
BRDA:52,8,0,2
BRDA:58,9,0,5
BRDA:58,9,1,5
BRDA:72,10,0,5
BRDA:72,10,1,2
BRDA:113,11,0,3
BRDA:113,11,1,0
BRDA:120,12,0,3
BRDA:120,12,1,0
BRDA:136,13,0,0
BRDA:145,14,0,0
BRDA:145,15,0,0
BRDA:145,15,1,0
BRDA:160,16,0,0
BRDA:175,17,0,0
BRDA:175,17,1,0
BRDA:176,18,0,0
BRDA:176,18,1,0
BRDA:188,19,0,0
BRDA:188,19,1,0
BRDA:195,20,0,0
BRDA:195,20,1,0
BRF:36
BRH:21
end_of_record
TN:
SF:app/api/locations/[id]/route.ts
FN:15,GET
FN:58,PUT
FN:137,DELETE
FN:184,OPTIONS
FNF:4
FNH:0
FNDA:0,GET
FNDA:0,PUT
FNDA:0,DELETE
FNDA:0,OPTIONS
DA:4,0
DA:5,0
DA:6,0
DA:7,0
DA:9,0
DA:15,0
DA:20,0
DA:21,0
DA:23,0
DA:24,0
DA:25,0
DA:29,0
DA:30,0
DA:31,0
DA:36,0
DA:37,0
DA:42,0
DA:47,0
DA:58,0
DA:63,0
DA:64,0
DA:65,0
DA:66,0
DA:67,0
DA:68,0
DA:70,0
DA:71,0
DA:75,0
DA:81,0
DA:85,0
DA:86,0
DA:90,0
DA:96,0
DA:105,0
DA:106,0
DA:110,0
DA:115,0
DA:116,0
DA:121,0
DA:126,0
DA:137,0
DA:142,0
DA:143,0
DA:144,0
DA:145,0
DA:147,0
DA:152,0
DA:153,0
DA:157,0
DA:162,0
DA:163,0
DA:168,0
DA:173,0
DA:184,0
DA:185,0
LF:55
LH:0
BRDA:29,0,0,0
BRDA:44,1,0,0
BRDA:44,1,1,0
BRDA:51,2,0,0
BRDA:51,2,1,0
BRDA:70,3,0,0
BRDA:70,4,0,0
BRDA:70,4,1,0
BRDA:85,5,0,0
BRDA:85,6,0,0
BRDA:85,6,1,0
BRDA:100,7,0,0
BRDA:100,7,1,0
BRDA:101,8,0,0
BRDA:101,8,1,0
BRDA:105,9,0,0
BRDA:123,10,0,0
BRDA:123,10,1,0
BRDA:130,11,0,0
BRDA:130,11,1,0
BRDA:152,12,0,0
BRDA:170,13,0,0
BRDA:170,13,1,0
BRDA:177,14,0,0
BRDA:177,14,1,0
BRF:25
BRH:0
end_of_record
TN:
SF:app/api/locations/[id]/assignments/route.ts
FN:9,GET
FNF:1
FNH:0
FNDA:0,GET
DA:4,0
DA:5,0
DA:6,0
DA:7,0
DA:9,0
DA:14,0
DA:15,0
DA:16,0
DA:19,0
DA:20,0
DA:21,0
DA:22,0
DA:23,0
DA:24,0
DA:25,0
DA:26,0
DA:28,0
DA:32,0
DA:36,0
DA:37,0
DA:39,0
DA:46,0
DA:52,0
DA:64,0
DA:66,0
LF:25
LH:0
BRDA:15,0,0,0
BRDA:20,1,0,0
BRDA:20,1,1,0
BRDA:21,2,0,0
BRDA:21,2,1,0
BRDA:22,3,0,0
BRDA:22,3,1,0
BRDA:23,4,0,0
BRDA:23,4,1,0
BRDA:36,5,0,0
BRDA:36,5,1,0
BRDA:36,6,0,0
BRDA:36,6,1,0
BRDA:36,7,0,0
BRDA:36,7,1,0
BRDA:37,8,0,0
BRDA:37,8,1,0
BRDA:37,9,0,0
BRDA:37,9,1,0
BRDA:37,10,0,0
BRDA:37,10,1,0
BRDA:68,11,0,0
BRDA:68,11,1,0
BRDA:69,12,0,0
BRDA:69,12,1,0
BRF:25
BRH:0
end_of_record
TN:
SF:app/api/locations/export/route.ts
FN:25,GET
FN:58,(anonymous_1)
FN:98,POST
FN:129,(anonymous_3)
FNF:4
FNH:0
FNDA:0,GET
FNDA:0,(anonymous_1)
FNDA:0,POST
FNDA:0,(anonymous_3)
DA:4,0
DA:5,0
DA:6,0
DA:7,0
DA:12,0
DA:14,0
DA:17,0
DA:25,0
DA:26,0
DA:27,0
DA:28,0
DA:29,0
DA:30,0
DA:32,0
DA:33,0
DA:34,0
DA:35,0
DA:36,0
DA:37,0
DA:40,0
DA:41,0
DA:45,0
DA:46,0
DA:52,0
DA:58,0
DA:69,0
DA:71,0
DA:75,0
DA:86,0
DA:91,0
DA:98,0
DA:100,0
DA:101,0
DA:103,0
DA:104,0
DA:105,0
DA:106,0
DA:107,0
DA:108,0
DA:111,0
DA:112,0
DA:116,0
DA:117,0
DA:123,0
DA:129,0
DA:140,0
DA:142,0
DA:149,0
DA:150,0
DA:159,0
DA:163,0
DA:174,0
DA:179,0
LF:53
LH:0
BRDA:33,0,0,0
BRDA:33,1,0,0
BRDA:33,1,1,0
BRDA:34,2,0,0
BRDA:34,2,1,0
BRDA:36,3,0,0
BRDA:40,4,0,0
BRDA:45,5,0,0
BRDA:45,5,1,0
BRDA:60,6,0,0
BRDA:60,6,1,0
BRDA:61,7,0,0
BRDA:61,7,1,0
BRDA:62,8,0,0
BRDA:62,8,1,0
BRDA:65,9,0,0
BRDA:65,9,1,0
BRDA:88,10,0,0
BRDA:88,10,1,0
BRDA:101,11,0,0
BRDA:104,12,0,0
BRDA:104,13,0,0
BRDA:104,13,1,0
BRDA:105,14,0,0
BRDA:105,14,1,0
BRDA:107,15,0,0
BRDA:111,16,0,0
BRDA:116,17,0,0
BRDA:116,17,1,0
BRDA:131,18,0,0
BRDA:131,18,1,0
BRDA:132,19,0,0
BRDA:132,19,1,0
BRDA:133,20,0,0
BRDA:133,20,1,0
BRDA:136,21,0,0
BRDA:136,21,1,0
BRDA:140,22,0,0
BRDA:176,23,0,0
BRDA:176,23,1,0
BRF:40
BRH:0
end_of_record
TN:
SF:app/api/reports/asset-inventory/summary/route.ts
FN:9,GET
FNF:1
FNH:0
FNDA:0,GET
DA:4,0
DA:5,0
DA:6,0
DA:7,0
DA:9,0
DA:11,0
DA:12,0
DA:14,0
DA:19,0
DA:20,0
DA:21,0
DA:24,0
DA:29,0
DA:30,0
DA:31,0
DA:34,0
DA:43,0
DA:44,0
DA:45,0
DA:48,0
DA:57,0
DA:58,0
DA:59,0
DA:63,0
DA:71,0
DA:72,0
DA:73,0
DA:75,0
DA:82,0
DA:90,0
DA:95,0
LF:31
LH:0
BRDA:92,0,0,0
BRDA:92,0,1,0
BRF:2
BRH:0
end_of_record
TN:
SF:app/api/reports/financial/summary/route.ts
FN:18,calculateDepreciatedValue
FN:46,GET
FN:88,(anonymous_2)
FN:97,(anonymous_3)
FNF:4
FNH:0
FNDA:0,calculateDepreciatedValue
FNDA:0,GET
FNDA:0,(anonymous_2)
FNDA:0,(anonymous_3)
DA:4,0
DA:5,0
DA:6,0
DA:7,0
DA:8,0
DA:26,0
DA:27,0
DA:28,0
DA:29,0
DA:31,0
DA:32,0
DA:33,0
DA:34,0
DA:37,0
DA:38,0
DA:39,0
DA:40,0
DA:42,0
DA:46,0
DA:48,0
DA:49,0
DA:51,0
DA:61,0
DA:62,0
DA:64,0
DA:65,0
DA:66,0
DA:67,0
DA:74,0
DA:75,0
DA:76,0
DA:77,0
DA:84,0
DA:85,0
DA:87,0
DA:90,0
DA:91,0
DA:97,0
DA:98,0
DA:100,0
DA:102,0
DA:106,0
DA:107,0
DA:108,0
DA:110,0
DA:112,0
DA:117,0
DA:125,0
DA:128,0
DA:129,0
DA:130,0
DA:131,0
DA:132,0
DA:134,0
DA:136,0
DA:141,0
DA:142,0
DA:150,0
DA:152,0
DA:154,0
DA:155,0
DA:157,0
DA:162,0
LF:63
LH:0
BRDA:26,0,0,0
BRDA:28,1,0,0
BRDA:29,2,0,0
BRDA:29,2,1,0
BRDA:34,3,0,0
BRDA:34,3,1,0
BRDA:39,4,0,0
BRDA:39,4,1,0
BRDA:39,5,0,0
BRDA:39,5,1,0
BRDA:42,6,0,0
BRDA:42,6,1,0
BRDA:62,7,0,0
BRDA:62,7,1,0
BRDA:62,8,0,0
BRDA:62,8,1,0
BRDA:62,9,0,0
BRDA:62,9,1,0
BRDA:62,10,0,0
BRDA:62,10,1,0
BRDA:67,11,0,0
BRDA:68,12,0,0
BRDA:68,12,1,0
BRDA:68,12,2,0
BRDA:68,12,3,0
BRDA:68,12,4,0
BRDA:75,13,0,0
BRDA:75,13,1,0
BRDA:76,14,0,0
BRDA:76,14,1,0
BRDA:78,15,0,0
BRDA:78,15,1,0
BRDA:78,16,0,0
BRDA:78,16,1,0
BRDA:90,17,0,0
BRDA:90,17,1,0
BRDA:90,18,0,0
BRDA:90,18,1,0
BRDA:91,19,0,0
BRDA:91,19,1,0
BRDA:91,20,0,0
BRDA:91,20,1,0
BRDA:91,20,2,0
BRDA:98,21,0,0
BRDA:98,21,1,0
BRDA:102,22,0,0
BRDA:102,22,1,0
BRDA:110,23,0,0
BRDA:110,23,1,0
BRDA:110,24,0,0
BRDA:110,24,1,0
BRDA:112,25,0,0
BRDA:112,25,1,0
BRDA:112,26,0,0
BRDA:112,26,1,0
BRDA:112,26,2,0
BRDA:125,27,0,0
BRDA:125,27,1,0
BRDA:134,28,0,0
BRDA:134,28,1,0
BRDA:134,29,0,0
BRDA:134,29,1,0
BRDA:136,30,0,0
BRDA:136,30,1,0
BRDA:136,31,0,0
BRDA:136,31,1,0
BRDA:136,31,2,0
BRDA:141,32,0,0
BRDA:159,33,0,0
BRDA:159,33,1,0
BRF:70
BRH:0
end_of_record
TN:
SF:app/api/search/route.ts
FN:21,GET
FN:83,(anonymous_1)
FN:101,(anonymous_2)
FNF:3
FNH:2
FNDA:8,GET
FNDA:1,(anonymous_1)
FNDA:0,(anonymous_2)
DA:4,1
DA:5,1
DA:6,1
DA:13,1
DA:14,1
DA:15,1
DA:21,1
DA:23,8
DA:24,8
DA:25,8
DA:26,8
DA:28,8
DA:30,8
DA:31,3
DA:34,3
DA:40,5
DA:44,5
DA:82,1
DA:84,1
DA:92,1
DA:101,1
DA:108,1
DA:114,1
DA:120,1
DA:122,4
DA:127,4
LF:26
LH:26
BRDA:30,0,0,3
BRDA:30,1,0,8
BRDA:30,1,1,6
BRDA:30,1,2,6
BRDA:94,2,0,1
BRDA:94,2,1,1
BRDA:94,3,0,1
BRDA:94,3,1,0
BRDA:94,4,0,1
BRDA:94,4,1,1
BRDA:124,5,0,3
BRDA:124,5,1,1
BRDA:131,6,0,3
BRDA:131,6,1,1
BRF:14
BRH:13
end_of_record
TN:
SF:app/api/settings/route.ts
FN:10,GET
FN:42,PUT
FNF:2
FNH:1
FNDA:6,GET
FNDA:0,PUT
DA:4,1
DA:5,1
DA:6,1
DA:7,1
DA:10,1
DA:12,6
DA:13,6
DA:14,6
DA:15,4
DA:16,1
DA:17,1
DA:22,3
DA:24,3
DA:29,2
DA:34,2
DA:42,1
DA:44,0
DA:45,0
DA:46,0
DA:47,0
DA:48,0
DA:50,0
DA:51,0
DA:52,0
DA:53,0
DA:56,0
DA:64,0
DA:67,0
DA:68,0
DA:70,0
DA:71,0
DA:72,0
DA:77,0
DA:79,0
DA:80,0
DA:81,0
DA:86,0
DA:91,0
LF:38
LH:16
BRDA:15,0,0,1
BRDA:26,1,0,3
BRDA:26,1,1,1
BRDA:31,2,0,1
BRDA:31,2,1,1
BRDA:50,3,0,0
BRDA:52,4,0,0
BRDA:52,5,0,0
BRDA:52,5,1,0
BRDA:52,5,2,0
BRDA:67,6,0,0
BRDA:70,7,0,0
BRDA:83,8,0,0
BRDA:83,8,1,0
BRDA:88,9,0,0
BRDA:88,9,1,0
BRF:16
BRH:5
end_of_record
TN:
SF:app/api/test-auth/route.ts
FN:7,GET
FNF:1
FNH:1
FNDA:8,GET
DA:4,1
DA:5,1
DA:7,1
DA:8,8
DA:13,8
DA:15,6
DA:16,2
DA:26,4
DA:36,2
DA:37,2
LF:10
LH:10
BRDA:15,0,0,2
BRDA:15,1,0,6
BRDA:15,1,1,5
BRDA:20,2,0,2
BRDA:20,2,1,1
BRDA:20,3,0,1
BRDA:20,3,1,1
BRDA:20,4,0,2
BRDA:20,4,1,1
BRDA:32,5,0,1
BRDA:32,5,1,3
BRDA:32,6,0,4
BRDA:32,6,1,3
BRDA:41,7,0,1
BRDA:41,7,1,1
BRF:15
BRH:15
end_of_record
TN:
SF:app/api/users/route.ts
FN:11,GET
FN:124,POST
FNF:2
FNH:0
FNDA:0,GET
FNDA:0,POST
DA:4,0
DA:5,0
DA:6,0
DA:7,0
DA:8,0
DA:11,0
DA:13,0
DA:14,0
DA:15,0
DA:16,0
DA:17,0
DA:18,0
DA:19,0
DA:20,0
DA:21,0
DA:22,0
DA:23,0
DA:26,0
DA:27,0
DA:28,0
DA:31,0
DA:32,0
DA:33,0
DA:37,0
DA:38,0
DA:39,0
DA:43,0
DA:45,0
DA:46,0
DA:48,0
DA:52,0
DA:53,0
DA:75,0
DA:97,0
DA:98,0
DA:111,0
DA:116,0
DA:124,0
DA:126,0
DA:127,0
DA:128,0
DA:133,0
DA:134,0
DA:135,0
DA:144,0
DA:146,0
DA:156,0
DA:164,0
DA:165,0
DA:172,0
DA:185,0
DA:186,0
DA:188,0
DA:193,0
LF:54
LH:0
BRDA:14,0,0,0
BRDA:19,1,0,0
BRDA:19,1,1,0
BRDA:20,2,0,0
BRDA:20,2,1,0
BRDA:21,3,0,0
BRDA:21,3,1,0
BRDA:22,4,0,0
BRDA:22,4,1,0
BRDA:27,5,0,0
BRDA:27,6,0,0
BRDA:27,6,1,0
BRDA:31,7,0,0
BRDA:31,8,0,0
BRDA:31,8,1,0
BRDA:32,9,0,0
BRDA:32,9,1,0
BRDA:38,10,0,0
BRDA:38,10,1,0
BRDA:43,11,0,0
BRDA:43,11,1,0
BRDA:46,12,0,0
BRDA:46,12,1,0
BRDA:52,13,0,0
BRDA:52,13,1,0
BRDA:113,14,0,0
BRDA:113,14,1,0
BRDA:127,15,0,0
BRDA:127,16,0,0
BRDA:127,16,1,0
BRDA:129,17,0,0
BRDA:129,17,1,0
BRDA:129,18,0,0
BRDA:129,18,1,0
BRDA:129,19,0,0
BRDA:129,19,1,0
BRDA:156,20,0,0
BRDA:157,21,0,0
BRDA:157,21,1,0
BRDA:157,21,2,0
BRDA:157,21,3,0
BRDA:157,21,4,0
BRDA:157,21,5,0
BRDA:180,22,0,0
BRDA:180,22,1,0
BRDA:185,23,0,0
BRDA:185,23,1,0
BRDA:185,24,0,0
BRDA:185,24,1,0
BRDA:185,25,0,0
BRDA:185,25,1,0
BRDA:190,26,0,0
BRDA:190,26,1,0
BRF:53
BRH:0
end_of_record
TN:
SF:app/api/users/[userId]/route.ts
FN:10,GET
FN:69,PATCH
FN:135,DELETE
FNF:3
FNH:1
FNDA:9,GET
FNDA:0,PATCH
FNDA:0,DELETE
DA:4,1
DA:5,1
DA:6,1
DA:7,1
DA:8,1
DA:10,1
DA:15,9
DA:16,9
DA:18,9
DA:19,9
DA:20,9
DA:21,1
DA:22,1
DA:28,8
DA:46,6
DA:47,1
DA:48,1
DA:50,5
DA:51,5
DA:53,2
DA:58,2
DA:69,1
DA:74,0
DA:75,0
DA:76,0
DA:77,0
DA:78,0
DA:79,0
DA:80,0
DA:85,0
DA:87,0
DA:96,0
DA:97,0
DA:98,0
DA:99,0
DA:102,0
DA:103,0
DA:106,0
DA:111,0
DA:116,0
DA:117,0
DA:118,0
DA:120,0
DA:121,0
DA:123,0
DA:128,0
DA:135,1
DA:140,0
DA:141,0
DA:142,0
DA:143,0
DA:144,0
DA:145,0
DA:146,0
DA:151,0
DA:155,0
DA:156,0
DA:159,0
DA:161,0
DA:162,0
DA:164,0
DA:169,0
LF:62
LH:23
BRDA:20,0,0,1
BRDA:46,1,0,1
BRDA:55,2,0,1
BRDA:55,2,1,1
BRDA:62,3,0,1
BRDA:62,3,1,1
BRDA:78,4,0,0
BRDA:98,5,0,0
BRDA:98,6,0,0
BRDA:98,6,1,0
BRDA:102,7,0,0
BRDA:116,8,0,0
BRDA:125,9,0,0
BRDA:125,9,1,0
BRDA:144,10,0,0
BRDA:155,11,0,0
BRDA:166,12,0,0
BRDA:166,12,1,0
BRF:18
BRH:6
end_of_record
TN:
SF:app/api/users/[userId]/assets/route.ts
FN:22,POST
FN:166,GET
FN:242,OPTIONS
FNF:3
FNH:0
FNDA:0,POST
FNDA:0,GET
FNDA:0,OPTIONS
DA:4,0
DA:5,0
DA:6,0
DA:7,0
DA:8,0
DA:9,0
DA:12,0
DA:22,0
DA:26,0
DA:27,0
DA:29,0
DA:34,0
DA:35,0
DA:36,0
DA:37,0
DA:42,0
DA:43,0
DA:45,0
DA:46,0
DA:47,0
DA:54,0
DA:60,0
DA:61,0
DA:62,0
DA:69,0
DA:90,0
DA:91,0
DA:92,0
DA:101,0
DA:104,0
DA:114,0
DA:123,0
DA:127,0
DA:145,0
DA:151,0
DA:166,0
DA:170,0
DA:171,0
DA:173,0
DA:178,0
DA:179,0
DA:180,0
DA:181,0
DA:190,0
DA:209,0
DA:213,0
DA:222,0
DA:228,0
DA:242,0
DA:243,0
LF:50
LH:0
BRDA:35,0,0,0
BRDA:35,1,0,0
BRDA:35,1,1,0
BRDA:45,2,0,0
BRDA:60,3,0,0
BRDA:90,4,0,0
BRDA:147,5,0,0
BRDA:147,5,1,0
BRDA:155,6,0,0
BRDA:155,6,1,0
BRDA:179,7,0,0
BRDA:179,8,0,0
BRDA:179,8,1,0
BRDA:224,9,0,0
BRDA:224,9,1,0
BRDA:232,10,0,0
BRDA:232,10,1,0
BRF:17
BRH:0
end_of_record
TN:
SF:app/api/users/by-email/route.ts
FN:9,GET
FNF:1
FNH:0
FNDA:0,GET
DA:4,0
DA:5,0
DA:6,0
DA:7,0
DA:9,0
DA:10,0
DA:12,0
DA:13,0
DA:15,0
DA:16,0
DA:18,0
DA:19,0
DA:26,0
DA:38,0
DA:39,0
DA:42,0
DA:47,0
DA:48,0
LF:18
LH:0
BRDA:13,0,0,0
BRDA:18,1,0,0
BRDA:38,2,0,0
BRDA:51,3,0,0
BRDA:51,3,1,0
BRF:5
BRH:0
end_of_record
TN:
SF:app/api/users/by-employee-id/[employeeId]/route.ts
FN:15,GET
FNF:1
FNH:0
FNDA:0,GET
DA:4,0
DA:5,0
DA:6,0
DA:12,0
DA:13,0
DA:15,0
DA:20,0
DA:21,0
DA:23,0
DA:24,0
DA:25,0
DA:26,0
DA:29,0
DA:36,0
DA:55,0
DA:56,0
DA:60,0
DA:63,0
DA:66,0
DA:77,0
DA:80,0
DA:82,0
DA:87,0
LF:23
LH:0
BRDA:25,0,0,0
BRDA:55,1,0,0
BRDA:84,2,0,0
BRDA:84,2,1,0
BRF:4
BRH:0
end_of_record
TN:
SF:app/api/users/export/route.ts
FN:27,POST
FN:107,(anonymous_1)
FN:177,GET
FN:239,(anonymous_3)
FNF:4
FNH:0
FNDA:0,POST
FNDA:0,(anonymous_1)
FNDA:0,GET
FNDA:0,(anonymous_3)
DA:5,0
DA:6,0
DA:7,0
DA:8,0
DA:9,0
DA:14,0
DA:15,0
DA:18,0
DA:27,0
DA:29,0
DA:30,0
DA:36,0
DA:38,0
DA:44,0
DA:45,0
DA:46,0
DA:48,0
DA:49,0
DA:52,0
DA:54,0
DA:56,0
DA:73,0
DA:74,0
DA:90,0
DA:107,0
DA:116,0
DA:117,0
DA:118,0
DA:119,0
DA:121,0
DA:125,0
DA:130,0
DA:132,0
DA:144,0
DA:148,0
DA:155,0
DA:156,0
DA:165,0
DA:170,0
DA:177,0
DA:178,0
DA:179,0
DA:180,0
DA:181,0
DA:183,0
DA:184,0
DA:185,0
DA:187,0
DA:189,0
DA:190,0
DA:206,0
DA:207,0
DA:223,0
DA:239,0
DA:248,0
DA:252,0
DA:253,0
DA:264,0
DA:269,0
LF:59
LH:0
BRDA:33,0,0,0
BRDA:34,1,0,0
BRDA:35,2,0,0
BRDA:45,3,0,0
BRDA:48,4,0,0
BRDA:48,5,0,0
BRDA:48,5,1,0
BRDA:48,5,2,0
BRDA:54,6,0,0
BRDA:54,6,1,0
BRDA:73,7,0,0
BRDA:73,7,1,0
BRDA:112,8,0,0
BRDA:112,8,1,0
BRDA:119,9,0,0
BRDA:119,9,1,0
BRDA:167,10,0,0
BRDA:167,10,1,0
BRDA:180,11,0,0
BRDA:180,11,1,0
BRDA:181,12,0,0
BRDA:181,12,1,0
BRDA:184,13,0,0
BRDA:184,14,0,0
BRDA:184,14,1,0
BRDA:184,14,2,0
BRDA:189,15,0,0
BRDA:189,15,1,0
BRDA:206,16,0,0
BRDA:206,16,1,0
BRDA:244,17,0,0
BRDA:244,17,1,0
BRDA:266,18,0,0
BRDA:266,18,1,0
BRF:34
BRH:0
end_of_record
TN:
SF:app/api/users/next-employee-id/route.ts
FN:10,GET
FNF:1
FNH:0
FNDA:0,GET
DA:4,0
DA:5,0
DA:6,0
DA:7,0
DA:8,0
DA:10,0
DA:12,0
DA:13,0
DA:15,0
DA:21,0
DA:22,0
DA:23,0
DA:24,0
DA:25,0
DA:27,0
DA:28,0
DA:30,0
DA:35,0
LF:18
LH:0
BRDA:22,0,0,0
BRDA:22,1,0,0
BRDA:22,1,1,0
BRDA:32,2,0,0
BRDA:32,2,1,0
BRF:5
BRH:0
end_of_record
TN:
SF:app/assets/page.tsx
FN:24,AssetsPage
FN:32,AssetsPageContent
FN:39,(anonymous_3)
FN:46,(anonymous_4)
FN:65,(anonymous_5)
FN:66,(anonymous_6)
FN:78,(anonymous_7)
FN:84,(anonymous_8)
FN:92,(anonymous_9)
FN:133,(anonymous_10)
FN:163,(anonymous_11)
FN:205,(anonymous_12)
FN:249,(anonymous_13)
FN:251,(anonymous_14)
FN:259,AssetsLoadingSkeleton
FNF:15
FNH:0
FNDA:0,AssetsPage
FNDA:0,AssetsPageContent
FNDA:0,(anonymous_3)
FNDA:0,(anonymous_4)
FNDA:0,(anonymous_5)
FNDA:0,(anonymous_6)
FNDA:0,(anonymous_7)
FNDA:0,(anonymous_8)
FNDA:0,(anonymous_9)
FNDA:0,(anonymous_10)
FNDA:0,(anonymous_11)
FNDA:0,(anonymous_12)
FNDA:0,(anonymous_13)
FNDA:0,(anonymous_14)
FNDA:0,AssetsLoadingSkeleton
DA:5,0
DA:6,0
DA:7,0
DA:8,0
DA:13,0
DA:14,0
DA:15,0
DA:17,0
DA:18,0
DA:19,0
DA:20,0
DA:21,0
DA:22,0
DA:24,0
DA:25,0
DA:33,0
DA:34,0
DA:35,0
DA:39,0
DA:46,0
DA:47,0
DA:54,0
DA:55,0
DA:58,0
DA:60,0
DA:62,0
DA:65,0
DA:66,0
DA:68,0
DA:69,0
DA:70,0
DA:72,0
DA:74,0
DA:75,0
DA:78,0
DA:79,0
DA:81,0
DA:84,0
DA:86,0
DA:87,0
DA:88,0
DA:92,0
DA:93,0
DA:94,0
DA:96,0
DA:106,0
DA:107,0
DA:110,0
DA:112,0
DA:113,0
DA:114,0
DA:115,0
DA:116,0
DA:117,0
DA:118,0
DA:119,0
DA:121,0
DA:125,0
DA:126,0
DA:132,0
DA:133,0
DA:134,0
DA:135,0
DA:136,0
DA:137,0
DA:139,0
DA:142,0
DA:163,0
DA:206,0
DA:209,0
DA:210,0
DA:211,0
DA:212,0
DA:214,0
DA:215,0
DA:216,0
DA:217,0
DA:219,0
DA:220,0
DA:221,0
DA:222,0
DA:224,0
DA:251,0
DA:260,0
LF:84
LH:0
BRDA:48,0,0,0
BRDA:48,0,1,0
BRDA:48,1,0,0
BRDA:48,1,1,0
BRDA:48,2,0,0
BRDA:48,2,1,0
BRDA:48,3,0,0
BRDA:48,3,1,0
BRDA:48,4,0,0
BRDA:48,4,1,0
BRDA:49,5,0,0
BRDA:49,5,1,0
BRDA:49,6,0,0
BRDA:49,6,1,0
BRDA:49,7,0,0
BRDA:49,7,1,0
BRDA:49,8,0,0
BRDA:49,8,1,0
BRDA:49,9,0,0
BRDA:49,9,1,0
BRDA:50,10,0,0
BRDA:50,10,1,0
BRDA:50,11,0,0
BRDA:50,11,1,0
BRDA:50,12,0,0
BRDA:50,12,1,0
BRDA:50,13,0,0
BRDA:50,13,1,0
BRDA:50,14,0,0
BRDA:50,14,1,0
BRDA:68,15,0,0
BRDA:68,15,1,0
BRDA:68,16,0,0
BRDA:68,16,1,0
BRDA:68,17,0,0
BRDA:68,17,1,0
BRDA:68,18,0,0
BRDA:68,18,1,0
BRDA:69,19,0,0
BRDA:69,19,1,0
BRDA:81,20,0,0
BRDA:81,20,1,0
BRDA:81,21,0,0
BRDA:81,21,1,0
BRDA:86,22,0,0
BRDA:86,22,1,0
BRDA:86,23,0,0
BRDA:86,23,1,0
BRDA:86,24,0,0
BRDA:86,24,1,0
BRDA:86,25,0,0
BRDA:86,25,1,0
BRDA:106,26,0,0
BRDA:110,27,0,0
BRDA:110,27,1,0
BRDA:135,28,0,0
BRDA:169,29,0,0
BRDA:169,29,1,0
BRDA:192,30,0,0
BRDA:192,30,1,0
BRDA:207,31,0,0
BRDA:207,31,1,0
BRDA:207,32,0,0
BRDA:207,32,1,0
BRDA:207,33,0,0
BRDA:207,33,1,0
BRDA:207,34,0,0
BRDA:207,34,1,0
BRDA:209,35,0,0
BRDA:209,35,1,0
BRDA:211,36,0,0
BRDA:214,37,0,0
BRDA:214,37,1,0
BRDA:216,38,0,0
BRDA:219,39,0,0
BRDA:219,39,1,0
BRDA:221,40,0,0
BRF:77
BRH:0
end_of_record
TN:
SF:app/assets/[id]/page.tsx
FN:19,Page
FN:32,(anonymous_2)
FN:33,fetchAsset
FN:47,(anonymous_4)
FN:104,(anonymous_5)
FNF:5
FNH:0
FNDA:0,Page
FNDA:0,(anonymous_2)
FNDA:0,fetchAsset
FNDA:0,(anonymous_4)
FNDA:0,(anonymous_5)
DA:7,0
DA:8,0
DA:9,0
DA:10,0
DA:11,0
DA:12,0
DA:13,0
DA:14,0
DA:15,0
DA:17,0
DA:19,0
DA:20,0
DA:21,0
DA:22,0
DA:23,0
DA:25,0
DA:26,0
DA:27,0
DA:28,0
DA:29,0
DA:32,0
DA:34,0
DA:35,0
DA:36,0
DA:37,0
DA:38,0
DA:40,0
DA:43,0
DA:47,0
DA:48,0
DA:49,0
DA:51,0
DA:54,0
DA:55,0
DA:58,0
DA:67,0
DA:68,0
DA:70,0
DA:72,0
DA:75,0
DA:104,0
LF:41
LH:0
BRDA:28,0,0,0
BRDA:28,0,1,0
BRDA:36,1,0,0
BRDA:54,2,0,0
BRDA:54,3,0,0
BRDA:54,3,1,0
BRDA:54,4,0,0
BRDA:54,4,1,0
BRDA:107,5,0,0
BRDA:107,5,1,0
BRDA:132,6,0,0
BRDA:132,6,1,0
BRDA:134,7,0,0
BRDA:134,7,1,0
BRDA:137,8,0,0
BRDA:137,8,1,0
BRF:16
BRH:0
end_of_record
TN:
SF:app/assets/new/page.tsx
FN:13,NewAssetPage
FNF:1
FNH:0
FNDA:0,NewAssetPage
DA:6,0
DA:7,0
DA:8,0
DA:9,0
DA:10,0
DA:11,0
DA:13,0
DA:14,0
DA:15,0
LF:9
LH:0
BRF:0
BRH:0
end_of_record
TN:
SF:app/auth/login/page.tsx
FN:18,LoginPage
FN:27,(anonymous_11)
FN:97,(anonymous_12)
FN:115,(anonymous_13)
FN:121,(anonymous_14)
FNF:5
FNH:0
FNDA:0,LoginPage
FNDA:0,(anonymous_11)
FNDA:0,(anonymous_12)
FNDA:0,(anonymous_13)
FNDA:0,(anonymous_14)
DA:6,0
DA:7,0
DA:8,0
DA:9,0
DA:10,0
DA:11,0
DA:12,0
DA:13,0
DA:14,0
DA:15,0
DA:16,0
DA:18,0
DA:19,0
DA:20,0
DA:21,0
DA:22,0
DA:23,0
DA:24,0
DA:25,0
DA:27,0
DA:28,0
DA:29,0
DA:30,0
DA:32,0
DA:33,0
DA:34,0
DA:35,0
DA:37,0
DA:40,0
DA:42,0
DA:46,0
DA:97,0
DA:115,0
DA:121,0
LF:34
LH:0
BRDA:34,0,0,0
BRDA:34,0,1,0
BRDA:80,1,0,0
BRDA:80,1,1,0
BRDA:111,2,0,0
BRDA:111,2,1,0
BRDA:124,3,0,0
BRDA:124,3,1,0
BRDA:145,4,0,0
BRDA:145,4,1,0
BRF:10
BRH:0
end_of_record
TN:
SF:app/barcode-test/page.tsx
FN:13,SystemInfoCard
FN:15,(anonymous_10)
FN:67,BarcodeTestPage
FN:74,(anonymous_12)
FN:75,(anonymous_13)
FN:78,(anonymous_14)
FN:81,(anonymous_15)
FN:82,(anonymous_16)
FN:167,(anonymous_17)
FNF:9
FNH:0
FNDA:0,SystemInfoCard
FNDA:0,(anonymous_10)
FNDA:0,BarcodeTestPage
FNDA:0,(anonymous_12)
FNDA:0,(anonymous_13)
FNDA:0,(anonymous_14)
FNDA:0,(anonymous_15)
FNDA:0,(anonymous_16)
FNDA:0,(anonymous_17)
DA:6,0
DA:7,0
DA:8,0
DA:9,0
DA:10,0
DA:14,0
DA:15,0
DA:16,0
DA:18,0
DA:19,0
DA:41,0
DA:67,0
DA:69,0
DA:70,0
DA:71,0
DA:74,0
DA:75,0
DA:76,0
DA:77,0
DA:78,0
DA:81,0
DA:82,0
DA:85,0
DA:168,0
LF:24
LH:0
BRDA:18,0,0,0
BRDA:52,1,0,0
BRDA:52,1,1,0
BRDA:56,2,0,0
BRDA:56,2,1,0
BRDA:125,3,0,0
BRDA:125,3,1,0
BRDA:125,3,2,0
BRDA:161,4,0,0
BRDA:161,4,1,0
BRF:10
BRH:0
end_of_record
TN:
SF:app/dashboard/page.tsx
FN:15,DashboardPage
FNF:1
FNH:0
FNDA:0,DashboardPage
DA:4,0
DA:5,0
DA:6,0
DA:7,0
DA:8,0
DA:12,0
DA:13,0
DA:15,0
DA:17,0
DA:20,0
DA:21,0
DA:31,0
LF:12
LH:0
BRDA:20,0,0,0
BRF:1
BRH:0
end_of_record
TN:
SF:app/debug-auth/page.tsx
FN:11,(anonymous_9)
FN:16,(anonymous_10)
FN:20,(anonymous_11)
FN:29,(anonymous_12)
FN:31,(anonymous_13)
FN:39,(anonymous_14)
FN:116,(anonymous_15)
FNF:7
FNH:0
FNDA:0,(anonymous_9)
FNDA:0,(anonymous_10)
FNDA:0,(anonymous_11)
FNDA:0,(anonymous_12)
FNDA:0,(anonymous_13)
FNDA:0,(anonymous_14)
FNDA:0,(anonymous_15)
DA:6,0
DA:7,0
DA:8,0
DA:9,0
DA:11,0
DA:12,0
DA:13,0
DA:14,0
DA:16,0
DA:18,0
DA:20,0
DA:21,0
DA:24,0
DA:25,0
DA:29,0
DA:30,0
DA:31,0
DA:32,0
DA:33,0
DA:34,0
DA:36,0
DA:39,0
DA:40,0
DA:41,0
DA:47,0
DA:48,0
DA:56,0
DA:60,0
DA:117,0
DA:135,0
LF:30
LH:0
BRDA:24,0,0,0
BRDA:24,1,0,0
BRDA:24,1,1,0
BRDA:24,2,0,0
BRDA:24,2,1,0
BRDA:43,3,0,0
BRDA:43,3,1,0
BRDA:43,4,0,0
BRDA:43,4,1,0
BRDA:70,5,0,0
BRDA:70,5,1,0
BRDA:73,6,0,0
BRDA:73,6,1,0
BRDA:76,7,0,0
BRDA:76,7,1,0
BRDA:79,8,0,0
BRDA:79,8,1,0
BRDA:83,9,0,0
BRDA:83,9,1,0
BRDA:94,10,0,0
BRDA:94,10,1,0
BRDA:94,11,0,0
BRDA:94,11,1,0
BRF:23
BRH:0
end_of_record
TN:
SF:app/imports/page.tsx
FN:19,(anonymous_10)
FN:37,(anonymous_11)
FN:39,(anonymous_12)
FN:42,(anonymous_13)
FN:82,(anonymous_14)
FN:89,(anonymous_15)
FN:128,formatCurrency
FN:145,mapToAllowedStateEnum
FN:149,(anonymous_18)
FN:162,(anonymous_19)
FN:214,(anonymous_20)
FN:231,(anonymous_21)
FN:246,(anonymous_22)
FN:264,(anonymous_23)
FN:275,(anonymous_24)
FN:277,(anonymous_25)
FNF:16
FNH:0
FNDA:0,(anonymous_10)
FNDA:0,(anonymous_11)
FNDA:0,(anonymous_12)
FNDA:0,(anonymous_13)
FNDA:0,(anonymous_14)
FNDA:0,(anonymous_15)
FNDA:0,formatCurrency
FNDA:0,mapToAllowedStateEnum
FNDA:0,(anonymous_18)
FNDA:0,(anonymous_19)
FNDA:0,(anonymous_20)
FNDA:0,(anonymous_21)
FNDA:0,(anonymous_22)
FNDA:0,(anonymous_23)
FNDA:0,(anonymous_24)
FNDA:0,(anonymous_25)
DA:6,0
DA:8,0
DA:9,0
DA:10,0
DA:11,0
DA:12,0
DA:13,0
DA:14,0
DA:15,0
DA:16,0
DA:19,0
DA:21,0
DA:22,0
DA:23,0
DA:24,0
DA:25,0
DA:29,0
DA:34,0
DA:37,0
DA:39,0
DA:42,0
DA:43,0
DA:44,0
DA:45,0
DA:46,0
DA:47,0
DA:48,0
DA:51,0
DA:57,0
DA:58,0
DA:63,0
DA:64,0
DA:65,0
DA:68,0
DA:69,0
DA:70,0
DA:72,0
DA:73,0
DA:75,0
DA:76,0
DA:77,0
DA:82,0
DA:83,0
DA:84,0
DA:89,0
DA:90,0
DA:92,0
DA:93,0
DA:94,0
DA:95,0
DA:98,0
DA:103,0
DA:104,0
DA:105,0
DA:107,0
DA:110,0
DA:115,0
DA:129,0
DA:130,0
DA:135,0
DA:136,0
DA:141,0
DA:147,0
DA:148,0
DA:149,0
DA:151,0
DA:153,0
DA:154,0
DA:158,0
DA:162,0
DA:164,0
DA:165,0
DA:168,0
DA:181,0
DA:214,0
DA:232,0
DA:233,0
DA:246,0
DA:265,0
DA:276,0
DA:278,0
DA:296,0
LF:82
LH:0
BRDA:44,0,0,0
BRDA:44,1,0,0
BRDA:44,1,1,0
BRDA:44,2,0,0
BRDA:44,2,1,0
BRDA:57,3,0,0
BRDA:69,4,0,0
BRDA:69,4,1,0
BRDA:69,5,0,0
BRDA:69,5,1,0
BRDA:69,6,0,0
BRDA:69,6,1,0
BRDA:69,7,0,0
BRDA:69,7,1,0
BRDA:70,8,0,0
BRDA:70,8,1,0
BRDA:73,9,0,0
BRDA:73,9,1,0
BRDA:73,10,0,0
BRDA:73,10,1,0
BRDA:73,11,0,0
BRDA:73,11,1,0
BRDA:83,12,0,0
BRDA:83,13,0,0
BRDA:83,13,1,0
BRDA:83,14,0,0
BRDA:83,14,1,0
BRDA:93,15,0,0
BRDA:93,16,0,0
BRDA:93,16,1,0
BRDA:93,17,0,0
BRDA:93,17,1,0
BRDA:103,18,0,0
BRDA:103,18,1,0
BRDA:105,19,0,0
BRDA:105,19,1,0
BRDA:129,20,0,0
BRDA:135,21,0,0
BRDA:135,22,0,0
BRDA:135,22,1,0
BRDA:141,23,0,0
BRDA:141,23,1,0
BRDA:147,24,0,0
BRDA:151,25,0,0
BRDA:153,26,0,0
BRDA:165,27,0,0
BRDA:165,27,1,0
BRDA:169,28,0,0
BRDA:169,28,1,0
BRDA:170,29,0,0
BRDA:170,29,1,0
BRDA:173,30,0,0
BRDA:173,30,1,0
BRDA:174,31,0,0
BRDA:174,31,1,0
BRDA:176,32,0,0
BRDA:176,32,1,0
BRDA:206,33,0,0
BRDA:206,33,1,0
BRDA:216,34,0,0
BRDA:216,34,1,0
BRDA:220,35,0,0
BRDA:220,35,1,0
BRDA:223,36,0,0
BRDA:223,36,1,0
BRDA:226,37,0,0
BRDA:226,37,1,0
BRDA:240,38,0,0
BRDA:240,38,1,0
BRDA:256,39,0,0
BRDA:256,39,1,0
BRF:71
BRH:0
end_of_record
TN:
SF:app/locations/page.tsx
FN:19,LocationsPage
FN:34,(anonymous_1)
FN:38,(anonymous_2)
FN:42,(anonymous_3)
FN:47,(anonymous_4)
FN:52,(anonymous_5)
FN:53,(anonymous_6)
FN:57,(anonymous_7)
FN:66,(anonymous_8)
FN:144,(anonymous_9)
FN:183,(anonymous_10)
FN:223,LocationsLoadingSkeleton
FNF:12
FNH:0
FNDA:0,LocationsPage
FNDA:0,(anonymous_1)
FNDA:0,(anonymous_2)
FNDA:0,(anonymous_3)
FNDA:0,(anonymous_4)
FNDA:0,(anonymous_5)
FNDA:0,(anonymous_6)
FNDA:0,(anonymous_7)
FNDA:0,(anonymous_8)
FNDA:0,(anonymous_9)
FNDA:0,(anonymous_10)
FNDA:0,LocationsLoadingSkeleton
DA:5,0
DA:6,0
DA:7,0
DA:8,0
DA:12,0
DA:13,0
DA:14,0
DA:15,0
DA:16,0
DA:17,0
DA:19,0
DA:20,0
DA:24,0
DA:25,0
DA:26,0
DA:27,0
DA:28,0
DA:29,0
DA:32,0
DA:34,0
DA:38,0
DA:39,0
DA:42,0
DA:43,0
DA:44,0
DA:47,0
DA:48,0
DA:52,0
DA:53,0
DA:57,0
DA:58,0
DA:59,0
DA:60,0
DA:62,0
DA:66,0
DA:67,0
DA:68,0
DA:70,0
DA:79,0
DA:80,0
DA:83,0
DA:85,0
DA:86,0
DA:87,0
DA:88,0
DA:89,0
DA:90,0
DA:91,0
DA:92,0
DA:94,0
DA:98,0
DA:99,0
DA:104,0
DA:145,0
DA:146,0
DA:147,0
DA:152,0
DA:183,0
DA:224,0
LF:59
LH:0
BRDA:58,0,0,0
BRDA:79,1,0,0
BRDA:83,2,0,0
BRDA:83,2,1,0
BRDA:147,3,0,0
BRDA:148,4,0,0
BRDA:148,4,1,0
BRF:7
BRH:0
end_of_record
TN:
SF:app/profile/page.tsx
FN:20,ProfilePage
FN:30,(anonymous_1)
FN:31,(anonymous_2)
FN:50,(anonymous_3)
FN:55,(anonymous_4)
FN:63,(anonymous_5)
FN:71,(anonymous_6)
FNF:7
FNH:0
FNDA:0,ProfilePage
FNDA:0,(anonymous_1)
FNDA:0,(anonymous_2)
FNDA:0,(anonymous_3)
FNDA:0,(anonymous_4)
FNDA:0,(anonymous_5)
FNDA:0,(anonymous_6)
DA:5,0
DA:6,0
DA:7,0
DA:8,0
DA:9,0
DA:10,0
DA:11,0
DA:20,0
DA:21,0
DA:22,0
DA:23,0
DA:24,0
DA:25,0
DA:26,0
DA:27,0
DA:30,0
DA:31,0
DA:32,0
DA:35,0
DA:36,0
DA:37,0
DA:43,0
DA:46,0
DA:50,0
DA:51,0
DA:52,0
DA:53,0
DA:54,0
DA:55,0
DA:56,0
DA:58,0
DA:63,0
DA:64,0
DA:65,0
DA:66,0
DA:67,0
DA:68,0
DA:71,0
DA:72,0
DA:73,0
DA:76,0
DA:77,0
DA:81,0
DA:82,0
DA:85,0
LF:45
LH:0
BRDA:36,0,0,0
BRDA:36,1,0,0
BRDA:36,1,1,0
BRDA:36,2,0,0
BRDA:36,2,1,0
BRDA:38,3,0,0
BRDA:38,3,1,0
BRDA:38,3,2,0
BRDA:38,4,0,0
BRDA:38,4,1,0
BRDA:38,5,0,0
BRDA:38,5,1,0
BRDA:39,6,0,0
BRDA:39,6,1,0
BRDA:40,7,0,0
BRDA:40,7,1,0
BRDA:41,8,0,0
BRDA:41,8,1,0
BRDA:41,9,0,0
BRDA:41,9,1,0
BRDA:41,10,0,0
BRDA:41,10,1,0
BRDA:43,11,0,0
BRDA:43,11,1,0
BRDA:43,12,0,0
BRDA:43,12,1,0
BRDA:43,13,0,0
BRDA:43,13,1,0
BRDA:51,14,0,0
BRDA:51,14,1,0
BRDA:51,15,0,0
BRDA:51,15,1,0
BRDA:51,16,0,0
BRDA:51,16,1,0
BRDA:53,17,0,0
BRDA:56,18,0,0
BRDA:56,18,1,0
BRDA:56,19,0,0
BRDA:56,19,1,0
BRDA:64,20,0,0
BRDA:81,21,0,0
BRDA:96,22,0,0
BRDA:96,22,1,0
BRDA:105,23,0,0
BRDA:105,23,1,0
BRDA:107,24,0,0
BRDA:107,24,1,0
BRDA:110,25,0,0
BRDA:110,25,1,0
BRDA:113,26,0,0
BRDA:113,26,1,0
BRF:51
BRH:0
end_of_record
TN:
SF:app/reports/page.tsx
FN:77,AssetInventoryReport
FN:92,(anonymous_10)
FN:120,(anonymous_11)
FN:121,fetchSummary
FN:145,(anonymous_13)
FN:146,(anonymous_14)
FN:183,(anonymous_15)
FN:184,(anonymous_16)
FN:221,(anonymous_17)
FN:222,(anonymous_18)
FN:243,getExportData
FN:297,(anonymous_20)
FN:360,(anonymous_21)
FN:372,(anonymous_22)
FN:375,(anonymous_23)
FN:460,(anonymous_24)
FN:472,(anonymous_25)
FN:475,(anonymous_26)
FN:563,(anonymous_27)
FN:575,(anonymous_28)
FN:578,(anonymous_29)
FN:623,(anonymous_30)
FN:626,(anonymous_31)
FN:694,(anonymous_32)
FN:706,(anonymous_33)
FN:709,(anonymous_34)
FN:751,LifecycleManagementReport
FN:760,(anonymous_36)
FN:775,(anonymous_37)
FN:776,fetchYearSummary
FN:800,(anonymous_39)
FN:916,(anonymous_40)
FN:928,(anonymous_41)
FN:931,(anonymous_42)
FN:971,FinancialReport
FN:979,(anonymous_44)
FN:993,(anonymous_45)
FN:994,fetchSummary
FN:1019,(anonymous_47)
FN:1020,(anonymous_48)
FN:1046,(anonymous_49)
FN:1063,(anonymous_50)
FN:1078,(anonymous_51)
FN:1183,(anonymous_52)
FN:1195,(anonymous_53)
FN:1198,(anonymous_54)
FN:1282,(anonymous_55)
FN:1294,(anonymous_56)
FN:1297,(anonymous_57)
FN:1339,ReportPlaceholder
FN:1375,ReportsPageContent
FN:1393,handleOpenExport
FN:1399,handleExport
FN:1455,renderReport
FN:1460,(anonymous_63)
FN:1469,(anonymous_64)
FN:1473,(anonymous_65)
FN:1477,(anonymous_66)
FN:1501,ReportsPage
FNF:59
FNH:0
FNDA:0,AssetInventoryReport
FNDA:0,(anonymous_10)
FNDA:0,(anonymous_11)
FNDA:0,fetchSummary
FNDA:0,(anonymous_13)
FNDA:0,(anonymous_14)
FNDA:0,(anonymous_15)
FNDA:0,(anonymous_16)
FNDA:0,(anonymous_17)
FNDA:0,(anonymous_18)
FNDA:0,getExportData
FNDA:0,(anonymous_20)
FNDA:0,(anonymous_21)
FNDA:0,(anonymous_22)
FNDA:0,(anonymous_23)
FNDA:0,(anonymous_24)
FNDA:0,(anonymous_25)
FNDA:0,(anonymous_26)
FNDA:0,(anonymous_27)
FNDA:0,(anonymous_28)
FNDA:0,(anonymous_29)
FNDA:0,(anonymous_30)
FNDA:0,(anonymous_31)
FNDA:0,(anonymous_32)
FNDA:0,(anonymous_33)
FNDA:0,(anonymous_34)
FNDA:0,LifecycleManagementReport
FNDA:0,(anonymous_36)
FNDA:0,(anonymous_37)
FNDA:0,fetchYearSummary
FNDA:0,(anonymous_39)
FNDA:0,(anonymous_40)
FNDA:0,(anonymous_41)
FNDA:0,(anonymous_42)
FNDA:0,FinancialReport
FNDA:0,(anonymous_44)
FNDA:0,(anonymous_45)
FNDA:0,fetchSummary
FNDA:0,(anonymous_47)
FNDA:0,(anonymous_48)
FNDA:0,(anonymous_49)
FNDA:0,(anonymous_50)
FNDA:0,(anonymous_51)
FNDA:0,(anonymous_52)
FNDA:0,(anonymous_53)
FNDA:0,(anonymous_54)
FNDA:0,(anonymous_55)
FNDA:0,(anonymous_56)
FNDA:0,(anonymous_57)
FNDA:0,ReportPlaceholder
FNDA:0,ReportsPageContent
FNDA:0,handleOpenExport
FNDA:0,handleExport
FNDA:0,renderReport
FNDA:0,(anonymous_63)
FNDA:0,(anonymous_64)
FNDA:0,(anonymous_65)
FNDA:0,(anonymous_66)
FNDA:0,ReportsPage
DA:9,0
DA:10,0
DA:11,0
DA:12,0
DA:23,0
DA:24,0
DA:25,0
DA:26,0
DA:27,0
DA:28,0
DA:31,0
DA:43,0
DA:83,0
DA:86,0
DA:91,0
DA:92,0
DA:93,0
DA:106,0
DA:109,0
DA:114,0
DA:115,0
DA:116,0
DA:117,0
DA:120,0
DA:122,0
DA:123,0
DA:124,0
DA:125,0
DA:126,0
DA:127,0
DA:128,0
DA:130,0
DA:131,0
DA:133,0
DA:136,0
DA:140,0
DA:141,0
DA:145,0
DA:147,0
DA:149,0
DA:151,0
DA:153,0
DA:155,0
DA:157,0
DA:159,0
DA:165,0
DA:178,0
DA:179,0
DA:183,0
DA:185,0
DA:187,0
DA:189,0
DA:191,0
DA:193,0
DA:195,0
DA:197,0
DA:203,0
DA:216,0
DA:217,0
DA:221,0
DA:223,0
DA:225,0
DA:227,0
DA:229,0
DA:231,0
DA:233,0
DA:235,0
DA:245,0
DA:247,0
DA:249,0
DA:251,0
DA:252,0
DA:269,0
DA:297,0
DA:361,0
DA:373,0
DA:376,0
DA:461,0
DA:473,0
DA:476,0
DA:564,0
DA:576,0
DA:579,0
DA:623,0
DA:627,0
DA:629,0
DA:631,0
DA:633,0
DA:635,0
DA:637,0
DA:639,0
DA:695,0
DA:707,0
DA:710,0
DA:753,0
DA:756,0
DA:757,0
DA:759,0
DA:760,0
DA:761,0
DA:775,0
DA:777,0
DA:778,0
DA:779,0
DA:780,0
DA:781,0
DA:782,0
DA:783,0
DA:785,0
DA:787,0
DA:790,0
DA:794,0
DA:795,0
DA:800,0
DA:805,0
DA:825,0
DA:826,0
DA:828,0
DA:917,0
DA:929,0
DA:932,0
DA:973,0
DA:974,0
DA:975,0
DA:976,0
DA:978,0
DA:979,0
DA:980,0
DA:993,0
DA:995,0
DA:996,0
DA:997,0
DA:998,0
DA:999,0
DA:1000,0
DA:1001,0
DA:1002,0
DA:1003,0
DA:1005,0
DA:1007,0
DA:1010,0
DA:1013,0
DA:1014,0
DA:1019,0
DA:1021,0
DA:1023,0
DA:1025,0
DA:1027,0
DA:1029,0
DA:1031,0
DA:1033,0
DA:1039,0
DA:1047,0
DA:1057,0
DA:1058,0
DA:1063,0
DA:1071,0
DA:1079,0
DA:1089,0
DA:1090,0
DA:1092,0
DA:1184,0
DA:1196,0
DA:1199,0
DA:1283,0
DA:1295,0
DA:1298,0
DA:1346,0
DA:1377,0
DA:1379,0
DA:1381,0
DA:1384,0
DA:1385,0
DA:1386,0
DA:1390,0
DA:1394,0
DA:1395,0
DA:1400,0
DA:1401,0
DA:1402,0
DA:1403,0
DA:1404,0
DA:1405,0
DA:1406,0
DA:1407,0
DA:1409,0
DA:1410,0
DA:1412,0
DA:1413,0
DA:1414,0
DA:1415,0
DA:1416,0
DA:1417,0
DA:1418,0
DA:1419,0
DA:1420,0
DA:1421,0
DA:1423,0
DA:1424,0
DA:1425,0
DA:1426,0
DA:1428,0
DA:1433,0
DA:1434,0
DA:1435,0
DA:1436,0
DA:1437,0
DA:1438,0
DA:1439,0
DA:1440,0
DA:1441,0
DA:1442,0
DA:1444,0
DA:1449,0
DA:1450,0
DA:1457,0
DA:1458,0
DA:1461,0
DA:1462,0
DA:1466,0
DA:1467,0
DA:1469,0
DA:1472,0
DA:1473,0
DA:1474,0
DA:1477,0
DA:1482,0
DA:1501,0
DA:1502,0
LF:229
LH:0
BRDA:125,0,0,0
BRDA:125,1,0,0
BRDA:125,1,1,0
BRDA:126,2,0,0
BRDA:126,2,1,0
BRDA:130,3,0,0
BRDA:130,3,1,0
BRDA:131,4,0,0
BRDA:131,4,1,0
BRDA:147,5,0,0
BRDA:147,5,1,0
BRDA:147,5,2,0
BRDA:147,5,3,0
BRDA:147,5,4,0
BRDA:147,5,5,0
BRDA:185,6,0,0
BRDA:185,6,1,0
BRDA:185,6,2,0
BRDA:185,6,3,0
BRDA:185,6,4,0
BRDA:185,6,5,0
BRDA:223,7,0,0
BRDA:223,7,1,0
BRDA:223,7,2,0
BRDA:223,7,3,0
BRDA:223,7,4,0
BRDA:223,7,5,0
BRDA:245,8,0,0
BRDA:245,8,1,0
BRDA:245,9,0,0
BRDA:245,9,1,0
BRDA:245,10,0,0
BRDA:245,10,1,0
BRDA:245,11,0,0
BRDA:245,11,1,0
BRDA:245,12,0,0
BRDA:245,12,1,0
BRDA:247,13,0,0
BRDA:247,13,1,0
BRDA:247,14,0,0
BRDA:247,14,1,0
BRDA:247,15,0,0
BRDA:247,15,1,0
BRDA:247,16,0,0
BRDA:247,16,1,0
BRDA:247,17,0,0
BRDA:247,17,1,0
BRDA:249,18,0,0
BRDA:249,18,1,0
BRDA:249,19,0,0
BRDA:249,19,1,0
BRDA:249,20,0,0
BRDA:249,20,1,0
BRDA:249,21,0,0
BRDA:249,21,1,0
BRDA:249,22,0,0
BRDA:249,22,1,0
BRDA:251,23,0,0
BRDA:251,23,1,0
BRDA:251,24,0,0
BRDA:251,24,1,0
BRDA:251,25,0,0
BRDA:251,25,1,0
BRDA:251,26,0,0
BRDA:251,26,1,0
BRDA:251,27,0,0
BRDA:251,27,1,0
BRDA:289,28,0,0
BRDA:289,28,1,0
BRDA:307,29,0,0
BRDA:307,29,1,0
BRDA:364,30,0,0
BRDA:364,30,1,0
BRDA:367,31,0,0
BRDA:367,31,1,0
BRDA:377,32,0,0
BRDA:377,32,1,0
BRDA:407,33,0,0
BRDA:407,33,1,0
BRDA:464,34,0,0
BRDA:464,34,1,0
BRDA:467,35,0,0
BRDA:467,35,1,0
BRDA:477,36,0,0
BRDA:477,36,1,0
BRDA:509,37,0,0
BRDA:509,37,1,0
BRDA:567,38,0,0
BRDA:567,38,1,0
BRDA:570,39,0,0
BRDA:570,39,1,0
BRDA:580,40,0,0
BRDA:580,40,1,0
BRDA:612,41,0,0
BRDA:612,41,1,0
BRDA:627,42,0,0
BRDA:627,42,1,0
BRDA:627,42,2,0
BRDA:627,42,3,0
BRDA:627,42,4,0
BRDA:627,42,5,0
BRDA:698,43,0,0
BRDA:698,43,1,0
BRDA:701,44,0,0
BRDA:701,44,1,0
BRDA:711,45,0,0
BRDA:711,45,1,0
BRDA:782,46,0,0
BRDA:782,47,0,0
BRDA:782,47,1,0
BRDA:785,48,0,0
BRDA:785,48,1,0
BRDA:825,49,0,0
BRDA:826,50,0,0
BRDA:848,51,0,0
BRDA:848,51,1,0
BRDA:867,52,0,0
BRDA:867,52,1,0
BRDA:920,53,0,0
BRDA:920,53,1,0
BRDA:923,54,0,0
BRDA:923,54,1,0
BRDA:933,55,0,0
BRDA:933,55,1,0
BRDA:1000,56,0,0
BRDA:1000,57,0,0
BRDA:1000,57,1,0
BRDA:1001,58,0,0
BRDA:1001,58,1,0
BRDA:1005,59,0,0
BRDA:1005,59,1,0
BRDA:1021,60,0,0
BRDA:1021,60,1,0
BRDA:1021,60,2,0
BRDA:1021,60,3,0
BRDA:1021,60,4,0
BRDA:1021,60,5,0
BRDA:1089,61,0,0
BRDA:1090,62,0,0
BRDA:1112,63,0,0
BRDA:1112,63,1,0
BRDA:1133,64,0,0
BRDA:1133,64,1,0
BRDA:1187,65,0,0
BRDA:1187,65,1,0
BRDA:1190,66,0,0
BRDA:1190,66,1,0
BRDA:1200,67,0,0
BRDA:1200,67,1,0
BRDA:1233,68,0,0
BRDA:1233,68,1,0
BRDA:1286,69,0,0
BRDA:1286,69,1,0
BRDA:1289,70,0,0
BRDA:1289,70,1,0
BRDA:1299,71,0,0
BRDA:1299,71,1,0
BRDA:1379,72,0,0
BRDA:1379,72,1,0
BRDA:1379,73,0,0
BRDA:1379,73,1,0
BRDA:1379,74,0,0
BRDA:1379,74,1,0
BRDA:1381,75,0,0
BRDA:1381,75,1,0
BRDA:1405,76,0,0
BRDA:1405,76,1,0
BRDA:1409,77,0,0
BRDA:1412,78,0,0
BRDA:1412,78,1,0
BRDA:1417,79,0,0
BRDA:1417,79,1,0
BRDA:1433,80,0,0
BRDA:1446,81,0,0
BRDA:1446,81,1,0
BRDA:1457,82,0,0
BRDA:1466,83,0,0
BRDA:1472,84,0,0
BRF:178
BRH:0
end_of_record
TN:
SF:app/settings/page.tsx
FN:21,SettingsPage
FN:53,handleDecliningYearsChange
FN:67,handleDecliningPercentChange
FN:74,(anonymous_13)
FN:78,(anonymous_14)
FN:114,(anonymous_15)
FN:115,fetchSettings
FN:147,handleSave
FN:223,(anonymous_18)
FN:241,(anonymous_19)
FN:282,(anonymous_20)
FN:309,(anonymous_21)
FN:357,(anonymous_22)
FN:370,(anonymous_23)
FN:388,(anonymous_24)
FN:467,(anonymous_25)
FN:482,(anonymous_26)
FNF:17
FNH:0
FNDA:0,SettingsPage
FNDA:0,handleDecliningYearsChange
FNDA:0,handleDecliningPercentChange
FNDA:0,(anonymous_13)
FNDA:0,(anonymous_14)
FNDA:0,(anonymous_15)
FNDA:0,fetchSettings
FNDA:0,handleSave
FNDA:0,(anonymous_18)
FNDA:0,(anonymous_19)
FNDA:0,(anonymous_20)
FNDA:0,(anonymous_21)
FNDA:0,(anonymous_22)
FNDA:0,(anonymous_23)
FNDA:0,(anonymous_24)
FNDA:0,(anonymous_25)
FNDA:0,(anonymous_26)
DA:5,0
DA:6,0
DA:7,0
DA:9,0
DA:16,0
DA:17,0
DA:18,0
DA:19,0
DA:21,0
DA:22,0
DA:23,0
DA:24,0
DA:25,0
DA:26,0
DA:27,0
DA:30,0
DA:33,0
DA:34,0
DA:39,0
DA:40,0
DA:41,0
DA:42,0
DA:43,0
DA:46,0
DA:50,0
DA:54,0
DA:56,0
DA:57,0
DA:62,0
DA:68,0
DA:69,0
DA:70,0
DA:74,0
DA:75,0
DA:78,0
DA:79,0
DA:80,0
DA:81,0
DA:82,0
DA:84,0
DA:85,0
DA:86,0
DA:88,0
DA:89,0
DA:91,0
DA:93,0
DA:94,0
DA:96,0
DA:99,0
DA:100,0
DA:102,0
DA:103,0
DA:104,0
DA:107,0
DA:109,0
DA:114,0
DA:116,0
DA:117,0
DA:118,0
DA:119,0
DA:120,0
DA:121,0
DA:122,0
DA:123,0
DA:125,0
DA:128,0
DA:129,0
DA:130,0
DA:131,0
DA:138,0
DA:140,0
DA:143,0
DA:148,0
DA:149,0
DA:150,0
DA:151,0
DA:152,0
DA:164,0
DA:165,0
DA:166,0
DA:167,0
DA:169,0
DA:172,0
DA:174,0
DA:178,0
DA:180,0
DA:182,0
DA:200,0
DA:224,0
DA:225,0
DA:242,0
DA:283,0
DA:310,0
DA:314,0
DA:358,0
DA:362,0
DA:371,0
DA:389,0
DA:467,0
DA:482,0
LF:100
LH:0
BRDA:50,0,0,0
BRDA:50,0,1,0
BRDA:56,1,0,0
BRDA:56,1,1,0
BRDA:84,2,0,0
BRDA:88,3,0,0
BRDA:99,4,0,0
BRDA:99,4,1,0
BRDA:100,5,0,0
BRDA:100,5,1,0
BRDA:121,6,0,0
BRDA:121,6,1,0
BRDA:128,7,0,0
BRDA:129,8,0,0
BRDA:129,8,1,0
BRDA:130,9,0,0
BRDA:130,9,1,0
BRDA:132,10,0,0
BRDA:132,10,1,0
BRDA:165,11,0,0
BRDA:165,11,1,0
BRDA:169,12,0,0
BRDA:169,12,1,0
BRDA:180,13,0,0
BRDA:225,14,0,0
BRDA:249,15,0,0
BRDA:249,15,1,0
BRDA:254,16,0,0
BRDA:254,16,1,0
BRDA:294,17,0,0
BRDA:294,17,1,0
BRDA:342,18,0,0
BRDA:342,18,1,0
BRDA:387,19,0,0
BRDA:387,19,1,0
BRDA:405,20,0,0
BRDA:405,20,1,0
BRDA:411,21,0,0
BRDA:411,21,1,0
BRDA:490,22,0,0
BRDA:490,22,1,0
BRDA:495,23,0,0
BRDA:495,23,1,0
BRDA:504,24,0,0
BRDA:504,24,1,0
BRDA:504,24,2,0
BRDA:509,25,0,0
BRDA:509,25,1,0
BRDA:522,26,0,0
BRDA:522,26,1,0
BRDA:524,27,0,0
BRDA:524,27,1,0
BRDA:524,28,0,0
BRDA:524,28,1,0
BRDA:531,29,0,0
BRDA:531,29,1,0
BRF:56
BRH:0
end_of_record
TN:
SF:app/users/page.tsx
FN:8,UsersPage
FN:15,(anonymous_2)
FNF:2
FNH:0
FNDA:0,UsersPage
FNDA:0,(anonymous_2)
DA:4,0
DA:5,0
DA:6,0
DA:8,0
DA:14,0
DA:15,0
DA:16,0
DA:17,0
DA:18,0
DA:20,0
DA:21,0
DA:22,0
DA:23,0
DA:24,0
DA:27,0
DA:28,0
DA:29,0
DA:31,0
DA:32,0
DA:33,0
DA:37,0
DA:38,0
DA:39,0
DA:43,0
DA:45,0
DA:46,0
DA:48,0
DA:52,0
DA:53,0
DA:75,0
DA:98,0
DA:104,0
DA:110,0
DA:119,0
LF:34
LH:0
BRDA:17,0,0,0
BRDA:17,1,0,0
BRDA:17,1,1,0
BRDA:17,2,0,0
BRDA:17,2,1,0
BRDA:18,3,0,0
BRDA:18,3,1,0
BRDA:18,4,0,0
BRDA:18,4,1,0
BRDA:28,5,0,0
BRDA:28,6,0,0
BRDA:28,6,1,0
BRDA:31,7,0,0
BRDA:31,8,0,0
BRDA:31,8,1,0
BRDA:32,9,0,0
BRDA:32,9,1,0
BRDA:38,10,0,0
BRDA:38,10,1,0
BRDA:43,11,0,0
BRDA:43,11,1,0
BRDA:46,12,0,0
BRDA:46,12,1,0
BRDA:52,13,0,0
BRDA:52,13,1,0
BRF:25
BRH:0
end_of_record
TN:
SF:components/assets/asset-actions.tsx
FN:24,AssetActions
FN:30,(anonymous_1)
FN:87,(anonymous_2)
FNF:3
FNH:1
FNDA:13,AssetActions
FNDA:0,(anonymous_1)
FNDA:0,(anonymous_2)
DA:6,1
DA:7,1
DA:8,1
DA:14,1
DA:15,1
DA:24,1
DA:25,13
DA:28,13
DA:30,13
DA:34,13
DA:35,4
DA:38,9
DA:87,0
LF:13
LH:12
BRDA:28,0,0,13
BRDA:28,0,1,11
BRDA:34,1,0,4
BRDA:42,2,0,7
BRDA:42,2,1,2
BRF:5
BRH:5
end_of_record
TN:
SF:components/assets/asset-add-modal.tsx
FN:24,AssetAddModal
FN:34,(anonymous_1)
FN:39,(anonymous_2)
FN:93,(anonymous_3)
FNF:4
FNH:4
FNDA:32,AssetAddModal
FNDA:19,(anonymous_1)
FNDA:10,(anonymous_2)
FNDA:1,(anonymous_3)
DA:4,1
DA:11,1
DA:12,1
DA:14,1
DA:24,1
DA:30,32
DA:31,32
DA:34,32
DA:35,19
DA:39,32
DA:40,10
DA:41,10
DA:43,10
DA:46,10
DA:47,10
DA:50,10
DA:55,8
DA:57,4
DA:58,4
DA:59,4
DA:60,3
DA:61,3
DA:64,4
DA:65,4
DA:68,4
DA:70,4
DA:72,2
DA:80,32
DA:93,1
LF:29
LH:29
BRDA:35,0,0,17
BRDA:46,1,0,10
BRDA:46,2,0,0
BRDA:46,2,1,10
BRDA:46,3,0,10
BRDA:46,3,1,10
BRDA:55,4,0,4
BRDA:60,5,0,3
BRDA:60,6,0,3
BRDA:60,6,1,3
BRDA:60,6,2,1
BRDA:61,7,0,3
BRDA:61,7,1,1
BRDA:68,8,0,3
BRDA:73,9,0,1
BRDA:73,9,1,1
BRDA:96,10,0,32
BRDA:96,10,1,14
BRF:18
BRH:17
end_of_record
TN:
SF:components/assets/asset-detail-modal.tsx
FN:32,(anonymous_0)
FN:49,AssetDetailModal
FNF:2
FNH:2
FNDA:30,(anonymous_0)
FNDA:33,AssetDetailModal
DA:4,1
DA:11,1
DA:13,1
DA:14,1
DA:32,1
DA:33,30
DA:35,25
DA:37,1
DA:39,1
DA:41,1
DA:43,1
DA:45,1
DA:49,1
DA:55,33
LF:14
LH:14
BRDA:33,0,0,25
BRDA:33,0,1,1
BRDA:33,0,2,1
BRDA:33,0,3,1
BRDA:33,0,4,1
BRDA:33,0,5,1
BRDA:60,1,0,2
BRDA:60,1,1,31
BRDA:62,2,0,30
BRDA:62,2,1,1
BRDA:67,3,0,2
BRDA:67,3,1,31
BRDA:73,4,0,33
BRDA:73,4,1,2
BRDA:75,5,0,33
BRDA:75,5,1,31
BRDA:75,5,2,1
BRDA:79,6,0,33
BRDA:79,6,1,31
BRDA:79,6,2,30
BRDA:82,7,0,30
BRDA:82,7,1,4
BRDA:95,8,0,30
BRDA:95,8,1,1
BRDA:98,9,0,30
BRDA:98,9,1,1
BRDA:115,10,0,30
BRDA:115,10,1,4
BRDA:122,11,0,4
BRDA:122,11,1,1
BRDA:126,12,0,4
BRDA:126,12,1,1
BRDA:129,13,0,3
BRDA:129,13,1,1
BRF:34
BRH:34
end_of_record
TN:
SF:components/assets/asset-detail.tsx
FN:16,(anonymous_0)
FN:34,safeFormatDate
FN:47,AssetDetail
FNF:3
FNH:3
FNDA:33,(anonymous_0)
FNDA:66,safeFormatDate
FNDA:33,AssetDetail
DA:5,1
DA:6,1
DA:7,1
DA:8,1
DA:9,1
DA:16,1
DA:17,33
DA:19,28
DA:21,1
DA:23,1
DA:25,1
DA:27,1
DA:29,1
DA:35,66
DA:37,62
DA:38,60
DA:39,2
DA:40,2
DA:42,0
DA:44,62
DA:47,1
DA:50,33
LF:22
LH:21
BRDA:17,0,0,28
BRDA:17,0,1,1
BRDA:17,0,2,1
BRDA:17,0,3,1
BRDA:17,0,4,1
BRDA:17,0,5,1
BRDA:35,1,0,4
BRDA:37,2,0,60
BRDA:37,2,1,2
BRDA:39,3,0,2
BRDA:39,3,1,0
BRDA:44,4,0,2
BRDA:44,4,1,60
BRDA:97,5,0,33
BRDA:97,5,1,3
BRDA:105,6,0,33
BRDA:105,6,1,31
BRF:17
BRH:16
end_of_record
TN:
SF:components/assets/asset-edit-modal.tsx
FN:44,AssetEditModal
FN:57,(anonymous_1)
FN:61,fetchAsset
FN:82,(anonymous_3)
FN:87,(anonymous_4)
FN:91,(anonymous_5)
FN:94,(anonymous_6)
FN:149,(anonymous_7)
FN:155,(anonymous_8)
FN:167,(anonymous_9)
FN:173,(anonymous_10)
FN:187,(anonymous_11)
FN:197,(anonymous_12)
FN:208,(anonymous_13)
FN:218,(anonymous_14)
FNF:15
FNH:11
FNDA:240,AssetEditModal
FNDA:27,(anonymous_1)
FNDA:24,fetchAsset
FNDA:985,(anonymous_3)
FNDA:155,(anonymous_4)
FNDA:155,(anonymous_5)
FNDA:6,(anonymous_6)
FNDA:0,(anonymous_7)
FNDA:910,(anonymous_8)
FNDA:0,(anonymous_9)
FNDA:1092,(anonymous_10)
FNDA:0,(anonymous_11)
FNDA:155,(anonymous_12)
FNDA:0,(anonymous_13)
FNDA:1,(anonymous_14)
DA:3,2
DA:4,2
DA:11,2
DA:12,2
DA:13,2
DA:20,2
DA:22,2
DA:44,2
DA:50,240
DA:51,240
DA:52,240
DA:53,240
DA:54,240
DA:55,240
DA:57,240
DA:58,27
DA:59,24
DA:60,24
DA:62,24
DA:63,24
DA:64,22
DA:65,18
DA:66,18
DA:68,5
DA:69,5
DA:70,5
DA:72,23
DA:75,24
DA:80,240
DA:83,985
DA:87,240
DA:91,155
DA:94,240
DA:95,6
DA:96,6
DA:97,6
DA:98,6
DA:99,6
DA:101,6
DA:104,6
DA:105,5
DA:108,6
DA:113,5
DA:114,5
DA:115,5
DA:117,1
DA:119,6
DA:123,240
DA:149,0
DA:156,910
DA:167,0
DA:174,1092
DA:187,0
DA:197,155
DA:208,0
DA:218,1
LF:56
LH:52
BRDA:58,0,0,3
BRDA:58,1,0,27
BRDA:58,1,1,25
BRDA:65,2,0,18
BRDA:65,2,1,3
BRDA:66,3,0,18
BRDA:66,3,1,3
BRDA:80,4,0,240
BRDA:80,4,1,182
BRDA:96,5,0,0
BRDA:96,6,0,6
BRDA:96,6,1,6
BRDA:104,7,0,5
BRDA:104,8,0,1
BRDA:104,8,1,5
BRDA:104,9,0,6
BRDA:104,9,1,5
BRDA:113,10,0,0
BRDA:114,11,0,5
BRDA:135,12,0,24
BRDA:135,12,1,216
BRDA:137,13,0,182
BRDA:137,13,1,34
BRDA:148,14,0,182
BRDA:148,14,1,0
BRDA:166,15,0,182
BRDA:166,15,1,0
BRDA:186,16,0,182
BRDA:186,16,1,0
BRDA:196,17,0,182
BRDA:196,17,1,8
BRDA:207,18,0,182
BRDA:207,18,1,0
BRDA:213,19,0,182
BRDA:213,19,1,1
BRDA:223,20,0,182
BRDA:223,20,1,167
BRDA:224,21,0,6
BRDA:224,21,1,176
BRDA:230,22,0,34
BRDA:230,22,1,30
BRF:41
BRH:35
end_of_record
TN:
SF:components/assets/asset-filters.tsx
FN:40,(anonymous_0)
FN:57,AssetFilters
FN:69,(anonymous_2)
FN:76,(anonymous_3)
FN:86,(anonymous_4)
FN:93,(anonymous_5)
FN:105,(anonymous_6)
FNF:7
FNH:4
FNDA:138,(anonymous_0)
FNDA:23,AssetFilters
FNDA:0,(anonymous_2)
FNDA:115,(anonymous_3)
FNDA:0,(anonymous_4)
FNDA:138,(anonymous_5)
FNDA:0,(anonymous_6)
DA:6,1
DA:7,1
DA:8,1
DA:9,1
DA:16,1
DA:17,1
DA:40,1
DA:41,138
DA:43,23
DA:45,23
DA:47,23
DA:49,23
DA:51,23
DA:53,23
DA:57,1
DA:63,23
DA:69,0
DA:77,115
DA:86,0
DA:94,138
DA:105,0
LF:21
LH:18
BRDA:41,0,0,23
BRDA:41,0,1,23
BRDA:41,0,2,23
BRDA:41,0,3,23
BRDA:41,0,4,23
BRDA:41,0,5,23
BRDA:68,1,0,23
BRDA:68,1,1,2
BRDA:85,2,0,23
BRDA:85,2,1,2
BRDA:104,3,0,23
BRDA:104,3,1,2
BRF:12
BRH:12
end_of_record
TN:
SF:components/assets/asset-form-with-barcode.tsx
FN:40,AssetFormWithBarcode
FN:63,(anonymous_10)
FN:64,(anonymous_11)
FN:68,(anonymous_12)
FN:69,(anonymous_13)
FN:73,(anonymous_14)
FN:77,(anonymous_15)
FN:85,(anonymous_16)
FN:123,(anonymous_17)
FN:160,(anonymous_18)
FN:185,(anonymous_19)
FN:200,(anonymous_20)
FN:212,(anonymous_21)
FN:223,(anonymous_22)
FN:246,(anonymous_23)
FN:259,(anonymous_24)
FN:271,(anonymous_25)
FN:280,(anonymous_26)
FNF:18
FNH:12
FNDA:292,AssetFormWithBarcode
FNDA:28,(anonymous_10)
FNDA:28,(anonymous_11)
FNDA:25,(anonymous_12)
FNDA:25,(anonymous_13)
FNDA:193,(anonymous_14)
FNDA:193,(anonymous_15)
FNDA:8,(anonymous_16)
FNDA:0,(anonymous_17)
FNDA:0,(anonymous_18)
FNDA:109,(anonymous_19)
FNDA:28,(anonymous_20)
FNDA:56,(anonymous_21)
FNDA:0,(anonymous_22)
FNDA:0,(anonymous_23)
FNDA:0,(anonymous_24)
FNDA:0,(anonymous_25)
FNDA:3,(anonymous_26)
DA:6,1
DA:7,1
DA:8,1
DA:9,1
DA:10,1
DA:11,1
DA:18,1
DA:40,1
DA:45,292
DA:59,292
DA:60,292
DA:63,292
DA:64,28
DA:68,292
DA:69,25
DA:73,292
DA:77,193
DA:79,193
DA:80,1
DA:85,292
DA:86,8
DA:87,8
DA:88,8
DA:90,8
DA:91,8
DA:93,3
DA:94,3
DA:96,8
DA:100,292
DA:123,0
DA:161,0
DA:185,109
DA:200,28
DA:212,56
DA:224,0
DA:246,0
DA:259,0
DA:271,0
DA:281,3
LF:39
LH:33
BRDA:79,0,0,1
BRDA:111,1,0,292
BRDA:111,1,1,67
BRDA:148,2,0,292
BRDA:148,2,1,55
BRDA:240,3,0,292
BRDA:240,3,1,291
BRDA:245,4,0,291
BRDA:245,4,1,286
BRDA:253,5,0,292
BRDA:253,5,1,291
BRDA:258,6,0,291
BRDA:258,6,1,286
BRDA:270,7,0,292
BRDA:270,7,1,286
BRDA:278,8,0,292
BRDA:278,8,1,3
BRDA:289,9,0,8
BRDA:289,9,1,284
BRDA:291,10,0,280
BRDA:291,10,1,4
BRF:21
BRH:21
end_of_record
TN:
SF:components/assets/asset-form.tsx
FN:32,AssetForm
FN:58,(anonymous_1)
FN:59,fetchLocations
FN:65,(anonymous_3)
FN:81,(anonymous_4)
FN:82,fetchSuggestedAssetNumber
FN:102,(anonymous_6)
FN:149,(anonymous_7)
FN:171,(anonymous_8)
FN:175,(anonymous_9)
FN:189,(anonymous_10)
FN:203,(anonymous_11)
FN:209,(anonymous_12)
FN:224,(anonymous_13)
FN:241,(anonymous_14)
FN:253,(anonymous_15)
FN:268,(anonymous_16)
FN:279,(anonymous_17)
FN:286,(anonymous_18)
FNF:19
FNH:17
FNDA:143,AssetForm
FNDA:28,(anonymous_1)
FNDA:28,fetchLocations
FNDA:39,(anonymous_3)
FNDA:28,(anonymous_4)
FNDA:28,fetchSuggestedAssetNumber
FNDA:4,(anonymous_6)
FNDA:3,(anonymous_7)
FNDA:74,(anonymous_8)
FNDA:74,(anonymous_9)
FNDA:1,(anonymous_10)
FNDA:0,(anonymous_11)
FNDA:715,(anonymous_12)
FNDA:11,(anonymous_13)
FNDA:32,(anonymous_14)
FNDA:30,(anonymous_15)
FNDA:12,(anonymous_16)
FNDA:0,(anonymous_17)
FNDA:306,(anonymous_18)
DA:6,1
DA:7,1
DA:8,1
DA:9,1
DA:10,1
DA:11,1
DA:12,1
DA:13,1
DA:21,1
DA:32,1
DA:39,143
DA:49,143
DA:50,143
DA:51,143
DA:54,143
DA:55,143
DA:58,143
DA:60,28
DA:61,28
DA:62,28
DA:63,28
DA:64,13
DA:65,39
DA:71,15
DA:74,0
DA:77,28
DA:81,143
DA:83,28
DA:84,28
DA:85,28
DA:88,27
DA:89,26
DA:90,13
DA:92,13
DA:95,2
DA:98,28
DA:102,143
DA:103,4
DA:105,4
DA:106,4
DA:107,4
DA:108,1
DA:109,1
DA:111,3
DA:112,3
DA:113,3
DA:115,3
DA:120,3
DA:121,0
DA:122,3
DA:124,3
DA:127,3
DA:128,3
DA:130,3
DA:135,3
DA:136,0
DA:137,0
DA:138,0
DA:139,0
DA:140,0
DA:143,0
DA:144,0
DA:145,0
DA:149,3
DA:151,3
DA:152,3
DA:160,3
DA:161,3
DA:164,0
DA:165,0
DA:167,3
DA:171,143
DA:175,74
DA:177,74
DA:178,1
DA:182,143
DA:190,1
DA:203,0
DA:210,715
DA:224,11
DA:241,32
DA:253,30
DA:268,12
DA:279,0
DA:287,306
LF:85
LH:71
BRDA:63,0,0,13
BRDA:63,0,1,15
BRDA:63,1,0,28
BRDA:63,1,1,13
BRDA:83,2,0,0
BRDA:89,3,0,13
BRDA:89,4,0,26
BRDA:89,4,1,14
BRDA:92,5,0,13
BRDA:106,6,0,0
BRDA:107,7,0,1
BRDA:120,8,0,0
BRDA:120,8,1,3
BRDA:122,9,0,3
BRDA:127,10,0,3
BRDA:127,11,0,0
BRDA:127,11,1,3
BRDA:127,12,0,3
BRDA:127,12,1,3
BRDA:135,13,0,0
BRDA:139,14,0,0
BRDA:139,15,0,0
BRDA:139,15,1,0
BRDA:139,15,2,0
BRDA:140,16,0,0
BRDA:140,16,1,0
BRDA:151,17,0,3
BRDA:177,18,0,1
BRDA:185,19,0,143
BRDA:185,19,1,1
BRDA:225,20,0,143
BRDA:225,20,1,41
BRDA:228,21,0,143
BRDA:228,21,1,102
BRDA:240,22,0,143
BRDA:240,22,1,64
BRDA:252,23,0,143
BRDA:252,23,1,96
BRDA:267,24,0,143
BRDA:267,24,1,126
BRDA:294,25,0,143
BRDA:294,25,1,41
BRDA:305,26,0,2
BRDA:305,26,1,141
BRDA:310,27,0,3
BRDA:310,27,1,140
BRDA:318,28,0,138
BRDA:318,28,1,2
BRF:48
BRH:37
end_of_record
TN:
SF:components/assets/asset-history.tsx
FN:26,(anonymous_1)
FN:43,AssetHistory
FN:50,(anonymous_3)
FN:59,(anonymous_4)
FN:101,(anonymous_5)
FNF:5
FNH:5
FNDA:70,(anonymous_1)
FNDA:21,AssetHistory
FNDA:2,(anonymous_3)
FNDA:48,(anonymous_4)
FNDA:48,(anonymous_5)
DA:4,1
DA:5,1
DA:6,1
DA:7,1
DA:8,1
DA:9,1
DA:26,1
DA:27,70
DA:29,20
DA:31,13
DA:33,23
DA:35,12
DA:37,1
DA:39,1
DA:43,1
DA:46,21
DA:48,21
DA:51,2
DA:52,1
DA:53,1
DA:57,21
DA:59,21
DA:60,48
DA:62,9
DA:64,13
DA:66,12
DA:68,12
DA:70,1
DA:72,1
DA:76,21
DA:102,48
LF:31
LH:31
BRDA:27,0,0,20
BRDA:27,0,1,13
BRDA:27,0,2,23
BRDA:27,0,3,12
BRDA:27,0,4,1
BRDA:27,0,5,1
BRDA:49,1,0,20
BRDA:49,1,1,1
BRDA:52,2,0,0
BRDA:57,3,0,17
BRDA:57,3,1,4
BRDA:57,4,0,4
BRDA:57,4,1,17
BRDA:57,5,0,21
BRDA:57,5,1,21
BRDA:60,6,0,9
BRDA:60,6,1,13
BRDA:60,6,2,12
BRDA:60,6,3,12
BRDA:60,6,4,1
BRDA:60,6,5,1
BRDA:87,7,0,1
BRDA:87,7,1,20
BRDA:91,8,0,2
BRDA:91,8,1,18
BRDA:95,9,0,2
BRDA:95,9,1,16
BRDA:104,10,0,48
BRDA:104,10,1,32
BRDA:120,11,0,48
BRDA:120,11,1,22
BRDA:145,12,0,48
BRDA:145,12,1,47
BRDA:150,13,0,48
BRDA:150,13,1,39
BRDA:152,14,0,11
BRDA:152,14,1,28
BRF:37
BRH:36
end_of_record
TN:
SF:components/assets/asset-state-transition.tsx
FN:28,getStateColorClass
FN:47,AssetStateTransition
FN:61,getLifecycleStates
FN:92,(anonymous_4)
FN:158,(anonymous_5)
FN:180,(anonymous_6)
FN:199,(anonymous_7)
FN:251,(anonymous_8)
FN:257,(anonymous_9)
FNF:9
FNH:0
FNDA:0,getStateColorClass
FNDA:0,AssetStateTransition
FNDA:0,getLifecycleStates
FNDA:0,(anonymous_4)
FNDA:0,(anonymous_5)
FNDA:0,(anonymous_6)
FNDA:0,(anonymous_7)
FNDA:0,(anonymous_8)
FNDA:0,(anonymous_9)
DA:6,1
DA:7,1
DA:8,1
DA:9,1
DA:10,1
DA:11,1
DA:16,1
DA:17,1
DA:18,1
DA:19,1
DA:29,0
DA:31,0
DA:33,0
DA:35,0
DA:37,0
DA:39,0
DA:41,0
DA:43,0
DA:47,1
DA:51,0
DA:52,0
DA:53,0
DA:54,0
DA:55,0
DA:58,0
DA:63,0
DA:64,0
DA:65,0
DA:66,0
DA:67,0
DA:68,0
DA:69,0
DA:70,0
DA:71,0
DA:72,0
DA:75,0
DA:76,0
DA:79,0
DA:80,0
DA:82,0
DA:86,0
DA:89,0
DA:92,0
DA:93,0
DA:94,0
DA:95,0
DA:96,0
DA:98,0
DA:99,0
DA:100,0
DA:101,0
DA:102,0
DA:103,0
DA:104,0
DA:105,0
DA:109,0
DA:110,0
DA:111,0
DA:112,0
DA:113,0
DA:116,0
DA:117,0
DA:122,0
DA:125,0
DA:134,0
DA:135,0
DA:136,0
DA:138,0
DA:139,0
DA:140,0
DA:143,0
DA:144,0
DA:145,0
DA:147,0
DA:149,0
DA:150,0
DA:151,0
DA:152,0
DA:153,0
DA:157,0
DA:158,0
DA:162,0
DA:164,0
DA:165,0
DA:167,0
DA:172,0
DA:181,0
DA:182,0
DA:184,0
DA:185,0
DA:188,0
DA:190,0
DA:191,0
DA:192,0
DA:193,0
DA:194,0
DA:196,0
DA:199,0
DA:200,0
DA:201,0
DA:202,0
DA:204,0
DA:205,0
DA:207,0
DA:210,0
DA:251,0
DA:257,0
LF:107
LH:11
BRDA:29,0,0,0
BRDA:29,0,1,0
BRDA:29,0,2,0
BRDA:29,0,3,0
BRDA:29,0,4,0
BRDA:29,0,5,0
BRDA:29,0,6,0
BRDA:67,1,0,0
BRDA:67,1,1,0
BRDA:70,2,0,0
BRDA:70,2,1,0
BRDA:70,3,0,0
BRDA:70,3,1,0
BRDA:71,4,0,0
BRDA:71,5,0,0
BRDA:71,5,1,0
BRDA:75,6,0,0
BRDA:75,7,0,0
BRDA:75,7,1,0
BRDA:79,8,0,0
BRDA:96,9,0,0
BRDA:96,9,1,0
BRDA:96,10,0,0
BRDA:96,10,1,0
BRDA:96,11,0,0
BRDA:96,11,1,0
BRDA:96,12,0,0
BRDA:96,12,1,0
BRDA:101,13,0,0
BRDA:109,14,0,0
BRDA:109,15,0,0
BRDA:109,15,1,0
BRDA:109,16,0,0
BRDA:109,16,1,0
BRDA:138,17,0,0
BRDA:140,18,0,0
BRDA:140,18,1,0
BRDA:150,19,0,0
BRDA:158,20,0,0
BRDA:158,20,1,0
BRDA:165,21,0,0
BRDA:165,21,1,0
BRDA:184,22,0,0
BRDA:184,22,1,0
BRDA:188,23,0,0
BRDA:188,23,1,0
BRDA:188,23,2,0
BRDA:188,23,3,0
BRDA:191,24,0,0
BRDA:191,24,1,0
BRDA:191,25,0,0
BRDA:191,25,1,0
BRDA:193,26,0,0
BRDA:193,26,1,0
BRDA:200,27,0,0
BRDA:204,28,0,0
BRDA:204,28,1,0
BRDA:214,29,0,0
BRDA:214,29,1,0
BRDA:222,30,0,0
BRDA:222,30,1,0
BRDA:222,31,0,0
BRDA:222,31,1,0
BRDA:222,31,2,0
BRDA:228,32,0,0
BRDA:228,32,1,0
BRDA:229,33,0,0
BRDA:229,33,1,0
BRDA:234,34,0,0
BRDA:234,34,1,0
BRDA:245,35,0,0
BRDA:245,35,1,0
BRDA:260,36,0,0
BRDA:260,36,1,0
BRDA:271,37,0,0
BRDA:271,37,1,0
BRDA:274,38,0,0
BRDA:274,38,1,0
BRF:78
BRH:0
end_of_record
TN:
SF:components/assets/asset-table.tsx
FN:33,(anonymous_1)
FN:57,AssetTable
FN:84,(anonymous_3)
FN:103,(anonymous_4)
FN:108,(anonymous_5)
FN:113,(anonymous_6)
FN:116,(anonymous_7)
FN:128,(anonymous_8)
FN:134,(anonymous_9)
FN:173,(anonymous_10)
FN:326,(anonymous_11)
FN:336,(anonymous_12)
FN:339,(anonymous_13)
FN:389,(anonymous_14)
FN:438,(anonymous_15)
FN:451,(anonymous_16)
FN:473,(anonymous_17)
FN:506,(anonymous_18)
FN:519,(anonymous_19)
FN:570,(anonymous_20)
FN:628,(anonymous_21)
FN:642,(anonymous_22)
FNF:22
FNH:3
FNDA:0,(anonymous_1)
FNDA:8,AssetTable
FNDA:8,(anonymous_3)
FNDA:8,(anonymous_4)
FNDA:0,(anonymous_5)
FNDA:0,(anonymous_6)
FNDA:0,(anonymous_7)
FNDA:0,(anonymous_8)
FNDA:0,(anonymous_9)
FNDA:0,(anonymous_10)
FNDA:0,(anonymous_11)
FNDA:0,(anonymous_12)
FNDA:0,(anonymous_13)
FNDA:0,(anonymous_14)
FNDA:0,(anonymous_15)
FNDA:0,(anonymous_16)
FNDA:0,(anonymous_17)
FNDA:0,(anonymous_18)
FNDA:0,(anonymous_19)
FNDA:0,(anonymous_20)
FNDA:0,(anonymous_21)
FNDA:0,(anonymous_22)
DA:12,1
DA:13,1
DA:14,1
DA:15,1
DA:16,1
DA:17,1
DA:18,1
DA:24,1
DA:25,1
DA:26,1
DA:27,1
DA:28,1
DA:29,1
DA:30,1
DA:33,1
DA:36,0
DA:38,0
DA:40,0
DA:42,0
DA:44,0
DA:46,0
DA:48,0
DA:57,1
DA:58,8
DA:59,8
DA:60,8
DA:61,8
DA:62,8
DA:63,8
DA:66,8
DA:69,8
DA:70,8
DA:75,8
DA:78,8
DA:79,8
DA:80,8
DA:81,8
DA:84,8
DA:85,8
DA:86,8
DA:87,8
DA:90,8
DA:91,0
DA:93,8
DA:94,8
DA:96,0
DA:97,0
DA:99,8
DA:103,8
DA:104,8
DA:108,8
DA:109,0
DA:110,0
DA:113,8
DA:114,0
DA:115,0
DA:116,0
DA:117,0
DA:118,0
DA:122,0
DA:128,8
DA:129,0
DA:130,0
DA:134,8
DA:135,0
DA:136,0
DA:137,0
DA:139,0
DA:142,0
DA:143,0
DA:146,0
DA:155,0
DA:156,0
DA:158,0
DA:159,0
DA:163,0
DA:167,0
DA:169,0
DA:173,8
DA:174,0
DA:175,0
DA:178,8
DA:179,8
DA:182,0
DA:183,0
DA:190,0
DA:191,0
DA:193,0
DA:327,0
DA:337,0
DA:340,0
DA:390,0
DA:438,0
DA:451,0
DA:474,0
DA:506,0
DA:519,0
DA:571,0
DA:628,0
DA:642,0
LF:100
LH:47
BRDA:36,0,0,0
BRDA:36,0,1,0
BRDA:36,0,2,0
BRDA:36,0,3,0
BRDA:36,0,4,0
BRDA:36,0,5,0
BRDA:80,1,0,8
BRDA:80,1,1,8
BRDA:90,2,0,0
BRDA:117,3,0,0
BRDA:117,3,1,0
BRDA:117,4,0,0
BRDA:117,4,1,0
BRDA:117,5,0,0
BRDA:117,5,1,0
BRDA:118,6,0,0
BRDA:119,7,0,0
BRDA:119,7,1,0
BRDA:135,8,0,0
BRDA:142,9,0,0
BRDA:142,10,0,0
BRDA:142,10,1,0
BRDA:142,11,0,0
BRDA:142,11,1,0
BRDA:159,12,0,0
BRDA:160,13,0,0
BRDA:160,13,1,0
BRDA:178,14,0,8
BRDA:182,15,0,0
BRDA:182,16,0,0
BRDA:182,16,1,0
BRDA:182,16,2,0
BRDA:332,17,0,0
BRDA:332,17,1,0
BRDA:341,18,0,0
BRDA:341,18,1,0
BRDA:383,19,0,0
BRDA:383,19,1,0
BRDA:387,20,0,0
BRDA:387,20,1,0
BRDA:441,21,0,0
BRDA:441,21,1,0
BRDA:454,22,0,0
BRDA:454,22,1,0
BRDA:329,23,0,0
BRDA:329,23,1,0
BRDA:329,23,2,0
BRDA:509,24,0,0
BRDA:509,24,1,0
BRDA:522,25,0,0
BRDA:522,25,1,0
BRDA:564,26,0,0
BRDA:564,26,1,0
BRDA:568,27,0,0
BRDA:568,27,1,0
BRDA:475,28,0,0
BRDA:475,28,1,0
BRDA:475,28,2,0
BRF:58
BRH:3
end_of_record
TN:
SF:components/auth/protected-route.tsx
FN:15,ProtectedRoute
FN:33,(anonymous_1)
FNF:2
FNH:0
FNDA:0,ProtectedRoute
FNDA:0,(anonymous_1)
DA:6,0
DA:7,0
DA:8,0
DA:15,0
DA:19,0
DA:20,0
DA:22,0
DA:33,0
DA:34,0
DA:35,0
DA:36,0
DA:37,0
DA:39,0
DA:40,0
DA:42,0
DA:43,0
DA:44,0
DA:46,0
DA:53,0
DA:54,0
DA:55,0
DA:66,0
DA:67,0
DA:75,0
DA:78,0
DA:79,0
LF:26
LH:0
BRDA:17,0,0,0
BRDA:26,1,0,0
BRDA:26,1,1,0
BRDA:34,2,0,0
BRDA:36,3,0,0
BRDA:36,3,1,0
BRDA:40,4,0,0
BRDA:43,5,0,0
BRDA:53,6,0,0
BRDA:66,7,0,0
BRDA:66,8,0,0
BRDA:66,8,1,0
BRDA:66,8,2,0
BRDA:69,9,0,0
BRDA:69,9,1,0
BRF:15
BRH:0
end_of_record
TN:
SF:components/dashboard/assets-by-state.tsx
FN:18,AssetsByState
FN:22,(anonymous_1)
FN:42,mapStatusToAssetState
FN:60,getLifecycleStateColorClass
FN:70,(anonymous_4)
FN:76,(anonymous_5)
FN:92,(anonymous_6)
FN:110,(anonymous_7)
FN:132,(anonymous_8)
FN:137,(anonymous_9)
FNF:10
FNH:0
FNDA:0,AssetsByState
FNDA:0,(anonymous_1)
FNDA:0,mapStatusToAssetState
FNDA:0,getLifecycleStateColorClass
FNDA:0,(anonymous_4)
FNDA:0,(anonymous_5)
FNDA:0,(anonymous_6)
FNDA:0,(anonymous_7)
FNDA:0,(anonymous_8)
FNDA:0,(anonymous_9)
DA:4,0
DA:6,0
DA:7,0
DA:8,0
DA:9,0
DA:10,0
DA:11,0
DA:18,0
DA:22,0
DA:25,0
DA:26,0
DA:45,0
DA:47,0
DA:49,0
DA:51,0
DA:53,0
DA:55,0
DA:61,0
DA:62,0
DA:64,0
DA:69,0
DA:70,0
DA:76,0
DA:79,0
DA:89,0
DA:91,0
DA:92,0
DA:93,0
DA:96,0
DA:111,0
DA:133,0
DA:138,0
LF:32
LH:0
BRDA:20,0,0,0
BRDA:25,1,0,0
BRDA:45,2,0,0
BRDA:45,2,1,0
BRDA:45,2,2,0
BRDA:45,2,3,0
BRDA:45,2,4,0
BRDA:61,3,0,0
BRDA:106,4,0,0
BRDA:106,4,1,0
BRDA:118,5,0,0
BRDA:118,5,1,0
BRDA:121,6,0,0
BRDA:121,6,1,0
BRDA:133,7,0,0
BRDA:133,7,1,0
BRDA:133,7,2,0
BRDA:146,8,0,0
BRDA:146,8,1,0
BRF:19
BRH:0
end_of_record
TN:
SF:components/dashboard/assets-by-type.tsx
FN:13,AssetsByType
FN:15,(anonymous_1)
FN:34,(anonymous_2)
FN:40,(anonymous_3)
FN:67,(anonymous_4)
FNF:5
FNH:0
FNDA:0,AssetsByType
FNDA:0,(anonymous_1)
FNDA:0,(anonymous_2)
FNDA:0,(anonymous_3)
FNDA:0,(anonymous_4)
DA:4,0
DA:5,0
DA:6,0
DA:7,0
DA:13,0
DA:14,0
DA:15,0
DA:18,0
DA:19,0
DA:34,0
DA:40,0
DA:41,0
DA:43,0
DA:45,0
DA:47,0
DA:49,0
DA:51,0
DA:53,0
DA:57,0
DA:68,0
LF:20
LH:0
BRDA:18,0,0,0
BRDA:41,1,0,0
BRDA:41,1,1,0
BRDA:41,1,2,0
BRDA:41,1,3,0
BRDA:41,1,4,0
BRDA:41,1,5,0
BRDA:74,2,0,0
BRDA:74,2,1,0
BRF:9
BRH:0
end_of_record
TN:
SF:components/dashboard/building-assets-card.tsx
FN:35,normalizeType
FN:39,getTypeCountMap
FN:48,BuildingAssetsCard
FN:67,(anonymous_3)
FN:89,ReadyToGoAssetsCard
FN:105,(anonymous_5)
FNF:6
FNH:0
FNDA:0,normalizeType
FNDA:0,getTypeCountMap
FNDA:0,BuildingAssetsCard
FNDA:0,(anonymous_3)
FNDA:0,ReadyToGoAssetsCard
FNDA:0,(anonymous_5)
DA:5,0
DA:6,0
DA:7,0
DA:8,0
DA:11,0
DA:19,0
DA:27,0
DA:36,0
DA:40,0
DA:41,0
DA:42,0
DA:43,0
DA:45,0
DA:48,0
DA:53,0
DA:55,0
DA:56,0
DA:68,0
DA:89,0
DA:94,0
DA:95,0
DA:106,0
LF:22
LH:0
BRDA:36,0,0,0
BRDA:36,0,1,0
BRDA:75,1,0,0
BRDA:75,1,1,0
BRDA:79,2,0,0
BRDA:79,2,1,0
BRDA:113,3,0,0
BRDA:113,3,1,0
BRDA:117,4,0,0
BRDA:117,4,1,0
BRF:10
BRH:0
end_of_record
TN:
SF:components/dashboard/dashboard-stats.tsx
FN:21,DashboardStats
FN:27,getCountByStateVariants
FN:29,(anonymous_3)
FN:108,(anonymous_4)
FN:127,(anonymous_5)
FNF:5
FNH:0
FNDA:0,DashboardStats
FNDA:0,getCountByStateVariants
FNDA:0,(anonymous_3)
FNDA:0,(anonymous_4)
FNDA:0,(anonymous_5)
DA:4,0
DA:5,0
DA:6,0
DA:21,0
DA:28,0
DA:29,0
DA:30,0
DA:32,0
DA:36,0
DA:43,0
DA:50,0
DA:64,0
DA:66,0
DA:73,0
DA:108,0
DA:109,0
DA:111,0
DA:113,0
DA:115,0
DA:117,0
DA:119,0
DA:121,0
DA:125,0
DA:128,0
LF:24
LH:0
BRDA:30,0,0,0
BRDA:77,1,0,0
BRDA:77,1,1,0
BRDA:109,2,0,0
BRDA:109,2,1,0
BRDA:109,2,2,0
BRDA:109,2,3,0
BRDA:109,2,4,0
BRDA:109,2,5,0
BRF:9
BRH:0
end_of_record
TN:
SF:components/dashboard/quick-actions.tsx
FN:4,QuickActions
FNF:1
FNH:0
FNDA:0,QuickActions
DA:4,0
DA:7,0
LF:2
LH:0
BRF:0
BRH:0
end_of_record
TN:
SF:components/dashboard/recent-activity.tsx
FN:30,RecentActivity
FN:37,(anonymous_1)
FN:60,(anonymous_2)
FN:104,(anonymous_3)
FN:108,(anonymous_4)
FN:149,(anonymous_5)
FNF:6
FNH:0
FNDA:0,RecentActivity
FNDA:0,(anonymous_1)
FNDA:0,(anonymous_2)
FNDA:0,(anonymous_3)
FNDA:0,(anonymous_4)
FNDA:0,(anonymous_5)
DA:6,0
DA:7,0
DA:8,0
DA:9,0
DA:10,0
DA:11,0
DA:12,0
DA:14,0
DA:30,0
DA:31,0
DA:34,0
DA:35,0
DA:37,0
DA:38,0
DA:39,0
DA:40,0
DA:42,0
DA:43,0
DA:44,0
DA:45,0
DA:46,0
DA:48,0
DA:49,0
DA:52,0
DA:53,0
DA:55,0
DA:60,0
DA:61,0
DA:63,0
DA:65,0
DA:67,0
DA:69,0
DA:71,0
DA:73,0
DA:77,0
DA:78,0
DA:93,0
DA:105,0
DA:108,0
DA:149,0
LF:40
LH:0
BRDA:44,0,0,0
BRDA:44,0,1,0
BRDA:61,1,0,0
BRDA:61,1,1,0
BRDA:61,1,2,0
BRDA:61,1,3,0
BRDA:61,1,4,0
BRDA:61,1,5,0
BRDA:77,2,0,0
BRDA:77,3,0,0
BRDA:77,3,1,0
BRDA:118,4,0,0
BRDA:118,4,1,0
BRDA:126,5,0,0
BRDA:126,5,1,0
BRDA:136,6,0,0
BRDA:136,6,1,0
BRF:17
BRH:0
end_of_record
TN:
SF:components/holding-assets/EditHoldingAssetModal.tsx
FN:8,getAssetTypeEnumFromNumber
FN:39,EditHoldingAssetModal
FN:61,(anonymous_11)
FN:73,(anonymous_12)
FN:127,(anonymous_13)
FN:174,(anonymous_14)
FNF:6
FNH:0
FNDA:0,getAssetTypeEnumFromNumber
FNDA:0,EditHoldingAssetModal
FNDA:0,(anonymous_11)
FNDA:0,(anonymous_12)
FNDA:0,(anonymous_13)
FNDA:0,(anonymous_14)
DA:2,0
DA:3,0
DA:4,0
DA:10,0
DA:11,0
DA:14,0
DA:15,0
DA:17,0
DA:19,0
DA:21,0
DA:23,0
DA:25,0
DA:27,0
DA:39,0
DA:49,0
DA:51,0
DA:53,0
DA:55,0
DA:58,0
DA:61,0
DA:62,0
DA:63,0
DA:66,0
DA:68,0
DA:69,0
DA:73,0
DA:74,0
DA:75,0
DA:76,0
DA:80,0
DA:81,0
DA:93,0
DA:94,0
DA:95,0
DA:96,0
DA:97,0
DA:99,0
DA:100,0
DA:101,0
DA:104,0
DA:105,0
DA:109,0
DA:127,0
DA:174,0
LF:44
LH:0
BRDA:10,0,0,0
BRDA:15,1,0,0
BRDA:15,1,1,0
BRDA:15,1,2,0
BRDA:15,1,3,0
BRDA:15,1,4,0
BRDA:15,1,5,0
BRDA:62,2,0,0
BRDA:62,3,0,0
BRDA:62,3,1,0
BRDA:90,4,0,0
BRDA:90,4,1,0
BRDA:90,5,0,0
BRDA:90,5,1,0
BRDA:93,6,0,0
BRDA:93,6,1,0
BRDA:100,7,0,0
BRDA:100,7,1,0
BRDA:118,8,0,0
BRDA:118,8,1,0
BRDA:133,9,0,0
BRDA:133,9,1,0
BRDA:137,10,0,0
BRDA:137,10,1,0
BRDA:143,11,0,0
BRDA:143,11,1,0
BRDA:153,12,0,0
BRDA:153,12,1,0
BRDA:181,13,0,0
BRDA:181,13,1,0
BRF:30
BRH:0
end_of_record
TN:
SF:components/holding-assets/HoldingAssetsTable.tsx
FN:18,(anonymous_10)
FN:29,(anonymous_11)
FN:55,(anonymous_12)
FN:67,(anonymous_13)
FN:72,(anonymous_14)
FN:77,(anonymous_15)
FN:115,(anonymous_16)
FN:125,(anonymous_17)
FN:141,(anonymous_18)
FN:141,(anonymous_19)
FN:155,(anonymous_20)
FN:155,(anonymous_21)
FNF:12
FNH:0
FNDA:0,(anonymous_10)
FNDA:0,(anonymous_11)
FNDA:0,(anonymous_12)
FNDA:0,(anonymous_13)
FNDA:0,(anonymous_14)
FNDA:0,(anonymous_15)
FNDA:0,(anonymous_16)
FNDA:0,(anonymous_17)
FNDA:0,(anonymous_18)
FNDA:0,(anonymous_19)
FNDA:0,(anonymous_20)
FNDA:0,(anonymous_21)
DA:2,0
DA:3,0
DA:4,0
DA:5,0
DA:16,0
DA:18,0
DA:19,0
DA:20,0
DA:21,0
DA:22,0
DA:23,0
DA:26,0
DA:29,0
DA:30,0
DA:31,0
DA:32,0
DA:33,0
DA:34,0
DA:35,0
DA:38,0
DA:43,0
DA:44,0
DA:45,0
DA:47,0
DA:50,0
DA:52,0
DA:55,0
DA:56,0
DA:57,0
DA:62,0
DA:63,0
DA:64,0
DA:67,0
DA:68,0
DA:69,0
DA:72,0
DA:73,0
DA:74,0
DA:77,0
DA:78,0
DA:79,0
DA:82,0
DA:116,0
DA:125,0
DA:141,0
DA:155,0
DA:183,0
LF:47
LH:0
BRDA:32,0,0,0
BRDA:32,1,0,0
BRDA:32,1,1,0
BRDA:32,2,0,0
BRDA:32,2,1,0
BRDA:43,3,0,0
BRDA:43,3,1,0
BRDA:45,4,0,0
BRDA:45,4,1,0
BRDA:56,5,0,0
BRDA:56,6,0,0
BRDA:56,6,1,0
BRDA:56,7,0,0
BRDA:56,7,1,0
BRDA:85,8,0,0
BRDA:85,8,1,0
BRDA:87,9,0,0
BRDA:87,9,1,0
BRDA:119,10,0,0
BRDA:119,10,1,0
BRDA:121,11,0,0
BRDA:121,11,1,0
BRDA:123,12,0,0
BRDA:123,12,1,0
BRDA:168,13,0,0
BRDA:168,13,1,0
BRDA:168,13,2,0
BRF:27
BRH:0
end_of_record
TN:
SF:components/imports/import-modal.tsx
FN:29,Toast
FN:59,(anonymous_10)
FN:82,(anonymous_11)
FN:90,(anonymous_12)
FN:95,(anonymous_13)
FN:125,(anonymous_14)
FN:143,(anonymous_15)
FN:153,(anonymous_16)
FN:162,(anonymous_17)
FN:179,(anonymous_18)
FN:189,(anonymous_19)
FN:200,(anonymous_20)
FN:210,(anonymous_21)
FN:231,(anonymous_22)
FNF:14
FNH:0
FNDA:0,Toast
FNDA:0,(anonymous_10)
FNDA:0,(anonymous_11)
FNDA:0,(anonymous_12)
FNDA:0,(anonymous_13)
FNDA:0,(anonymous_14)
FNDA:0,(anonymous_15)
FNDA:0,(anonymous_16)
FNDA:0,(anonymous_17)
FNDA:0,(anonymous_18)
FNDA:0,(anonymous_19)
FNDA:0,(anonymous_20)
FNDA:0,(anonymous_21)
FNDA:0,(anonymous_22)
DA:5,0
DA:6,0
DA:12,0
DA:13,0
DA:16,0
DA:23,0
DA:36,0
DA:59,0
DA:66,0
DA:68,0
DA:70,0
DA:72,0
DA:77,0
DA:78,0
DA:79,0
DA:82,0
DA:83,0
DA:84,0
DA:85,0
DA:90,0
DA:91,0
DA:92,0
DA:93,0
DA:94,0
DA:95,0
DA:96,0
DA:97,0
DA:98,0
DA:100,0
DA:101,0
DA:102,0
DA:103,0
DA:104,0
DA:106,0
DA:107,0
DA:108,0
DA:109,0
DA:113,0
DA:115,0
DA:122,0
DA:123,0
DA:124,0
DA:125,0
DA:126,0
DA:127,0
DA:128,0
DA:129,0
DA:130,0
DA:132,0
DA:133,0
DA:134,0
DA:135,0
DA:136,0
DA:138,0
DA:140,0
DA:141,0
DA:142,0
DA:143,0
DA:144,0
DA:145,0
DA:147,0
DA:150,0
DA:151,0
DA:152,0
DA:153,0
DA:154,0
DA:155,0
DA:157,0
DA:162,0
DA:163,0
DA:164,0
DA:165,0
DA:166,0
DA:169,0
DA:180,0
DA:189,0
DA:201,0
DA:210,0
DA:232,0
DA:264,0
LF:80
LH:0
BRDA:40,0,0,0
BRDA:40,0,1,0
BRDA:83,1,0,0
BRDA:83,2,0,0
BRDA:83,2,1,0
BRDA:91,3,0,0
BRDA:94,4,0,0
BRDA:119,5,0,0
BRDA:119,5,1,0
BRDA:119,6,0,0
BRDA:119,6,1,0
BRDA:122,7,0,0
BRDA:122,7,1,0
BRDA:124,8,0,0
BRDA:142,9,0,0
BRDA:152,10,0,0
BRDA:232,11,0,0
BRDA:232,11,1,0
BRDA:232,12,0,0
BRDA:232,12,1,0
BRDA:239,13,0,0
BRDA:239,13,1,0
BRDA:244,14,0,0
BRDA:244,14,1,0
BRDA:251,15,0,0
BRDA:251,15,1,0
BRDA:258,16,0,0
BRDA:258,16,1,0
BRF:28
BRH:0
end_of_record
TN:
SF:components/layout/header.tsx
FN:31,Header
FN:54,(anonymous_2)
FN:81,(anonymous_3)
FN:114,(anonymous_4)
FN:150,(anonymous_5)
FN:196,(anonymous_6)
FN:208,(anonymous_7)
FNF:7
FNH:0
FNDA:0,Header
FNDA:0,(anonymous_2)
FNDA:0,(anonymous_3)
FNDA:0,(anonymous_4)
FNDA:0,(anonymous_5)
FNDA:0,(anonymous_6)
FNDA:0,(anonymous_7)
DA:6,0
DA:7,0
DA:8,0
DA:16,0
DA:17,0
DA:18,0
DA:19,0
DA:20,0
DA:24,0
DA:25,0
DA:31,0
DA:32,0
DA:33,0
DA:34,0
DA:35,0
DA:37,0
DA:40,0
DA:54,0
DA:55,0
DA:56,0
DA:57,0
DA:60,0
DA:61,0
DA:62,0
DA:65,0
DA:66,0
DA:67,0
DA:68,0
DA:70,0
DA:71,0
DA:74,0
DA:75,0
DA:77,0
DA:81,0
DA:82,0
DA:83,0
DA:87,0
DA:114,0
DA:150,0
DA:196,0
DA:208,0
LF:41
LH:0
BRDA:40,0,0,0
BRDA:40,0,1,0
BRDA:42,1,0,0
BRDA:42,1,1,0
BRDA:42,1,2,0
BRDA:42,2,0,0
BRDA:42,2,1,0
BRDA:42,3,0,0
BRDA:42,3,1,0
BRDA:42,4,0,0
BRDA:42,4,1,0
BRDA:42,5,0,0
BRDA:42,5,1,0
BRDA:43,6,0,0
BRDA:43,6,1,0
BRDA:44,7,0,0
BRDA:44,7,1,0
BRDA:45,8,0,0
BRDA:45,8,1,0
BRDA:45,9,0,0
BRDA:45,9,1,0
BRDA:45,10,0,0
BRDA:45,10,1,0
BRDA:55,11,0,0
BRDA:65,12,0,0
BRDA:65,12,1,0
BRDA:82,13,0,0
BRF:27
BRH:0
end_of_record
TN:
SF:components/layout/layout-wrapper.tsx
FN:11,LayoutWrapper
FN:14,(anonymous_1)
FN:23,(anonymous_2)
FNF:3
FNH:0
FNDA:0,LayoutWrapper
FNDA:0,(anonymous_1)
FNDA:0,(anonymous_2)
DA:3,0
DA:4,0
DA:5,0
DA:11,0
DA:12,0
DA:14,0
DA:15,0
DA:18,0
DA:23,0
LF:9
LH:0
BRF:0
BRH:0
end_of_record
TN:
SF:components/layout/sidebar.tsx
FN:91,Sidebar
FN:105,(anonymous_2)
FN:133,(anonymous_3)
FN:148,(anonymous_4)
FN:194,(anonymous_5)
FN:276,(anonymous_6)
FN:284,(anonymous_7)
FN:304,(anonymous_8)
FNF:8
FNH:0
FNDA:0,Sidebar
FNDA:0,(anonymous_2)
FNDA:0,(anonymous_3)
FNDA:0,(anonymous_4)
FNDA:0,(anonymous_5)
FNDA:0,(anonymous_6)
FNDA:0,(anonymous_7)
FNDA:0,(anonymous_8)
DA:6,0
DA:7,0
DA:8,0
DA:9,0
DA:10,0
DA:18,0
DA:19,0
DA:23,0
DA:40,0
DA:91,0
DA:95,0
DA:96,0
DA:97,0
DA:99,0
DA:102,0
DA:105,0
DA:106,0
DA:108,0
DA:110,0
DA:113,0
DA:133,0
DA:149,0
DA:152,0
DA:154,0
DA:155,0
DA:171,0
DA:195,0
DA:208,0
DA:277,0
DA:280,0
DA:281,0
DA:284,0
DA:305,0
DA:322,0
LF:34
LH:0
BRDA:92,0,0,0
BRDA:106,1,0,0
BRDA:119,2,0,0
BRDA:119,2,1,0
BRDA:124,3,0,0
BRDA:124,3,1,0
BRDA:134,4,0,0
BRDA:134,4,1,0
BRDA:136,5,0,0
BRDA:136,5,1,0
BRDA:152,6,0,0
BRDA:154,7,0,0
BRDA:160,8,0,0
BRDA:160,8,1,0
BRDA:177,9,0,0
BRDA:177,9,1,0
BRDA:213,10,0,0
BRDA:213,10,1,0
BRDA:214,11,0,0
BRDA:214,11,1,0
BRDA:219,12,0,0
BRDA:219,12,1,0
BRDA:221,13,0,0
BRDA:221,13,1,0
BRDA:221,13,2,0
BRDA:233,14,0,0
BRDA:233,14,1,0
BRDA:243,15,0,0
BRDA:243,15,1,0
BRDA:254,16,0,0
BRDA:254,16,1,0
BRDA:280,17,0,0
BRDA:287,18,0,0
BRDA:287,18,1,0
BRDA:294,19,0,0
BRDA:294,19,1,0
BRDA:302,20,0,0
BRDA:302,20,1,0
BRDA:331,21,0,0
BRDA:331,21,1,0
BRDA:338,22,0,0
BRDA:338,22,1,0
BRF:42
BRH:0
end_of_record
TN:
SF:components/locations/location-add-modal.tsx
FN:29,LocationAddModal
FN:43,(anonymous_1)
FN:47,(anonymous_2)
FN:50,(anonymous_3)
FN:85,(anonymous_4)
FN:106,(anonymous_5)
FN:116,(anonymous_6)
FN:124,(anonymous_7)
FN:141,(anonymous_8)
FNF:9
FNH:0
FNDA:0,LocationAddModal
FNDA:0,(anonymous_1)
FNDA:0,(anonymous_2)
FNDA:0,(anonymous_3)
FNDA:0,(anonymous_4)
FNDA:0,(anonymous_5)
FNDA:0,(anonymous_6)
FNDA:0,(anonymous_7)
FNDA:0,(anonymous_8)
DA:4,0
DA:11,0
DA:12,0
DA:13,0
DA:20,0
DA:21,0
DA:29,0
DA:34,0
DA:35,0
DA:36,0
DA:39,0
DA:43,0
DA:47,0
DA:50,0
DA:51,0
DA:52,0
DA:53,0
DA:54,0
DA:55,0
DA:57,0
DA:60,0
DA:61,0
DA:62,0
DA:74,0
DA:75,0
DA:76,0
DA:77,0
DA:79,0
DA:81,0
DA:85,0
DA:86,0
DA:87,0
DA:88,0
DA:92,0
DA:106,0
DA:116,0
DA:124,0
DA:141,0
LF:38
LH:0
BRDA:39,0,0,0
BRDA:39,0,1,0
BRDA:39,0,2,0
BRDA:39,0,3,0
BRDA:52,1,0,0
BRDA:61,2,0,0
BRDA:61,2,1,0
BRDA:61,3,0,0
BRDA:61,3,1,0
BRDA:66,4,0,0
BRDA:66,4,1,0
BRDA:74,5,0,0
BRDA:75,6,0,0
BRDA:86,7,0,0
BRDA:136,8,0,0
BRDA:136,8,1,0
BRDA:146,9,0,0
BRDA:146,9,1,0
BRDA:147,10,0,0
BRDA:147,10,1,0
BRF:20
BRH:0
end_of_record
TN:
SF:components/locations/location-assignments-modal.tsx
FN:24,LocationAssignmentsModal
FN:42,(anonymous_1)
FN:55,(anonymous_2)
FN:56,(anonymous_3)
FN:63,(anonymous_4)
FN:70,(anonymous_5)
FN:107,(anonymous_6)
FN:120,(anonymous_7)
FN:120,(anonymous_8)
FN:131,(anonymous_9)
FN:132,(anonymous_10)
FN:156,(anonymous_11)
FN:169,(anonymous_12)
FN:169,(anonymous_13)
FN:180,(anonymous_14)
FN:181,(anonymous_15)
FN:194,(anonymous_16)
FNF:17
FNH:0
FNDA:0,LocationAssignmentsModal
FNDA:0,(anonymous_1)
FNDA:0,(anonymous_2)
FNDA:0,(anonymous_3)
FNDA:0,(anonymous_4)
FNDA:0,(anonymous_5)
FNDA:0,(anonymous_6)
FNDA:0,(anonymous_7)
FNDA:0,(anonymous_8)
FNDA:0,(anonymous_9)
FNDA:0,(anonymous_10)
FNDA:0,(anonymous_11)
FNDA:0,(anonymous_12)
FNDA:0,(anonymous_13)
[...]
BRDA:106,25,1,0
BRDA:109,26,0,0
BRDA:109,26,1,0
BRDA:110,27,0,0
BRDA:110,27,1,0
BRDA:110,28,0,0
BRDA:110,28,1,0
BRDA:110,29,0,0
BRDA:110,29,1,0
BRDA:111,30,0,0
BRDA:111,30,1,0
BRDA:111,31,0,0
BRDA:111,31,1,0
BRDA:111,32,0,0
BRDA:111,32,1,0
BRDA:112,33,0,0
BRDA:112,34,0,0
BRDA:112,34,1,0
BRDA:115,35,0,0
BRDA:115,35,1,0
BRDA:116,36,0,0
BRDA:116,36,1,0
BRDA:132,37,0,0
BRDA:132,37,1,0
BRDA:133,38,0,0
BRDA:133,38,1,0
BRDA:134,39,0,0
BRDA:134,39,1,0
BRDA:158,40,0,0
BRDA:161,41,0,0
BRDA:161,41,1,0
BRDA:167,42,0,0
BRDA:167,42,1,0
BRDA:173,43,0,0
BRDA:173,43,1,0
BRDA:173,44,0,0
BRDA:173,44,1,0
BRDA:173,45,0,0
BRDA:173,45,1,0
BRDA:174,46,0,0
BRDA:174,46,1,0
BRDA:174,47,0,0
BRDA:174,47,1,0
BRDA:174,48,0,0
BRDA:174,48,1,0
BRDA:175,49,0,0
BRDA:175,49,1,0
BRDA:181,50,0,0
BRDA:181,50,1,0
BRDA:181,51,0,0
BRDA:181,51,1,0
BRDA:181,52,0,0
BRDA:181,52,1,0
BRDA:182,53,0,0
BRDA:182,53,1,0
BRDA:182,54,0,0
BRDA:182,54,1,0
BRDA:182,55,0,0
BRDA:182,55,1,0
BRDA:208,56,0,0
BRDA:211,57,0,0
BRDA:211,57,1,0
BRDA:217,58,0,0
BRDA:217,58,1,0
BRDA:223,59,0,0
BRDA:223,59,1,0
BRDA:223,60,0,0
BRDA:223,60,1,0
BRDA:223,61,0,0
BRDA:223,61,1,0
BRDA:224,62,0,0
BRDA:224,62,1,0
BRDA:224,63,0,0
BRDA:224,63,1,0
BRDA:224,64,0,0
BRDA:224,64,1,0
BRDA:225,65,0,0
BRDA:225,65,1,0
BRDA:231,66,0,0
BRDA:231,66,1,0
BRDA:231,67,0,0
BRDA:231,67,1,0
BRDA:231,68,0,0
BRDA:231,68,1,0
BRDA:232,69,0,0
BRDA:232,69,1,0
BRDA:232,70,0,0
BRDA:232,70,1,0
BRDA:232,71,0,0
BRDA:232,71,1,0
BRDA:249,72,0,0
BRDA:265,73,0,0
BRDA:278,74,0,0
BRDA:278,75,0,0
BRDA:278,75,1,0
BRDA:280,76,0,0
BRDA:287,77,0,0
BRDA:300,78,0,0
BRDA:301,79,0,0
BRDA:335,80,0,0
BRDA:335,81,0,0
BRDA:335,81,1,0
BRDA:335,82,0,0
BRDA:335,82,1,0
BRDA:335,83,0,0
BRDA:335,83,1,0
BRDA:339,84,0,0
BRDA:339,85,0,0
BRDA:339,85,1,0
BRDA:339,86,0,0
BRDA:339,86,1,0
BRDA:339,87,0,0
BRDA:339,87,1,0
BRDA:343,88,0,0
BRDA:343,89,0,0
BRDA:343,89,1,0
BRDA:343,90,0,0
BRDA:343,90,1,0
BRDA:343,91,0,0
BRDA:343,91,1,0
BRDA:347,92,0,0
BRDA:347,92,1,0
BRDA:347,93,0,0
BRDA:347,93,1,0
BRDA:347,94,0,0
BRDA:347,94,1,0
BRDA:349,95,0,0
BRDA:349,96,0,0
BRDA:349,96,1,0
BRDA:349,97,0,0
BRDA:349,97,1,0
BRDA:355,98,0,0
BRDA:359,99,0,0
BRDA:359,99,1,0
BRDA:359,100,0,0
BRDA:359,100,1,0
BRDA:359,101,0,0
BRDA:359,101,1,0
BRDA:368,102,0,0
BRDA:368,102,1,0
BRDA:371,103,0,0
BRDA:371,103,1,0
BRDA:371,104,0,0
BRDA:371,104,1,0
BRDA:371,105,0,0
BRDA:371,105,1,0
BRDA:372,106,0,0
BRDA:372,106,1,0
BRDA:372,107,0,0
BRDA:372,107,1,0
BRDA:372,108,0,0
BRDA:372,108,1,0
BRDA:383,109,0,0
BRDA:383,109,1,0
BRDA:384,110,0,0
BRDA:384,110,1,0
BRDA:385,111,0,0
BRDA:385,111,1,0
BRDA:418,112,0,0
BRDA:421,113,0,0
BRDA:421,113,1,0
BRDA:431,114,0,0
BRDA:431,114,1,0
BRDA:437,115,0,0
BRDA:437,115,1,0
BRDA:437,116,0,0
BRDA:437,116,1,0
BRDA:437,117,0,0
BRDA:437,117,1,0
BRDA:438,118,0,0
BRDA:438,118,1,0
BRDA:438,119,0,0
BRDA:438,119,1,0
BRDA:438,120,0,0
BRDA:438,120,1,0
BRDA:459,121,0,0
BRDA:475,122,0,0
BRDA:486,123,0,0
BRDA:502,124,0,0
BRDA:504,125,0,0
BRDA:504,125,1,0
BRDA:513,126,0,0
BRDA:515,127,0,0
BRDA:515,127,1,0
BRDA:515,128,0,0
BRDA:515,128,1,0
BRDA:515,129,0,0
BRDA:515,129,1,0
BRDA:531,130,0,0
BRDA:547,131,0,0
BRDA:559,132,0,0
BRDA:588,133,0,0
BRDA:592,134,0,0
BRDA:592,134,1,0
BRDA:592,135,0,0
BRDA:592,135,1,0
BRDA:592,136,0,0
BRDA:592,136,1,0
BRDA:599,137,0,0
BRDA:599,137,1,0
BRDA:602,138,0,0
BRDA:602,138,1,0
BRDA:602,139,0,0
BRDA:602,139,1,0
BRDA:602,140,0,0
BRDA:602,140,1,0
BRDA:603,141,0,0
BRDA:603,141,1,0
BRDA:603,142,0,0
BRDA:603,142,1,0
BRDA:603,143,0,0
BRDA:603,143,1,0
BRF:261
BRH:0
end_of_record
TN:
SF:lib/supabase.ts
FN:28,(anonymous_0)
FN:33,(anonymous_1)
FNF:2
FNH:0
FNDA:0,(anonymous_0)
FNDA:0,(anonymous_1)
DA:4,0
DA:5,0
DA:8,0
DA:9,0
DA:12,0
DA:13,0
DA:19,0
DA:28,0
DA:29,0
DA:33,0
DA:34,0
LF:11
LH:0
BRDA:12,0,0,0
BRDA:12,1,0,0
BRDA:12,1,1,0
BRF:3
BRH:0
end_of_record
TN:
SF:lib/test-utils.tsx
FN:131,(anonymous_5)
FN:132,(anonymous_6)
FN:133,(anonymous_7)
FN:141,(anonymous_8)
FN:142,(anonymous_9)
FN:234,(anonymous_10)
FN:238,(anonymous_11)
FN:247,(anonymous_12)
FN:248,(anonymous_13)
FN:254,(anonymous_14)
FN:255,(anonymous_15)
FN:256,(anonymous_16)
FN:257,(anonymous_17)
FN:263,(anonymous_18)
FN:264,(anonymous_19)
FN:269,(anonymous_20)
FN:270,(anonymous_21)
FN:276,(anonymous_22)
FN:277,(anonymous_23)
FN:281,(anonymous_24)
FN:283,(anonymous_25)
FN:291,(anonymous_26)
FN:297,(anonymous_27)
FN:306,(anonymous_28)
FN:322,(anonymous_29)
FN:343,(anonymous_30)
FN:360,(anonymous_31)
FN:364,(anonymous_32)
FN:365,(anonymous_33)
FN:368,(anonymous_34)
FN:371,(anonymous_35)
FN:372,(anonymous_36)
FN:374,(anonymous_37)
FN:380,(anonymous_38)
FN:384,(anonymous_39)
FN:385,(anonymous_40)
FN:388,(anonymous_41)
FN:391,(anonymous_42)
FN:392,(anonymous_43)
FN:394,(anonymous_44)
FN:400,(anonymous_45)
FN:401,(anonymous_46)
FN:425,(anonymous_47)
FN:426,(anonymous_48)
FN:442,(anonymous_49)
FN:443,(anonymous_50)
FN:461,(anonymous_51)
FN:477,(anonymous_52)
FN:503,(anonymous_53)
FN:518,(anonymous_54)
FN:523,(anonymous_55)
FN:528,(anonymous_56)
FN:532,(anonymous_57)
FN:540,(anonymous_58)
FN:542,(anonymous_59)
FN:549,(anonymous_60)
FN:554,(anonymous_61)
FN:562,(anonymous_62)
FN:568,(anonymous_63)
FN:575,(anonymous_64)
FNF:60
FNH:7
FNDA:36,(anonymous_5)
FNDA:36,(anonymous_6)
FNDA:36,(anonymous_7)
FNDA:36,(anonymous_8)
FNDA:36,(anonymous_9)
FNDA:187,(anonymous_10)
FNDA:185,(anonymous_11)
FNDA:0,(anonymous_12)
FNDA:0,(anonymous_13)
FNDA:0,(anonymous_14)
FNDA:0,(anonymous_15)
FNDA:0,(anonymous_16)
FNDA:0,(anonymous_17)
FNDA:0,(anonymous_18)
FNDA:0,(anonymous_19)
FNDA:0,(anonymous_20)
FNDA:0,(anonymous_21)
FNDA:0,(anonymous_22)
FNDA:0,(anonymous_23)
FNDA:0,(anonymous_24)
FNDA:0,(anonymous_25)
FNDA:0,(anonymous_26)
FNDA:0,(anonymous_27)
FNDA:0,(anonymous_28)
FNDA:0,(anonymous_29)
FNDA:0,(anonymous_30)
FNDA:0,(anonymous_31)
FNDA:0,(anonymous_32)
FNDA:0,(anonymous_33)
FNDA:0,(anonymous_34)
FNDA:0,(anonymous_35)
FNDA:0,(anonymous_36)
FNDA:0,(anonymous_37)
FNDA:0,(anonymous_38)
FNDA:0,(anonymous_39)
FNDA:0,(anonymous_40)
FNDA:0,(anonymous_41)
FNDA:0,(anonymous_42)
FNDA:0,(anonymous_43)
FNDA:0,(anonymous_44)
FNDA:0,(anonymous_45)
FNDA:0,(anonymous_46)
FNDA:0,(anonymous_47)
FNDA:0,(anonymous_48)
FNDA:0,(anonymous_49)
FNDA:0,(anonymous_50)
FNDA:0,(anonymous_51)
FNDA:0,(anonymous_52)
FNDA:0,(anonymous_53)
FNDA:0,(anonymous_54)
FNDA:0,(anonymous_55)
FNDA:0,(anonymous_56)
FNDA:0,(anonymous_57)
FNDA:0,(anonymous_58)
FNDA:0,(anonymous_59)
FNDA:0,(anonymous_60)
FNDA:0,(anonymous_61)
FNDA:0,(anonymous_62)
FNDA:0,(anonymous_63)
FNDA:0,(anonymous_64)
DA:4,18
DA:5,18
DA:6,18
DA:9,18
DA:48,18
DA:77,18
DA:108,18
DA:124,18
DA:131,36
DA:132,36
DA:133,36
DA:141,36
DA:142,36
DA:234,18
DA:235,187
DA:238,18
DA:239,185
DA:243,18
DA:244,18
DA:247,18
DA:248,0
DA:249,0
DA:254,0
DA:255,0
DA:256,0
DA:257,0
DA:263,18
DA:264,0
DA:265,0
DA:269,0
DA:270,0
DA:276,18
DA:277,0
DA:281,18
DA:282,0
DA:291,18
DA:295,0
DA:296,0
DA:298,0
DA:306,18
DA:322,18
DA:343,18
DA:360,18
DA:361,0
DA:363,0
DA:364,0
DA:366,0
DA:369,0
DA:372,0
DA:374,0
DA:380,18
DA:381,0
DA:383,0
DA:384,0
DA:386,0
DA:389,0
DA:392,0
DA:394,0
DA:400,18
DA:401,0
DA:425,18
DA:426,0
DA:442,18
DA:443,0
DA:461,18
DA:477,0
DA:503,0
DA:518,18
DA:519,0
DA:520,0
DA:523,18
DA:524,0
DA:525,0
DA:528,18
DA:529,0
DA:532,18
DA:536,0
DA:540,18
DA:541,0
DA:543,0
DA:549,18
DA:553,0
DA:555,0
DA:562,18
DA:563,0
DA:564,0
DA:565,0
DA:568,18
DA:569,0
DA:570,0
DA:571,0
DA:572,0
DA:575,18
DA:576,0
DA:579,0
LF:95
LH:42
BRDA:247,0,0,0
BRDA:247,1,0,0
BRDA:250,2,0,0
BRDA:250,2,1,0
BRDA:252,3,0,0
BRDA:252,3,1,0
BRDA:263,4,0,0
BRDA:276,5,0,0
BRDA:281,6,0,0
BRDA:293,7,0,0
BRDA:295,8,0,0
BRDA:306,9,0,0
BRDA:322,10,0,0
BRDA:343,11,0,0
BRDA:364,12,0,0
BRDA:364,12,1,0
BRDA:374,13,0,0
BRDA:374,13,1,0
BRDA:384,14,0,0
BRDA:384,14,1,0
BRDA:394,15,0,0
BRDA:394,15,1,0
BRDA:400,16,0,0
BRDA:416,17,0,0
BRDA:416,17,1,0
BRDA:425,18,0,0
BRDA:432,19,0,0
BRDA:432,19,1,0
BRDA:442,20,0,0
BRDA:540,21,0,0
BRDA:551,22,0,0
BRF:31
BRH:0
end_of_record
TN:
SF:lib/types.ts
FN:5,(anonymous_0)
FN:13,(anonymous_1)
FN:22,(anonymous_2)
FN:95,(anonymous_3)
FNF:4
FNH:4
FNDA:9,(anonymous_0)
FNDA:9,(anonymous_1)
FNDA:9,(anonymous_2)
FNDA:9,(anonymous_3)
DA:5,9
DA:6,9
DA:7,9
DA:8,9
DA:9,9
DA:10,9
DA:13,9
DA:14,9
DA:15,9
DA:16,9
DA:17,9
DA:18,9
DA:19,9
DA:22,9
DA:23,9
DA:24,9
DA:95,9
DA:96,9
LF:18
LH:18
BRDA:5,0,0,9
BRDA:5,0,1,9
BRDA:13,1,0,9
BRDA:13,1,1,9
BRDA:22,2,0,9
BRDA:22,2,1,9
BRDA:95,3,0,9
BRDA:95,3,1,9
BRF:8
BRH:8
end_of_record
TN:
SF:lib/utils.ts
FN:7,cn
FN:11,getRelativeTime
FN:36,formatCurrency
FN:43,formatDate
FN:56,validateAsset
FN:91,exportToCSV
FN:96,(anonymous_15)
FN:97,(anonymous_16)
FN:117,exportToXLSX
FN:123,(anonymous_18)
FNF:10
FNH:8
FNDA:7872,cn
FNDA:3,getRelativeTime
FNDA:38,formatCurrency
FNDA:63,formatDate
FNDA:4,validateAsset
FNDA:3,exportToCSV
FNDA:2,(anonymous_15)
FNDA:4,(anonymous_16)
FNDA:0,exportToXLSX
FNDA:0,(anonymous_18)
DA:1,24
DA:2,24
DA:7,24
DA:8,7872
DA:11,24
DA:12,3
DA:13,3
DA:15,3
DA:25,3
DA:26,19
DA:27,19
DA:28,1
DA:29,1
DA:33,2
DA:36,24
DA:37,38
DA:43,24
DA:44,63
DA:56,24
DA:57,4
DA:59,4
DA:60,1
DA:63,4
DA:64,1
DA:67,4
DA:68,1
DA:71,4
DA:76,3
DA:79,4
DA:80,1
DA:83,4
DA:91,24
DA:92,3
DA:93,1
DA:94,1
DA:97,4
DA:100,1
DA:101,1
DA:102,1
DA:103,1
DA:104,1
DA:105,1
DA:106,1
DA:107,1
DA:108,1
DA:109,1
DA:117,24
DA:121,0
DA:123,0
DA:124,0
DA:125,0
DA:126,0
DA:127,0
DA:128,0
DA:129,0
DA:130,0
DA:131,0
DA:132,0
DA:133,0
DA:134,0
DA:135,0
DA:136,0
LF:62
LH:47
BRDA:27,0,0,1
BRDA:59,1,0,1
BRDA:63,2,0,1
BRDA:63,3,0,4
BRDA:63,3,1,3
BRDA:67,4,0,1
BRDA:67,5,0,4
BRDA:67,5,1,3
BRDA:71,6,0,3
BRDA:72,7,0,4
BRDA:72,7,1,3
BRDA:72,7,2,2
BRDA:79,8,0,1
BRDA:79,9,0,4
BRDA:79,9,1,3
BRDA:92,10,0,2
BRDA:92,11,0,3
BRDA:92,11,1,2
BRDA:97,12,0,4
BRDA:97,12,1,0
BRDA:97,13,0,4
BRDA:97,13,1,4
BRDA:121,14,0,0
BRDA:121,15,0,0
BRDA:121,15,1,0
BRF:25
BRH:21
end_of_record
TN:
SF:lib/db/dashboard.ts
FN:15,getDashboardData
FN:21,(anonymous_1)
FN:126,(anonymous_2)
FN:148,(anonymous_3)
FN:163,(anonymous_4)
FN:176,(anonymous_5)
FNF:6
FNH:6
FNDA:3,getDashboardData
FNDA:2,(anonymous_1)
FNDA:10,(anonymous_2)
FNDA:10,(anonymous_3)
FNDA:10,(anonymous_4)
FNDA:1,(anonymous_5)
DA:4,1
DA:5,1
DA:12,1
DA:13,1
DA:15,1
DA:17,3
DA:18,3
DA:21,3
DA:22,2
DA:26,2
DA:30,2
DA:34,2
DA:38,2
DA:46,2
DA:54,2
DA:73,2
DA:77,2
DA:81,2
DA:110,2
DA:119,2
DA:120,2
DA:122,2
DA:123,2
DA:124,2
DA:126,10
DA:132,2
DA:136,2
DA:143,2
DA:144,2
DA:145,2
DA:146,2
DA:148,10
DA:154,2
DA:158,2
DA:159,2
DA:160,2
DA:161,2
DA:163,10
DA:169,2
DA:176,1
DA:191,2
DA:197,2
DA:200,1
DA:205,1
LF:44
LH:44
BRDA:77,0,0,2
BRDA:77,0,1,2
BRDA:77,1,0,2
BRDA:77,1,1,0
BRDA:77,2,0,2
BRDA:77,2,1,2
BRDA:122,3,0,2
BRDA:122,3,1,1
BRDA:123,4,0,2
BRDA:128,5,0,10
BRDA:128,5,1,9
BRDA:145,6,0,2
BRDA:145,6,1,0
BRDA:146,7,0,2
BRDA:146,7,1,2
BRDA:150,8,0,10
BRDA:150,8,1,8
BRDA:160,9,0,2
BRDA:160,9,1,0
BRDA:161,10,0,2
BRDA:161,10,1,2
BRDA:165,11,0,10
BRDA:165,11,1,8
BRDA:170,12,0,2
BRDA:170,12,1,2
BRDA:170,13,0,2
BRDA:170,13,1,0
BRDA:170,14,0,2
BRDA:170,14,1,2
BRDA:171,15,0,2
BRDA:171,15,1,2
BRDA:171,16,0,2
BRDA:171,16,1,0
BRDA:171,17,0,2
BRDA:171,17,1,2
BRDA:172,18,0,2
BRDA:172,18,1,2
BRDA:172,19,0,2
BRDA:172,19,1,0
BRDA:172,20,0,2
BRDA:172,20,1,2
BRDA:173,21,0,2
BRDA:173,21,1,2
BRDA:173,22,0,2
BRDA:173,22,1,0
BRDA:173,23,0,2
BRDA:173,23,1,2
BRDA:178,24,0,1
BRDA:178,24,1,0
BRDA:179,25,0,1
BRDA:179,25,1,0
BRDA:180,26,0,1
BRDA:180,26,1,0
BRDA:183,27,0,1
BRDA:183,27,1,0
BRDA:183,28,0,1
BRDA:183,28,1,1
BRDA:192,29,0,2
BRDA:192,29,1,2
BRDA:192,30,0,2
BRDA:192,30,1,0
BRDA:192,31,0,2
BRDA:192,31,1,2
BRDA:193,32,0,2
BRDA:193,32,1,2
BRDA:193,33,0,2
BRDA:193,33,1,0
BRDA:193,34,0,2
BRDA:193,34,1,2
BRDA:194,35,0,2
BRDA:194,35,1,2
BRDA:194,36,0,2
BRDA:194,36,1,0
BRDA:194,37,0,2
BRDA:194,37,1,2
BRDA:202,38,0,1
BRDA:202,38,1,0
BRF:77
BRH:62
end_of_record
TN:
SF:lib/db/index.ts
FN:52,closeConnection
FNF:1
FNH:0
FNDA:0,closeConnection
DA:3,0
DA:4,0
DA:5,0
DA:6,0
DA:7,0
DA:10,0
DA:13,0
DA:15,0
DA:16,0
DA:17,0
DA:24,0
DA:26,0
DA:28,0
DA:32,0
DA:34,0
DA:39,0
DA:43,0
DA:49,0
DA:52,0
DA:53,0
DA:54,0
DA:55,0
DA:57,0
DA:62,0
LF:24
LH:0
BRDA:15,0,0,0
BRDA:30,1,0,0
BRDA:30,1,1,0
BRDA:36,2,0,0
BRDA:36,2,1,0
BRDA:59,3,0,0
BRDA:59,3,1,0
BRF:7
BRH:0
end_of_record
TN:
SF:lib/db/schema.ts
FN:63,(anonymous_0)
FN:76,(anonymous_1)
FN:79,(anonymous_2)
FN:111,(anonymous_3)
FN:129,(anonymous_4)
FN:134,(anonymous_5)
FN:145,(anonymous_6)
FN:146,(anonymous_7)
FN:147,(anonymous_8)
FN:152,(anonymous_9)
FN:199,(anonymous_10)
FN:209,(anonymous_11)
FNF:12
FNH:0
FNDA:0,(anonymous_0)
FNDA:0,(anonymous_1)
FNDA:0,(anonymous_2)
FNDA:0,(anonymous_3)
FNDA:0,(anonymous_4)
FNDA:0,(anonymous_5)
FNDA:0,(anonymous_6)
FNDA:0,(anonymous_7)
FNDA:0,(anonymous_8)
FNDA:0,(anonymous_9)
FNDA:0,(anonymous_10)
FNDA:0,(anonymous_11)
DA:4,6
DA:18,6
DA:26,6
DA:35,6
DA:40,6
DA:42,6
DA:51,6
DA:58,6
DA:63,0
DA:69,6
DA:76,0
DA:79,0
DA:88,6
DA:98,6
DA:111,0
DA:125,6
DA:129,0
DA:134,0
DA:141,6
DA:145,0
DA:146,0
DA:147,0
DA:152,0
DA:158,6
DA:164,6
DA:174,6
DA:199,0
DA:204,6
DA:209,0
DA:218,6
LF:30
LH:18
BRF:0
BRH:0
end_of_record
TN:
SF:lib/db/seed.ts
FN:123,(anonymous_10)
FN:212,(anonymous_11)
FN:249,randomDateInRange
FN:260,seedDatabase
FN:344,(anonymous_14)
FN:348,(anonymous_15)
FN:419,(anonymous_16)
FN:421,(anonymous_17)
FN:444,(anonymous_18)
FN:468,(anonymous_19)
FN:495,(anonymous_20)
FN:513,createStockBlueprints
FN:576,(anonymous_22)
FN:670,(anonymous_23)
FN:714,(anonymous_24)
FNF:15
FNH:0
FNDA:0,(anonymous_10)
FNDA:0,(anonymous_11)
FNDA:0,randomDateInRange
FNDA:0,seedDatabase
FNDA:0,(anonymous_14)
FNDA:0,(anonymous_15)
FNDA:0,(anonymous_16)
FNDA:0,(anonymous_17)
FNDA:0,(anonymous_18)
FNDA:0,(anonymous_19)
FNDA:0,(anonymous_20)
FNDA:0,createStockBlueprints
FNDA:0,(anonymous_22)
FNDA:0,(anonymous_23)
FNDA:0,(anonymous_24)
DA:7,0
DA:8,0
DA:9,0
DA:10,0
DA:11,0
DA:12,0
DA:22,0
DA:33,0
DA:34,0
DA:37,0
DA:39,0
DA:40,0
DA:41,0
DA:44,0
DA:45,0
DA:48,0
DA:62,0
DA:76,0
DA:95,0
DA:104,0
DA:123,0
DA:124,0
DA:125,0
DA:126,0
DA:132,0
DA:148,0
DA:212,0
DA:213,0
DA:214,0
DA:241,0
DA:250,0
DA:251,0
DA:252,0
DA:253,0
DA:254,0
DA:256,0
DA:257,0
DA:262,0
DA:263,0
DA:265,0
DA:266,0
DA:267,0
DA:268,0
DA:269,0
DA:270,0
DA:271,0
DA:273,0
DA:276,0
DA:277,0
DA:282,0
DA:284,0
DA:289,0
DA:291,0
DA:292,0
DA:293,0
DA:294,0
DA:295,0
DA:298,0
DA:303,0
DA:305,0
DA:320,0
DA:335,0
DA:340,0
DA:341,0
DA:342,0
DA:344,0
DA:348,0
DA:353,0
DA:354,0
DA:355,0
DA:366,0
DA:369,0
DA:370,0
DA:372,0
DA:375,0
DA:377,0
DA:379,0
DA:380,0
DA:381,0
DA:383,0
DA:385,0
DA:386,0
DA:387,0
DA:389,0
DA:390,0
DA:402,0
DA:403,0
DA:404,0
DA:409,0
DA:411,0
DA:414,0
DA:415,0
DA:419,0
DA:420,0
DA:421,0
DA:422,0
DA:428,0
DA:429,0
DA:430,0
DA:431,0
DA:433,0
DA:440,0
DA:441,0
DA:443,0
DA:444,0
DA:446,0
DA:447,0
DA:449,0
DA:450,0
DA:452,0
DA:462,0
DA:463,0
DA:464,0
DA:465,0
DA:466,0
DA:468,0
DA:471,0
DA:474,0
DA:475,0
DA:480,0
DA:487,0
DA:488,0
DA:493,0
DA:494,0
DA:495,0
DA:496,0
DA:501,0
DA:509,0
DA:510,0
DA:511,0
DA:512,0
DA:517,0
DA:518,0
DA:519,0
DA:520,0
DA:525,0
DA:526,0
DA:527,0
DA:528,0
DA:529,0
DA:537,0
DA:538,0
DA:539,0
DA:548,0
DA:550,0
DA:551,0
DA:552,0
DA:556,0
DA:557,0
DA:562,0
DA:563,0
DA:566,0
DA:569,0
DA:572,0
DA:573,0
DA:576,0
DA:580,0
DA:588,0
DA:589,0
DA:590,0
DA:591,0
DA:600,0
DA:601,0
DA:602,0
DA:603,0
DA:604,0
DA:605,0
DA:606,0
DA:607,0
DA:608,0
DA:609,0
DA:610,0
DA:613,0
DA:616,0
DA:617,0
DA:620,0
DA:623,0
DA:625,0
DA:628,0
DA:630,0
DA:631,0
DA:632,0
DA:647,0
DA:660,0
DA:663,0
DA:670,0
DA:676,0
DA:680,0
DA:681,0
DA:682,0
DA:688,0
DA:690,0
DA:692,0
DA:696,0
DA:698,0
DA:699,0
DA:701,0
DA:706,0
DA:708,0
DA:709,0
DA:714,0
DA:715,0
DA:716,0
LF:203
LH:0
BRDA:40,0,0,0
BRDA:213,1,0,0
BRDA:241,2,0,0
BRDA:241,2,1,0
BRDA:249,3,0,0
BRDA:253,4,0,0
BRDA:276,5,0,0
BRDA:293,6,0,0
BRDA:293,6,1,0
BRDA:348,7,0,0
BRDA:348,7,1,0
BRDA:348,8,0,0
BRDA:348,8,1,0
BRDA:348,9,0,0
BRDA:348,9,1,0
BRDA:370,10,0,0
BRDA:370,10,1,0
BRDA:372,11,0,0
BRDA:372,11,1,0
BRDA:379,12,0,0
BRDA:380,13,0,0
BRDA:380,13,1,0
BRDA:383,14,0,0
BRDA:383,14,1,0
BRDA:385,15,0,0
BRDA:385,15,1,0
BRDA:441,16,0,0
BRDA:446,17,0,0
BRDA:446,17,1,0
BRDA:446,18,0,0
BRDA:446,18,1,0
BRDA:447,19,0,0
BRDA:447,20,0,0
BRDA:447,20,1,0
BRDA:449,21,0,0
BRDA:449,21,1,0
BRDA:452,22,0,0
BRDA:453,23,0,0
BRDA:453,23,1,0
BRDA:464,24,0,0
BRDA:464,24,1,0
BRDA:464,25,0,0
BRDA:464,25,1,0
BRDA:466,26,0,0
BRDA:466,26,1,0
BRDA:471,27,0,0
BRDA:471,27,1,0
BRDA:476,28,0,0
BRDA:476,28,1,0
BRDA:476,29,0,0
BRDA:476,29,1,0
BRDA:476,29,2,0
BRDA:477,30,0,0
BRDA:477,30,1,0
BRDA:488,31,0,0
BRDA:493,32,0,0
BRDA:493,32,1,0
BRDA:520,33,0,0
BRDA:526,34,0,0
BRDA:526,34,1,0
BRDA:537,35,0,0
BRDA:537,36,0,0
BRDA:537,36,1,0
BRDA:572,37,0,0
BRDA:572,38,0,0
BRDA:572,38,1,0
BRDA:572,38,2,0
BRDA:609,39,0,0
BRDA:609,39,1,0
BRDA:616,40,0,0
BRDA:616,40,1,0
BRDA:623,41,0,0
BRDA:623,41,1,0
BRDA:630,42,0,0
BRDA:630,42,1,0
BRDA:638,43,0,0
BRDA:638,43,1,0
BRDA:638,44,0,0
BRDA:638,44,1,0
BRDA:638,45,0,0
BRDA:638,45,1,0
BRDA:653,46,0,0
BRDA:653,46,1,0
BRDA:653,47,0,0
BRDA:653,47,1,0
BRDA:653,48,0,0
BRDA:653,48,1,0
BRDA:656,49,0,0
BRDA:656,49,1,0
BRDA:703,50,0,0
BRDA:703,50,1,0
BRF:91
BRH:0
end_of_record
TN:
SF:lib/db/utils.ts
FN:28,generateAssetNumber
FN:78,createAssetHistory
FN:132,getActiveAssets
FN:222,getAssetStatistics
FN:252,(anonymous_4)
FN:256,(anonymous_5)
FN:276,softDeleteAsset
FNF:7
FNH:0
FNDA:0,generateAssetNumber
FNDA:0,createAssetHistory
FNDA:0,getActiveAssets
FNDA:0,getAssetStatistics
FNDA:0,(anonymous_4)
FNDA:0,(anonymous_5)
FNDA:0,softDeleteAsset
DA:4,0
DA:5,0
DA:6,0
DA:12,0
DA:15,0
DA:28,0
DA:32,0
DA:33,0
DA:35,0
DA:38,0
DA:46,0
DA:47,0
DA:50,0
DA:53,0
DA:54,0
DA:58,0
DA:60,0
DA:65,0
DA:78,0
DA:87,0
DA:94,0
DA:95,0
DA:115,0
DA:116,0
DA:118,0
DA:123,0
DA:132,0
DA:141,0
DA:142,0
DA:143,0
DA:146,0
DA:147,0
DA:148,0
DA:161,0
DA:162,0
DA:175,0
DA:176,0
DA:179,0
DA:180,0
DA:181,0
DA:193,0
DA:199,0
DA:206,0
DA:207,0
DA:209,0
DA:214,0
DA:222,0
DA:224,0
DA:225,0
DA:226,0
DA:231,0
DA:240,0
DA:249,0
DA:250,0
DA:253,0
DA:254,0
DA:257,0
DA:258,0
DA:262,0
DA:267,0
DA:276,0
DA:281,0
DA:282,0
DA:283,0
DA:286,0
DA:292,0
DA:300,0
DA:302,0
DA:307,0
LF:69
LH:0
BRDA:46,0,0,0
BRDA:62,1,0,0
BRDA:62,1,1,0
BRDA:112,2,0,0
BRDA:112,2,1,0
BRDA:120,3,0,0
BRDA:120,3,1,0
BRDA:146,4,0,0
BRDA:147,5,0,0
BRDA:147,6,0,0
BRDA:147,6,1,0
BRDA:161,7,0,0
BRDA:161,8,0,0
BRDA:161,8,1,0
BRDA:175,9,0,0
BRDA:175,10,0,0
BRDA:175,10,1,0
BRDA:179,11,0,0
BRDA:199,12,0,0
BRDA:199,12,1,0
BRDA:199,13,0,0
BRDA:199,13,1,0
BRDA:199,14,0,0
BRDA:199,14,1,0
BRDA:199,15,0,0
BRDA:199,15,1,0
BRDA:199,16,0,0
BRDA:199,16,1,0
BRDA:199,17,0,0
BRDA:199,17,1,0
BRDA:201,18,0,0
BRDA:201,18,1,0
BRDA:201,19,0,0
BRDA:201,19,1,0
BRDA:201,20,0,0
BRDA:201,20,1,0
BRDA:203,21,0,0
BRDA:203,21,1,0
BRDA:203,22,0,0
BRDA:203,22,1,0
BRDA:203,23,0,0
BRDA:203,23,1,0
BRDA:211,24,0,0
BRDA:211,24,1,0
BRDA:251,25,0,0
BRDA:251,25,1,0
BRDA:251,26,0,0
BRDA:251,26,1,0
BRDA:251,27,0,0
BRDA:251,27,1,0
BRDA:264,28,0,0
BRDA:264,28,1,0
BRDA:304,29,0,0
BRDA:304,29,1,0
BRF:54
BRH:0
end_of_record
TN:
SF:lib/server/exportUtils.ts
FN:29,generateTableReportHTML
FN:41,(anonymous_1)
FN:47,(anonymous_2)
FN:52,(anonymous_3)
FN:55,(anonymous_4)
FN:113,generateTableCSV
FN:115,escapeCSV
FN:123,(anonymous_7)
FN:125,(anonymous_8)
FN:126,(anonymous_9)
FN:138,generateTableCSVStream
FN:143,(anonymous_11)
FN:154,generatePDFViaBrowserless
FNF:13
FNH:11
FNDA:7,generateTableReportHTML
FNDA:2,(anonymous_1)
FNDA:21,(anonymous_2)
FNDA:17,(anonymous_3)
FNDA:51,(anonymous_4)
FNDA:6,generateTableCSV
FNDA:39,escapeCSV
FNDA:18,(anonymous_7)
FNDA:7,(anonymous_8)
FNDA:21,(anonymous_9)
FNDA:0,generateTableCSVStream
FNDA:0,(anonymous_11)
FNDA:4,generatePDFViaBrowserless
DA:5,1
DA:29,1
DA:36,7
DA:37,7
DA:38,1
DA:41,2
DA:46,7
DA:47,21
DA:50,7
DA:53,17
DA:55,51
DA:61,7
DA:113,1
DA:116,39
DA:117,37
DA:118,37
DA:119,36
DA:120,34
DA:123,18
DA:125,6
DA:126,21
DA:128,6
DA:138,1
DA:143,0
DA:144,0
DA:146,0
DA:147,0
DA:149,0
DA:150,0
DA:154,1
DA:155,4
DA:156,4
DA:157,1
DA:159,3
DA:167,2
DA:168,1
DA:169,1
DA:171,1
LF:38
LH:32
BRDA:37,0,0,1
BRDA:37,1,0,7
BRDA:37,1,1,2
BRDA:41,2,0,2
BRDA:41,2,1,0
BRDA:53,3,0,11
BRDA:53,3,1,6
BRDA:55,4,0,49
BRDA:55,4,1,2
BRDA:55,5,0,51
BRDA:55,5,1,50
BRDA:116,6,0,2
BRDA:118,7,0,1
BRDA:119,8,0,2
BRDA:156,9,0,1
BRDA:167,10,0,1
BRF:16
BRH:15
end_of_record
